#
# A fatal error has been detected by the Java Runtime Environment:
#
#  SIGSEGV (0xb) at pc=0x00007fffc134305d, pid=509, tid=775
#
# JRE version: OpenJDK Runtime Environment (Zulu11.33+15-CA) (11.0.4+11) (build 11.0.4+11-LTS)
# Java VM: OpenJDK 64-Bit Server VM (11.0.4+11-LTS, mixed mode, tiered, compressed oops, g1 gc, bsd-amd64)
# Problematic frame:
# C  [libobjc.A.dylib+0x705d]  objc_msgSend+0x1d
#
# No core dump will be written. Core dumps have been disabled. To enable core dumping, try "ulimit -c unlimited" before starting Java again
#
# If you would like to submit a bug report, please visit:
#   http://www.azulsystems.com/support/
# The crash happened outside the Java Virtual Machine in native code.
# See problematic frame for where to report the bug.
#

---------------  S U M M A R Y ------------

Command Line: -Xmx2048M -Xss2M -XX:ErrorFile=/dev/null 

Host: MacBookAir7,2 x86_64 1600 MHz, 4 cores, 8G, Darwin 16.7.0
Time: Sun Oct 27 23:55:50 2019 EDT elapsed time: 4917 seconds (0d 1h 21m 57s)

---------------  T H R E A D  ---------------

Current thread (0x00007f8980bb5000):  JavaThread "AppKit Thread" daemon [_thread_in_native, id=775, stack(0x00007fff53ccc000,0x00007fff544cc000)]

Stack: [0x00007fff53ccc000,0x00007fff544cc000],  sp=0x00007fff544c7a58,  free space=8174k
Native frames: (J=compiled Java code, A=aot compiled Java code, j=interpreted, Vv=VM code, C=native code)
C  [libobjc.A.dylib+0x705d]  objc_msgSend+0x1d
C  [StataSE+0x46c469]
[error occurred during error reporting (printing native stack), id 0xe0000000, Internal Error (/Users/tester/jenkins/workspace/zulu11-build-macos/zulu-src/src/hotspot/os/bsd/decoder_machO.hpp:43)]


siginfo: si_signo: 11 (SIGSEGV), si_code: 1 (SEGV_MAPERR), si_addr: 0x0000000900000020

Register to memory mapping:

RAX=0x00000000000000b8 is an unknown value
RBX=0x00007f8983a0be10 points into unknown readable memory: 71 ce 30 00 00 e0 3d 02
RCX=0x000000000009901f is an unknown value
RDX=0x00007f8983a0be10 points into unknown readable memory: 71 ce 30 00 00 e0 3d 02
RSP=0x00007fff544c7a58 is pointing into the stack for thread: 0x00007f8980bb5000
RBP=0x00007fff544c7ac0 is pointing into the stack for thread: 0x00007f8980bb5000
RSI=0x00007fffaac4d829: __NSStyleNameIndexTable+0x100471 in /System/Library/Frameworks/AppKit.framework/Versions/C/AppKit at 0x00007fffa9f60000
RDI=0x00007f8983a64410 points into unknown readable memory: 08 00 00 00 09 00 00 00
R8 =64 is a compressed pointer to class: 0x0000000800000040
R9 =0x00006080000cf678 points into unknown readable memory: 00 00 00 00 00 00 00 00
R10=0x0000000900000008 is an unknown value
R11=0x00007fffaac4d829: __NSStyleNameIndexTable+0x100471 in /System/Library/Frameworks/AppKit.framework/Versions/C/AppKit at 0x00007fffa9f60000
R12=0x0000000000000108 is an unknown value
R13=0x0 is NULL
R14=0x000060000030a4d0 points into unknown readable memory: ad be 0b 94 31 f1 dd ba
R15=0x00007fffc1343040: objc_msgSend+0 in /usr/lib/libobjc.A.dylib at 0x00007fffc133c000


Registers:
RAX=0x00000000000000b8, RBX=0x00007f8983a0be10, RCX=0x000000000009901f, RDX=0x00007f8983a0be10
RSP=0x00007fff544c7a58, RBP=0x00007fff544c7ac0, RSI=0x00007fffaac4d829, RDI=0x00007f8983a64410
R8 =0x0000000000000040, R9 =0x00006080000cf678, R10=0x0000000900000008, R11=0x00007fffaac4d829
R12=0x0000000000000108, R13=0x0000000000000000, R14=0x000060000030a4d0, R15=0x00007fffc1343040
RIP=0x00007fffc134305d, EFLAGS=0x0000000000010202, ERR=0x0000000000000004
  TRAPNO=0x000000000000000e

Top of Stack: (sp=0x00007fff544c7a58)
0x00007fff544c7a58:   00007fffaa2d04ce 0000000000000000
0x00007fff544c7a68:   0000000000000000 6c63222072657355
0x00007fff544c7a78:   746361202265736f 00007fffc6c0a980
0x00007fff544c7a88:   00006000005e5c00 0000000000000000
0x00007fff544c7a98:   000060000030a4d0 00007fffc1343040
0x00007fff544c7aa8:   0000600000346930 0000600000348140
0x00007fff544c7ab8:   00007fffc1343040 00007fff544c7b00
0x00007fff544c7ac8:   000000010bba0469 0000000000000000
0x00007fff544c7ad8:   00007fffc1343040 00007fffc1343040
0x00007fff544c7ae8:   00007fffc1343040 00007fffaabc7fd8
0x00007fff544c7af8:   0000600000348140 00007fff544c7b40
0x00007fff544c7b08:   000000010bba093e 0000600000346930
0x00007fff544c7b18:   0000600000348140 0000000000000038
0x00007fff544c7b28:   00007fffc1343040 00007fffc1343040
0x00007fff544c7b38:   00007fffaabc51e6 00007fff544c7b90
0x00007fff544c7b48:   000000010bba104c 00007fff544c7b70
0x00007fff544c7b58:   00007fffc13489e4 000060000144aec0
0x00007fff544c7b68:   00007fffaac0f6e5 00007fff544c7b90
0x00007fff544c7b78:   00007fffa9ffaf73 000060000144aec0
0x00007fff544c7b88:   00007fffaac0f6e5 00007fff544c7bc0
0x00007fff544c7b98:   00007fffaa2cc90a 000060000144aec0
0x00007fff544c7ba8:   0000600000346930 000060000144aec0
0x00007fff544c7bb8:   0000600000346930 00007fff544c7be0
0x00007fff544c7bc8:   00007fffaa30e6b1 0000000000000000
0x00007fff544c7bd8:   00007fff544c7eb8 00007fff544c7e10
0x00007fff544c7be8:   00007fffaa30cfe9 00007fffc1343040
0x00007fff544c7bf8:   0000000000000000 00007fffc74d9c30
0x00007fff544c7c08:   0000000000000000 00007fff544c7c30
0x00007fff544c7c18:   00007fffac42cf4f 00007fffc1343040
0x00007fff544c7c28:   00007fffaac00349 00007fffc6bf9bc0
0x00007fff544c7c38:   00007fffac5a2b71 0000600000851390
0x00007fff544c7c48:   0000000000000000 00006000006f1d80 

Instructions: (pc=0x00007fffc134305d)
0x00007fffc1342f5d:   b7 81 00 00 48 89 f8 5d c3 48 8d 05 fb a5 75 09
0x00007fffc1342f6d:   48 8b 30 5d e9 ca 00 00 00 31 f6 5d e9 2e 79 00
0x00007fffc1342f7d:   00 90 90 31 c0 31 d2 0f 57 c0 0f 57 c9 c3 90 d9
0x00007fffc1342f8d:   ee 31 c0 31 d2 0f 57 c0 0f 57 c9 c3 0f 1f 00 d9
0x00007fffc1342f9d:   ee d9 ee 31 c0 31 d2 0f 57 c0 0f 57 c9 c3 90 48
0x00007fffc1342fad:   89 f8 c3 49 89 fa 49 89 f3 45 23 5a 18 49 c1 e3
0x00007fffc1342fbd:   04 4d 03 5a 10 49 3b 33 75 05 49 8b 43 08 c3 49
0x00007fffc1342fcd:   83 3b 01 76 0e 49 83 c3 10 49 3b 33 75 f1 49 8b
0x00007fffc1342fdd:   43 08 c3 72 1c 4d 8b 5b 08 eb 0a 49 83 3b 01 76
0x00007fffc1342fed:   0e 49 83 c3 10 49 3b 33 75 f1 49 8b 43 08 c3 eb
0x00007fffc1342ffd:   00 31 c0 c3 66 66 66 66 66 66 2e 0f 1f 84 00 00
0x00007fffc134300d:   00 00 00 66 66 66 66 66 66 2e 0f 1f 84 00 00 00
0x00007fffc134301d:   00 00 66 66 66 66 66 66 2e 0f 1f 84 00 00 00 00
0x00007fffc134302d:   00 66 66 66 66 66 66 2e 0f 1f 84 00 00 00 00 00
0x00007fffc134303d:   0f 1f 00 48 85 ff 2e 74 62 40 f6 c7 01 2e 75 66
0x00007fffc134304d:   49 ba f8 ff ff ff ff 7f 00 00 4c 23 17 49 89 f3
0x00007fffc134305d:   45 23 5a 18 49 c1 e3 04 4d 03 5a 10 49 3b 33 75
0x00007fffc134306d:   04 41 ff 63 08 49 83 3b 01 76 0d 49 83 c3 10 49
0x00007fffc134307d:   3b 33 75 f1 41 ff 63 08 72 64 4d 8b 5b 08 eb 0a
0x00007fffc134308d:   49 83 3b 01 76 0d 49 83 c3 10 49 3b 33 75 f1 41
0x00007fffc134309d:   ff 63 08 eb 49 66 0f 1f 44 00 00 31 c0 31 d2 0f
0x00007fffc13430ad:   57 c0 0f 57 c9 c3 41 89 fb 41 83 e3 0f 41 83 fb
0x00007fffc13430bd:   0f 74 0d 4c 8d 15 69 35 6a 09 4f 8b 14 da eb 8d
0x00007fffc13430cd:   41 89 fb 41 c1 eb 04 41 81 e3 ff 00 00 00 4c 8d
0x00007fffc13430dd:   15 ce 35 6a 09 4f 8b 14 da e9 6f ff ff ff e9 a0
0x00007fffc13430ed:   09 00 00 66 66 66 66 66 66 2e 0f 1f 84 00 00 00
0x00007fffc13430fd:   00 00 90 48 85 ff 2e 74 62 40 f6 c7 01 2e 75 63
0x00007fffc134310d:   49 ba f8 ff ff ff ff 7f 00 00 4c 23 17 49 89 f3
0x00007fffc134311d:   45 23 5a 18 49 c1 e3 04 4d 03 5a 10 49 3b 33 75
0x00007fffc134312d:   05 4d 8b 5b 08 c3 49 83 3b 01 76 0e 49 83 c3 10
0x00007fffc134313d:   49 3b 33 75 f1 4d 8b 5b 08 c3 72 5f 4d 8b 5b 08
0x00007fffc134314d:   eb 0a 49 83 3b 01 76 0e 49 83 c3 10 49 3b 33 75 


Stack slot to memory mapping:
stack at sp + 0 slots: 0x00007fffaa2d04ce: -[NSTabView removeTabViewItem:]+0x2e6 in /System/Library/Frameworks/AppKit.framework/Versions/C/AppKit at 0x00007fffa9f60000
stack at sp + 1 slots: 0x0 is NULL
stack at sp + 2 slots: 0x0 is NULL
stack at sp + 3 slots: 0x6c63222072657355 is an unknown value
stack at sp + 4 slots: 0x746361202265736f is an unknown value
stack at sp + 5 slots: 0x00007fffc6c0a980: __block_descriptor_tmp.3414+0 in /System/Library/Frameworks/AppKit.framework/Versions/C/AppKit at 0x00007fffa9f60000
stack at sp + 6 slots: 0x00006000005e5c00 points into unknown readable memory: 83 c1 10 00 00 e0 3d 00
stack at sp + 7 slots: 0x0 is NULL


---------------  P R O C E S S  ---------------

Threads class SMR info:
_java_thread_list=0x00006000008340c0, length=13, elements={
0x00007f897c9c3000, 0x00007f897e00b000, 0x00007f897d011800, 0x00007f897d029800,
0x00007f897db9a000, 0x00007f897db9d000, 0x00007f897db84000, 0x00007f897d9d0000,
0x00007f897e060000, 0x00007f8980bb5000, 0x00007f8980bb6000, 0x00007f8980d41800,
0x00007f89828ff800
}

Java Threads: ( => current thread )
  0x00007f897c9c3000 JavaThread "main" [_thread_in_native, id=4867, stack(0x00007000071d6000,0x0000700007256000)]
  0x00007f897e00b000 JavaThread "Reference Handler" daemon [_thread_blocked, id=50707, stack(0x0000700007afa000,0x0000700007cfa000)]
  0x00007f897d011800 JavaThread "Finalizer" daemon [_thread_blocked, id=51715, stack(0x0000700007cfd000,0x0000700007efd000)]
  0x00007f897d029800 JavaThread "Signal Dispatcher" daemon [_thread_blocked, id=58627, stack(0x0000700007f83000,0x0000700008183000)]
  0x00007f897db9a000 JavaThread "C2 CompilerThread0" daemon [_thread_blocked, id=59395, stack(0x0000700008186000,0x0000700008286000)]
  0x00007f897db9d000 JavaThread "C1 CompilerThread0" daemon [_thread_blocked, id=60163, stack(0x0000700008289000,0x0000700008389000)]
  0x00007f897db84000 JavaThread "Sweeper thread" daemon [_thread_blocked, id=60931, stack(0x000070000838c000,0x000070000858c000)]
  0x00007f897d9d0000 JavaThread "Service Thread" daemon [_thread_blocked, id=62263, stack(0x000070000858f000,0x000070000878f000)]
  0x00007f897e060000 JavaThread "Common-Cleaner" daemon [_thread_blocked, id=63491, stack(0x0000700008895000,0x0000700008a95000)]
=>0x00007f8980bb5000 JavaThread "AppKit Thread" daemon [_thread_in_native, id=775, stack(0x00007fff53ccc000,0x00007fff544cc000)]
  0x00007f8980bb6000 JavaThread "Java2D Queue Flusher" daemon [_thread_blocked, id=42671, stack(0x00007000093ad000,0x00007000095ad000)]
  0x00007f8980d41800 JavaThread "Java2D Disposer" daemon [_thread_blocked, id=74243, stack(0x00007000095b0000,0x00007000097b0000)]
  0x00007f89828ff800 JavaThread "TimerQueue" daemon [_thread_blocked, id=75011, stack(0x00007000097b3000,0x00007000099b3000)]

Other Threads:
  0x00007f897db7d800 VMThread "VM Thread" [stack: 0x00007000079f7000,0x0000700007af7000] [id=50183]
  0x00007f897e063000 WatcherThread [stack: 0x0000700008792000,0x0000700008892000] [id=62723]
  0x00007f897d88f800 GCTaskThread "GC Thread#0" [stack: 0x00007000074e8000,0x00007000075e8000] [id=46595]
  0x00007f897dcda000 GCTaskThread "GC Thread#1" [stack: 0x0000700008d9e000,0x0000700008e9e000] [id=70367]
  0x00007f897dc16800 GCTaskThread "GC Thread#2" [stack: 0x0000700008ea1000,0x0000700008fa1000] [id=70415]
  0x00007f897dcc2800 GCTaskThread "GC Thread#3" [stack: 0x0000700008fa4000,0x00007000090a4000] [id=70915]
  0x00007f897d872800 ConcurrentGCThread "G1 Main Marker" [stack: 0x00007000075eb000,0x00007000076eb000] [id=47111]
  0x00007f897d873800 ConcurrentGCThread "G1 Conc#0" [stack: 0x00007000076ee000,0x00007000077ee000] [id=48131]
  0x00007f897db3d800 ConcurrentGCThread "G1 Refine#0" [stack: 0x00007000077f1000,0x00007000078f1000] [id=48663]
  0x00007f8980b30000 ConcurrentGCThread "G1 Refine#1" [stack: 0x00007000090a7000,0x00007000091a7000] [id=71435]
  0x00007f897db3e000 ConcurrentGCThread "G1 Young RemSet Sampling" [stack: 0x00007000078f4000,0x00007000079f4000] [id=49155]

Threads with active compile tasks:

VM state:not at safepoint (normal execution)

VM Mutex/Monitor currently owned by a thread: None

Heap address: 0x0000000780000000, size: 2048 MB, Compressed Oops mode: Zero based, Oop shift amount: 3
Narrow klass base: 0x0000000800000000, Narrow klass shift: 0
Compressed class space size: 1073741824 Address: 0x0000000800000000

Heap:
 garbage-first heap   total 131072K, used 51142K [0x0000000780000000, 0x0000000800000000)
  region size 1024K, 36 young (36864K), 9 survivors (9216K)
 Metaspace       used 30558K, capacity 31391K, committed 31744K, reserved 1077248K
  class space    used 3739K, capacity 4080K, committed 4096K, reserved 1048576K
Heap Regions: E=young(eden), S=young(survivor), O=old, HS=humongous(starts), HC=humongous(continues), CS=collection set, F=free, A=archive, TAMS=top-at-mark-start (previous, next)
|   0|0x0000000780000000, 0x0000000780100000, 0x0000000780100000|100%|HS|  |TAMS 0x0000000780100000, 0x0000000780000000| Complete 
|   1|0x0000000780100000, 0x0000000780200000, 0x0000000780200000|100%| O|  |TAMS 0x0000000780200000, 0x0000000780100000| Untracked 
|   2|0x0000000780200000, 0x0000000780300000, 0x0000000780300000|100%|HS|  |TAMS 0x0000000780300000, 0x0000000780200000| Complete 
|   3|0x0000000780300000, 0x0000000780400000, 0x0000000780400000|100%|HC|  |TAMS 0x0000000780400000, 0x0000000780300000| Complete 
|   4|0x0000000780400000, 0x0000000780500000, 0x0000000780500000|100%| O|  |TAMS 0x0000000780500000, 0x0000000780400000| Untracked 
|   5|0x0000000780500000, 0x0000000780600000, 0x0000000780600000|100%| O|  |TAMS 0x0000000780600000, 0x0000000780500000| Untracked 
|   6|0x0000000780600000, 0x0000000780700000, 0x0000000780700000|100%| O|  |TAMS 0x00000007806bc400, 0x0000000780600000| Untracked 
|   7|0x0000000780700000, 0x0000000780800000, 0x0000000780800000|100%| O|  |TAMS 0x0000000780700000, 0x0000000780700000| Untracked 
|   8|0x0000000780800000, 0x0000000780800000, 0x0000000780900000|  0%| F|  |TAMS 0x0000000780800000, 0x0000000780800000| Untracked 
|   9|0x0000000780900000, 0x0000000780900000, 0x0000000780a00000|  0%| F|  |TAMS 0x0000000780900000, 0x0000000780900000| Untracked 
|  10|0x0000000780a00000, 0x0000000780a00000, 0x0000000780b00000|  0%| F|  |TAMS 0x0000000780a00000, 0x0000000780a00000| Untracked 
|  11|0x0000000780b00000, 0x0000000780b00000, 0x0000000780c00000|  0%| F|  |TAMS 0x0000000780b00000, 0x0000000780b00000| Untracked 
|  12|0x0000000780c00000, 0x0000000780c00000, 0x0000000780d00000|  0%| F|  |TAMS 0x0000000780c00000, 0x0000000780c00000| Untracked 
|  13|0x0000000780d00000, 0x0000000780d00000, 0x0000000780e00000|  0%| F|  |TAMS 0x0000000780d00000, 0x0000000780d00000| Untracked 
|  14|0x0000000780e00000, 0x0000000780e00000, 0x0000000780f00000|  0%| F|  |TAMS 0x0000000780e00000, 0x0000000780e00000| Untracked 
|  15|0x0000000780f00000, 0x0000000780f00000, 0x0000000781000000|  0%| F|  |TAMS 0x0000000780f00000, 0x0000000780f00000| Untracked 
|  16|0x0000000781000000, 0x0000000781000000, 0x0000000781100000|  0%| F|  |TAMS 0x0000000781000000, 0x0000000781000000| Untracked 
|  17|0x0000000781100000, 0x0000000781100000, 0x0000000781200000|  0%| F|  |TAMS 0x0000000781100000, 0x0000000781100000| Untracked 
|  18|0x0000000781200000, 0x0000000781200000, 0x0000000781300000|  0%| F|  |TAMS 0x0000000781200000, 0x0000000781200000| Untracked 
|  19|0x0000000781300000, 0x0000000781300000, 0x0000000781400000|  0%| F|  |TAMS 0x0000000781300000, 0x0000000781300000| Untracked 
|  20|0x0000000781400000, 0x0000000781400000, 0x0000000781500000|  0%| F|  |TAMS 0x0000000781400000, 0x0000000781400000| Untracked 
|  21|0x0000000781500000, 0x0000000781500000, 0x0000000781600000|  0%| F|  |TAMS 0x0000000781500000, 0x0000000781500000| Untracked 
|  22|0x0000000781600000, 0x0000000781600000, 0x0000000781700000|  0%| F|  |TAMS 0x0000000781600000, 0x0000000781600000| Untracked 
|  23|0x0000000781700000, 0x0000000781700000, 0x0000000781800000|  0%| F|  |TAMS 0x0000000781700000, 0x0000000781700000| Untracked 
|  24|0x0000000781800000, 0x0000000781800000, 0x0000000781900000|  0%| F|  |TAMS 0x0000000781800000, 0x0000000781800000| Untracked 
|  25|0x0000000781900000, 0x0000000781900000, 0x0000000781a00000|  0%| F|  |TAMS 0x0000000781900000, 0x0000000781900000| Untracked 
|  26|0x0000000781a00000, 0x0000000781a00000, 0x0000000781b00000|  0%| F|  |TAMS 0x0000000781a00000, 0x0000000781a00000| Untracked 
|  27|0x0000000781b00000, 0x0000000781b00000, 0x0000000781c00000|  0%| F|  |TAMS 0x0000000781b00000, 0x0000000781b00000| Untracked 
|  28|0x0000000781c00000, 0x0000000781d00000, 0x0000000781d00000|100%|HS|  |TAMS 0x0000000781c00000, 0x0000000781c00000| Complete 
|  29|0x0000000781d00000, 0x0000000781e00000, 0x0000000781e00000|100%|HC|  |TAMS 0x0000000781d00000, 0x0000000781d00000| Complete 
|  30|0x0000000781e00000, 0x0000000781f00000, 0x0000000781f00000|100%|HC|  |TAMS 0x0000000781e00000, 0x0000000781e00000| Complete 
|  31|0x0000000781f00000, 0x0000000782000000, 0x0000000782000000|100%|HC|  |TAMS 0x0000000781f00000, 0x0000000781f00000| Complete 
|  32|0x0000000782000000, 0x0000000782100000, 0x0000000782100000|100%|HC|  |TAMS 0x0000000782000000, 0x0000000782000000| Complete 
|  33|0x0000000782100000, 0x0000000782200000, 0x0000000782200000|100%| O|  |TAMS 0x0000000782100000, 0x0000000782100000| Untracked 
|  34|0x0000000782200000, 0x0000000782300000, 0x0000000782300000|100%| O|  |TAMS 0x0000000782200000, 0x0000000782200000| Untracked 
|  35|0x0000000782300000, 0x0000000782303e00, 0x0000000782400000|  1%| O|  |TAMS 0x0000000782300000, 0x0000000782300000| Untracked 
|  36|0x0000000782400000, 0x0000000782400000, 0x0000000782500000|  0%| F|  |TAMS 0x0000000782400000, 0x0000000782400000| Untracked 
|  37|0x0000000782500000, 0x0000000782500000, 0x0000000782600000|  0%| F|  |TAMS 0x0000000782500000, 0x0000000782500000| Untracked 
|  38|0x0000000782600000, 0x0000000782600000, 0x0000000782700000|  0%| F|  |TAMS 0x0000000782600000, 0x0000000782600000| Untracked 
|  39|0x0000000782700000, 0x0000000782700000, 0x0000000782800000|  0%| F|  |TAMS 0x0000000782700000, 0x0000000782700000| Untracked 
|  40|0x0000000782800000, 0x0000000782800000, 0x0000000782900000|  0%| F|  |TAMS 0x0000000782800000, 0x0000000782800000| Untracked 
|  41|0x0000000782900000, 0x0000000782900000, 0x0000000782a00000|  0%| F|  |TAMS 0x0000000782900000, 0x0000000782900000| Untracked 
|  42|0x0000000782a00000, 0x0000000782a00000, 0x0000000782b00000|  0%| F|  |TAMS 0x0000000782a00000, 0x0000000782a00000| Untracked 
|  43|0x0000000782b00000, 0x0000000782b00000, 0x0000000782c00000|  0%| F|  |TAMS 0x0000000782b00000, 0x0000000782b00000| Untracked 
|  44|0x0000000782c00000, 0x0000000782c00000, 0x0000000782d00000|  0%| F|  |TAMS 0x0000000782c00000, 0x0000000782c00000| Untracked 
|  45|0x0000000782d00000, 0x0000000782d00000, 0x0000000782e00000|  0%| F|  |TAMS 0x0000000782d00000, 0x0000000782d00000| Untracked 
|  46|0x0000000782e00000, 0x0000000782e00000, 0x0000000782f00000|  0%| F|  |TAMS 0x0000000782e00000, 0x0000000782e00000| Untracked 
|  47|0x0000000782f00000, 0x0000000782f00000, 0x0000000783000000|  0%| F|  |TAMS 0x0000000782f00000, 0x0000000782f00000| Untracked 
|  48|0x0000000783000000, 0x00000007830edac0, 0x0000000783100000| 92%| S|CS|TAMS 0x0000000783000000, 0x0000000783000000| Complete 
|  49|0x0000000783100000, 0x0000000783200000, 0x0000000783200000|100%| S|CS|TAMS 0x0000000783100000, 0x0000000783100000| Complete 
|  50|0x0000000783200000, 0x0000000783300000, 0x0000000783300000|100%| S|CS|TAMS 0x0000000783200000, 0x0000000783200000| Complete 
|  51|0x0000000783300000, 0x0000000783400000, 0x0000000783400000|100%| S|CS|TAMS 0x0000000783300000, 0x0000000783300000| Complete 
|  52|0x0000000783400000, 0x0000000783500000, 0x0000000783500000|100%| S|CS|TAMS 0x0000000783400000, 0x0000000783400000| Complete 
|  53|0x0000000783500000, 0x0000000783600000, 0x0000000783600000|100%| S|CS|TAMS 0x0000000783500000, 0x0000000783500000| Complete 
|  54|0x0000000783600000, 0x0000000783700000, 0x0000000783700000|100%| S|CS|TAMS 0x0000000783600000, 0x0000000783600000| Complete 
|  55|0x0000000783700000, 0x0000000783800000, 0x0000000783800000|100%| S|CS|TAMS 0x0000000783700000, 0x0000000783700000| Complete 
|  56|0x0000000783800000, 0x0000000783900000, 0x0000000783900000|100%| S|CS|TAMS 0x0000000783800000, 0x0000000783800000| Complete 
|  57|0x0000000783900000, 0x0000000783900000, 0x0000000783a00000|  0%| F|  |TAMS 0x0000000783900000, 0x0000000783900000| Untracked 
|  58|0x0000000783a00000, 0x0000000783a00000, 0x0000000783b00000|  0%| F|  |TAMS 0x0000000783a00000, 0x0000000783a00000| Untracked 
|  59|0x0000000783b00000, 0x0000000783b00000, 0x0000000783c00000|  0%| F|  |TAMS 0x0000000783b00000, 0x0000000783b00000| Untracked 
|  60|0x0000000783c00000, 0x0000000783c00000, 0x0000000783d00000|  0%| F|  |TAMS 0x0000000783c00000, 0x0000000783c00000| Untracked 
|  61|0x0000000783d00000, 0x0000000783d00000, 0x0000000783e00000|  0%| F|  |TAMS 0x0000000783d00000, 0x0000000783d00000| Untracked 
|  62|0x0000000783e00000, 0x0000000783e00000, 0x0000000783f00000|  0%| F|  |TAMS 0x0000000783e00000, 0x0000000783e00000| Untracked 
|  63|0x0000000783f00000, 0x0000000783f00000, 0x0000000784000000|  0%| F|  |TAMS 0x0000000783f00000, 0x0000000783f00000| Untracked 
|  64|0x0000000784000000, 0x0000000784000000, 0x0000000784100000|  0%| F|  |TAMS 0x0000000784000000, 0x0000000784000000| Untracked 
|  65|0x0000000784100000, 0x0000000784100000, 0x0000000784200000|  0%| F|  |TAMS 0x0000000784100000, 0x0000000784100000| Untracked 
|  66|0x0000000784200000, 0x0000000784200000, 0x0000000784300000|  0%| F|  |TAMS 0x0000000784200000, 0x0000000784200000| Untracked 
|  67|0x0000000784300000, 0x0000000784300000, 0x0000000784400000|  0%| F|  |TAMS 0x0000000784300000, 0x0000000784300000| Untracked 
|  68|0x0000000784400000, 0x0000000784400000, 0x0000000784500000|  0%| F|  |TAMS 0x0000000784400000, 0x0000000784400000| Untracked 
|  69|0x0000000784500000, 0x0000000784500000, 0x0000000784600000|  0%| F|  |TAMS 0x0000000784500000, 0x0000000784500000| Untracked 
|  70|0x0000000784600000, 0x0000000784600000, 0x0000000784700000|  0%| F|  |TAMS 0x0000000784600000, 0x0000000784600000| Untracked 
|  71|0x0000000784700000, 0x0000000784700000, 0x0000000784800000|  0%| F|  |TAMS 0x0000000784700000, 0x0000000784700000| Untracked 
|  72|0x0000000784800000, 0x0000000784800000, 0x0000000784900000|  0%| F|  |TAMS 0x0000000784800000, 0x0000000784800000| Untracked 
|  73|0x0000000784900000, 0x0000000784900000, 0x0000000784a00000|  0%| F|  |TAMS 0x0000000784900000, 0x0000000784900000| Untracked 
|  74|0x0000000784a00000, 0x0000000784a00000, 0x0000000784b00000|  0%| F|  |TAMS 0x0000000784a00000, 0x0000000784a00000| Untracked 
|  75|0x0000000784b00000, 0x0000000784b00000, 0x0000000784c00000|  0%| F|  |TAMS 0x0000000784b00000, 0x0000000784b00000| Untracked 
|  76|0x0000000784c00000, 0x0000000784c00000, 0x0000000784d00000|  0%| F|  |TAMS 0x0000000784c00000, 0x0000000784c00000| Untracked 
|  77|0x0000000784d00000, 0x0000000784d00000, 0x0000000784e00000|  0%| F|  |TAMS 0x0000000784d00000, 0x0000000784d00000| Untracked 
|  78|0x0000000784e00000, 0x0000000784e00000, 0x0000000784f00000|  0%| F|  |TAMS 0x0000000784e00000, 0x0000000784e00000| Untracked 
|  79|0x0000000784f00000, 0x0000000784f00000, 0x0000000785000000|  0%| F|  |TAMS 0x0000000784f00000, 0x0000000784f00000| Untracked 
|  80|0x0000000785000000, 0x0000000785000000, 0x0000000785100000|  0%| F|  |TAMS 0x0000000785000000, 0x0000000785000000| Untracked 
|  81|0x0000000785100000, 0x0000000785100000, 0x0000000785200000|  0%| F|  |TAMS 0x0000000785100000, 0x0000000785100000| Untracked 
|  82|0x0000000785200000, 0x0000000785200000, 0x0000000785300000|  0%| F|  |TAMS 0x0000000785200000, 0x0000000785200000| Untracked 
|  83|0x0000000785300000, 0x0000000785300000, 0x0000000785400000|  0%| F|  |TAMS 0x0000000785300000, 0x0000000785300000| Untracked 
|  84|0x0000000785400000, 0x0000000785400000, 0x0000000785500000|  0%| F|  |TAMS 0x0000000785400000, 0x0000000785400000| Untracked 
|  85|0x0000000785500000, 0x0000000785500000, 0x0000000785600000|  0%| F|  |TAMS 0x0000000785500000, 0x0000000785500000| Untracked 
|  86|0x0000000785600000, 0x0000000785600000, 0x0000000785700000|  0%| F|  |TAMS 0x0000000785600000, 0x0000000785600000| Untracked 
|  87|0x0000000785700000, 0x0000000785700000, 0x0000000785800000|  0%| F|  |TAMS 0x0000000785700000, 0x0000000785700000| Untracked 
|  88|0x0000000785800000, 0x0000000785800000, 0x0000000785900000|  0%| F|  |TAMS 0x0000000785800000, 0x0000000785800000| Untracked 
|  89|0x0000000785900000, 0x0000000785900000, 0x0000000785a00000|  0%| F|  |TAMS 0x0000000785900000, 0x0000000785900000| Untracked 
|  90|0x0000000785a00000, 0x0000000785a00000, 0x0000000785b00000|  0%| F|  |TAMS 0x0000000785a00000, 0x0000000785a00000| Untracked 
|  91|0x0000000785b00000, 0x0000000785b00000, 0x0000000785c00000|  0%| F|  |TAMS 0x0000000785b00000, 0x0000000785b00000| Untracked 
|  92|0x0000000785c00000, 0x0000000785c00000, 0x0000000785d00000|  0%| F|  |TAMS 0x0000000785c00000, 0x0000000785c00000| Untracked 
|  93|0x0000000785d00000, 0x0000000785d00000, 0x0000000785e00000|  0%| F|  |TAMS 0x0000000785d00000, 0x0000000785d00000| Untracked 
|  94|0x0000000785e00000, 0x0000000785e00000, 0x0000000785f00000|  0%| F|  |TAMS 0x0000000785e00000, 0x0000000785e00000| Untracked 
|  95|0x0000000785f00000, 0x0000000785f00000, 0x0000000786000000|  0%| F|  |TAMS 0x0000000785f00000, 0x0000000785f00000| Untracked 
|  96|0x0000000786000000, 0x0000000786000000, 0x0000000786100000|  0%| F|  |TAMS 0x0000000786000000, 0x0000000786000000| Untracked 
|  97|0x0000000786100000, 0x0000000786100000, 0x0000000786200000|  0%| F|  |TAMS 0x0000000786100000, 0x0000000786100000| Untracked 
|  98|0x0000000786200000, 0x0000000786200000, 0x0000000786300000|  0%| F|  |TAMS 0x0000000786200000, 0x0000000786200000| Untracked 
|  99|0x0000000786300000, 0x0000000786300000, 0x0000000786400000|  0%| F|  |TAMS 0x0000000786300000, 0x0000000786300000| Untracked 
| 100|0x0000000786400000, 0x0000000786400000, 0x0000000786500000|  0%| F|  |TAMS 0x0000000786400000, 0x0000000786400000| Untracked 
| 101|0x0000000786500000, 0x0000000786600000, 0x0000000786600000|100%| E|  |TAMS 0x0000000786500000, 0x0000000786500000| Complete 
| 102|0x0000000786600000, 0x0000000786700000, 0x0000000786700000|100%| E|CS|TAMS 0x0000000786600000, 0x0000000786600000| Complete 
| 103|0x0000000786700000, 0x0000000786800000, 0x0000000786800000|100%| E|CS|TAMS 0x0000000786700000, 0x0000000786700000| Complete 
| 104|0x0000000786800000, 0x0000000786900000, 0x0000000786900000|100%| E|CS|TAMS 0x0000000786800000, 0x0000000786800000| Complete 
| 105|0x0000000786900000, 0x0000000786a00000, 0x0000000786a00000|100%| E|CS|TAMS 0x0000000786900000, 0x0000000786900000| Complete 
| 106|0x0000000786a00000, 0x0000000786b00000, 0x0000000786b00000|100%| E|CS|TAMS 0x0000000786a00000, 0x0000000786a00000| Complete 
| 107|0x0000000786b00000, 0x0000000786c00000, 0x0000000786c00000|100%| E|CS|TAMS 0x0000000786b00000, 0x0000000786b00000| Complete 
| 108|0x0000000786c00000, 0x0000000786d00000, 0x0000000786d00000|100%| E|CS|TAMS 0x0000000786c00000, 0x0000000786c00000| Complete 
| 109|0x0000000786d00000, 0x0000000786e00000, 0x0000000786e00000|100%| E|CS|TAMS 0x0000000786d00000, 0x0000000786d00000| Complete 
| 110|0x0000000786e00000, 0x0000000786f00000, 0x0000000786f00000|100%| E|CS|TAMS 0x0000000786e00000, 0x0000000786e00000| Complete 
| 111|0x0000000786f00000, 0x0000000787000000, 0x0000000787000000|100%| E|CS|TAMS 0x0000000786f00000, 0x0000000786f00000| Complete 
| 112|0x0000000787000000, 0x0000000787100000, 0x0000000787100000|100%| E|CS|TAMS 0x0000000787000000, 0x0000000787000000| Complete 
| 113|0x0000000787100000, 0x0000000787200000, 0x0000000787200000|100%| E|CS|TAMS 0x0000000787100000, 0x0000000787100000| Complete 
| 114|0x0000000787200000, 0x0000000787300000, 0x0000000787300000|100%| E|CS|TAMS 0x0000000787200000, 0x0000000787200000| Complete 
| 115|0x0000000787300000, 0x0000000787400000, 0x0000000787400000|100%| E|CS|TAMS 0x0000000787300000, 0x0000000787300000| Complete 
| 116|0x0000000787400000, 0x0000000787500000, 0x0000000787500000|100%| E|CS|TAMS 0x0000000787400000, 0x0000000787400000| Complete 
| 117|0x0000000787500000, 0x0000000787600000, 0x0000000787600000|100%| E|CS|TAMS 0x0000000787500000, 0x0000000787500000| Complete 
| 118|0x0000000787600000, 0x0000000787700000, 0x0000000787700000|100%| E|CS|TAMS 0x0000000787600000, 0x0000000787600000| Complete 
| 119|0x0000000787700000, 0x0000000787800000, 0x0000000787800000|100%| E|CS|TAMS 0x0000000787700000, 0x0000000787700000| Complete 
| 120|0x0000000787800000, 0x0000000787900000, 0x0000000787900000|100%| E|CS|TAMS 0x0000000787800000, 0x0000000787800000| Complete 
| 121|0x0000000787900000, 0x0000000787a00000, 0x0000000787a00000|100%| E|CS|TAMS 0x0000000787900000, 0x0000000787900000| Complete 
| 122|0x0000000787a00000, 0x0000000787b00000, 0x0000000787b00000|100%| E|CS|TAMS 0x0000000787a00000, 0x0000000787a00000| Complete 
| 123|0x0000000787b00000, 0x0000000787c00000, 0x0000000787c00000|100%| E|CS|TAMS 0x0000000787b00000, 0x0000000787b00000| Complete 
| 124|0x0000000787c00000, 0x0000000787d00000, 0x0000000787d00000|100%| E|CS|TAMS 0x0000000787c00000, 0x0000000787c00000| Complete 
| 125|0x0000000787d00000, 0x0000000787e00000, 0x0000000787e00000|100%| E|CS|TAMS 0x0000000787d00000, 0x0000000787d00000| Complete 
| 126|0x0000000787e00000, 0x0000000787f00000, 0x0000000787f00000|100%| E|CS|TAMS 0x0000000787e00000, 0x0000000787e00000| Complete 
| 127|0x0000000787f00000, 0x0000000788000000, 0x0000000788000000|100%| E|CS|TAMS 0x0000000787f00000, 0x0000000787f00000| Complete 

Card table byte_map: [0x000000011a07e000,0x000000011a47e000] _byte_map_base: 0x000000011647e000

Marking Bits (Prev, Next): (CMBitMap*) 0x00007f897d92f450, (CMBitMap*) 0x00007f897d92f418
 Prev Bits: [0x0000000131911000, 0x0000000133911000)
 Next Bits: [0x000000011a87e000, 0x000000011c87e000)

Polling page: 0x0000000119330000

Metaspace:

Usage:
  Non-class:     26.67 MB capacity,    26.19 MB ( 98%) used,   421.21 KB (  2%) free+waste,    71.38 KB ( <1%) overhead. 
      Class:      3.98 MB capacity,     3.65 MB ( 92%) used,   304.01 KB (  7%) free+waste,    36.19 KB ( <1%) overhead. 
       Both:     30.66 MB capacity,    29.84 MB ( 97%) used,   725.22 KB (  2%) free+waste,   107.56 KB ( <1%) overhead. 

Virtual space:
  Non-class space:       28.00 MB reserved,      27.00 MB ( 96%) committed 
      Class space:        1.00 GB reserved,       4.00 MB ( <1%) committed 
             Both:        1.03 GB reserved,      31.00 MB (  3%) committed 

Chunk freelists:
   Non-Class:  109.00 KB
       Class:  16.00 KB
        Both:  125.00 KB

CodeHeap 'non-profiled nmethods': size=120032Kb used=1505Kb max_used=1505Kb free=118526Kb
 bounds [0x000000012a3d9000, 0x000000012a649000, 0x0000000131911000]
CodeHeap 'profiled nmethods': size=120032Kb used=9032Kb max_used=9032Kb free=110999Kb
 bounds [0x0000000122ea1000, 0x0000000123781000, 0x000000012a3d9000]
CodeHeap 'non-nmethods': size=5696Kb used=1330Kb max_used=1366Kb free=4365Kb
 bounds [0x0000000122911000, 0x0000000122b81000, 0x0000000122ea1000]
 total_blobs=5712 nmethods=4046 adapters=673
 compilation: enabled
              stopped_count=0, restarted_count=0
 full_count=0

Compilation events (10 events):
Event: 50.083 Thread 0x00007f897db9d000 4106       1       sun.java2d.pipe.RenderBuffer::position (11 bytes)
Event: 50.083 Thread 0x00007f897db9d000 nmethod 4106 0x000000012a550810 code [0x000000012a5509c0, 0x000000012a550ad0]
Event: 53.666 Thread 0x00007f897db9d000 4107       3       sun.java2d.pipe.RenderQueue::tryLock (4 bytes)
Event: 53.667 Thread 0x00007f897db9d000 nmethod 4107 0x0000000123772d10 code [0x0000000123772ee0, 0x00000001237731e8]
Event: 53.667 Thread 0x00007f897db9d000 4108       3       sun.awt.SunToolkit::awtTryLock (7 bytes)
Event: 53.667 Thread 0x00007f897db9d000 nmethod 4108 0x0000000123773310 code [0x00000001237734e0, 0x0000000123773748]
Event: 298.687 Thread 0x00007f897db9a000 4109       4       sun.java2d.pipe.RenderQueue::unlock (4 bytes)
Event: 298.695 Thread 0x00007f897db9a000 nmethod 4109 0x000000012a550b10 code [0x000000012a550ce0, 0x000000012a551088]
Event: 1779.286 Thread 0x00007f897db9a000 4110       4       sun.java2d.pipe.RenderQueue::tryLock (4 bytes)
Event: 1779.291 Thread 0x00007f897db9a000 nmethod 4110 0x000000012a551210 code [0x000000012a5513c0, 0x000000012a551638]

GC Heap History (10 events):
Event: 1.322 GC heap before
{Heap before GC invocations=1 (full 0):
 garbage-first heap   total 131072K, used 11772K [0x0000000780000000, 0x0000000800000000)
  region size 1024K, 7 young (7168K), 2 survivors (2048K)
 Metaspace       used 13330K, capacity 13567K, committed 13952K, reserved 1060864K
  class space    used 1469K, capacity 1549K, committed 1664K, reserved 1048576K
}
Event: 1.326 GC heap after
{Heap after GC invocations=2 (full 0):
 garbage-first heap   total 131072K, used 7742K [0x0000000780000000, 0x0000000800000000)
  region size 1024K, 1 young (1024K), 1 survivors (1024K)
 Metaspace       used 13330K, capacity 13567K, committed 13952K, reserved 1060864K
  class space    used 1469K, capacity 1549K, committed 1664K, reserved 1048576K
}
Event: 16.111 GC heap before
{Heap before GC invocations=2 (full 0):
 garbage-first heap   total 131072K, used 27198K [0x0000000780000000, 0x0000000800000000)
  region size 1024K, 21 young (21504K), 1 survivors (1024K)
 Metaspace       used 20601K, capacity 21115K, committed 21248K, reserved 1067008K
  class space    used 2466K, capacity 2690K, committed 2816K, reserved 1048576K
}
Event: 16.117 GC heap after
{Heap after GC invocations=3 (full 0):
 garbage-first heap   total 131072K, used 9339K [0x0000000780000000, 0x0000000800000000)
  region size 1024K, 3 young (3072K), 3 survivors (3072K)
 Metaspace       used 20601K, capacity 21115K, committed 21248K, reserved 1067008K
  class space    used 2466K, capacity 2690K, committed 2816K, reserved 1048576K
}
Event: 16.610 GC heap before
{Heap before GC invocations=4 (full 0):
 garbage-first heap   total 131072K, used 39035K [0x0000000780000000, 0x0000000800000000)
  region size 1024K, 32 young (32768K), 3 survivors (3072K)
 Metaspace       used 23861K, capacity 24440K, committed 24704K, reserved 1071104K
  class space    used 2941K, capacity 3178K, committed 3200K, reserved 1048576K
}
Event: 16.619 GC heap after
{Heap after GC invocations=5 (full 0):
 garbage-first heap   total 131072K, used 10408K [0x0000000780000000, 0x0000000800000000)
  region size 1024K, 3 young (3072K), 3 survivors (3072K)
 Metaspace       used 23861K, capacity 24440K, committed 24704K, reserved 1071104K
  class space    used 2941K, capacity 3178K, committed 3200K, reserved 1048576K
}
Event: 17.111 GC heap before
{Heap before GC invocations=5 (full 0):
 garbage-first heap   total 131072K, used 68776K [0x0000000780000000, 0x0000000800000000)
  region size 1024K, 60 young (61440K), 3 survivors (3072K)
 Metaspace       used 25769K, capacity 26417K, committed 26624K, reserved 1073152K
  class space    used 3242K, capacity 3518K, committed 3584K, reserved 1048576K
}
Event: 17.122 GC heap after
{Heap after GC invocations=6 (full 0):
 garbage-first heap   total 131072K, used 14856K [0x0000000780000000, 0x0000000800000000)
  region size 1024K, 8 young (8192K), 8 survivors (8192K)
 Metaspace       used 25769K, capacity 26417K, committed 26624K, reserved 1073152K
  class space    used 3242K, capacity 3518K, committed 3584K, reserved 1048576K
}
Event: 36.721 GC heap before
{Heap before GC invocations=6 (full 0):
 garbage-first heap   total 131072K, used 104968K [0x0000000780000000, 0x0000000800000000)
  region size 1024K, 71 young (72704K), 8 survivors (8192K)
 Metaspace       used 30540K, capacity 31390K, committed 31744K, reserved 1077248K
  class space    used 3738K, capacity 4080K, committed 4096K, reserved 1048576K
}
Event: 36.733 GC heap after
{Heap after GC invocations=7 (full 0):
 garbage-first heap   total 131072K, used 24518K [0x0000000780000000, 0x0000000800000000)
  region size 1024K, 9 young (9216K), 9 survivors (9216K)
 Metaspace       used 30540K, capacity 31390K, committed 31744K, reserved 1077248K
  class space    used 3738K, capacity 4080K, committed 4096K, reserved 1048576K
}

Deoptimization events (10 events):
Event: 36.758 Thread 0x00007f8980bb5000 DEOPT PACKING pc=0x00000001237506a4 sp=0x00007fff544bb220
Event: 36.758 Thread 0x00007f8980bb5000 DEOPT UNPACKING pc=0x00000001229397ba sp=0x00007fff544ba728 mode 0
Event: 36.760 Thread 0x00007f8980bb5000 DEOPT PACKING pc=0x00000001237506a4 sp=0x00007fff544bb220
Event: 36.760 Thread 0x00007f8980bb5000 DEOPT UNPACKING pc=0x00000001229397ba sp=0x00007fff544ba728 mode 0
Event: 36.761 Thread 0x00007f8980bb5000 DEOPT PACKING pc=0x00000001237506a4 sp=0x00007fff544bb220
Event: 36.761 Thread 0x00007f8980bb5000 DEOPT UNPACKING pc=0x00000001229397ba sp=0x00007fff544ba728 mode 0
Event: 36.763 Thread 0x00007f8980bb5000 DEOPT PACKING pc=0x00000001237506a4 sp=0x00007fff544bb220
Event: 36.763 Thread 0x00007f8980bb5000 DEOPT UNPACKING pc=0x00000001229397ba sp=0x00007fff544ba728 mode 0
Event: 36.764 Thread 0x00007f8980bb5000 DEOPT PACKING pc=0x00000001237506a4 sp=0x00007fff544bb220
Event: 36.764 Thread 0x00007f8980bb5000 DEOPT UNPACKING pc=0x00000001229397ba sp=0x00007fff544ba728 mode 0

Classes redefined (0 events):
No events

Internal exceptions (10 events):
Event: 17.538 Thread 0x00007f897e083800 Exception <a 'java/lang/NoSuchMethodError'{0x0000000787384568}: 'java.lang.Object java.lang.invoke.DirectMethodHandle$Holder.invokeStatic(java.lang.Object, java.lang.Object, java.lang.Object, java.lang.Object, java.lang.Object, java.lang.Object, java.lang
Event: 17.607 Thread 0x00007f897e083800 Exception <a 'java/lang/NoSuchMethodError'{0x00000007872145a8}: 'void java.lang.invoke.DirectMethodHandle$Holder.invokeStatic(java.lang.Object, long, long)'> (0x00000007872145a8) thrown at [/Users/tester/jenkins/workspace/zulu11-build-macos/zulu-src/src/h
Event: 17.608 Thread 0x00007f897e083800 Exception <a 'java/lang/NoSuchMethodError'{0x0000000787219a48}: 'java.lang.Object java.lang.invoke.DirectMethodHandle$Holder.invokeStatic(java.lang.Object, long)'> (0x0000000787219a48) thrown at [/Users/tester/jenkins/workspace/zulu11-build-macos/zulu-src
Event: 17.609 Thread 0x00007f897e083800 Exception <a 'java/lang/NoSuchMethodError'{0x0000000787222148}: 'void java.lang.invoke.DirectMethodHandle$Holder.invokeSpecial(java.lang.Object, java.lang.Object, long)'> (0x0000000787222148) thrown at [/Users/tester/jenkins/workspace/zulu11-build-macos/z
Event: 17.611 Thread 0x00007f897e083800 Exception <a 'java/lang/NoSuchMethodError'{0x0000000787230548}: 'java.lang.Object java.lang.invoke.Invokers$Holder.linkToTargetMethod(java.lang.Object, int, java.lang.Object)'> (0x0000000787230548) thrown at [/Users/tester/jenkins/workspace/zulu11-build-m
Event: 17.646 Thread 0x00007f897e083800 Exception <a 'java/lang/NoSuchMethodError'{0x0000000787254f68}: 'java.lang.Object java.lang.invoke.DirectMethodHandle$Holder.invokeStatic(java.lang.Object, int, int, java.lang.Object, java.lang.Object, java.lang.Object)'> (0x0000000787254f68) thrown at [/
Event: 17.646 Thread 0x00007f897e083800 Exception <a 'java/lang/NoSuchMethodError'{0x0000000787258768}: 'java.lang.Object java.lang.invoke.Invokers$Holder.linkToTargetMethod(int, int, java.lang.Object, java.lang.Object, java.lang.Object, java.lang.Object)'> (0x0000000787258768) thrown at [/User
Event: 17.708 Thread 0x00007f897e083800 Implicit null exception at 0x000000012a4b0950 to 0x000000012a4b09af
Event: 36.430 Thread 0x00007f897e083800 Implicit null exception at 0x000000012a4d8861 to 0x000000012a4d9cf6
Event: 36.435 Thread 0x00007f897e083800 Implicit null exception at 0x000000012a4dc8a0 to 0x000000012a4ddb36

Events (10 events):
Event: 37.516 Executing VM operation: RevokeBias
Event: 37.516 Executing VM operation: RevokeBias done
Event: 37.516 loading class sun/awt/AppContext$PostShutdownEventRunnable
Event: 37.516 loading class sun/awt/AppContext$PostShutdownEventRunnable done
Event: 37.516 loading class sun/awt/AWTAutoShutdown$1
Event: 37.516 loading class sun/awt/AWTAutoShutdown$1 done
Event: 37.516 Executing VM operation: RevokeBias
Event: 37.516 Executing VM operation: RevokeBias done
Event: 37.516 Thread 0x00007f897e068000 Thread exited: 0x00007f897e068000
Event: 37.517 Thread 0x00007f897e083800 Thread exited: 0x00007f897e083800


Dynamic libraries:
0x00007fffaad4b000 	/System/Library/Frameworks/ApplicationServices.framework/Versions/A/ApplicationServices
0x00007fffabe90000 	/System/Library/Frameworks/Cocoa.framework/Versions/A/Cocoa
0x00007fffb1fcb000 	/System/Library/Frameworks/QuartzCore.framework/Versions/A/QuartzCore
0x00007fffb2732000 	/System/Library/Frameworks/Security.framework/Versions/A/Security
0x00007fffb2a35000 	/System/Library/Frameworks/SecurityFoundation.framework/Versions/A/SecurityFoundation
0x00007fffb2e5f000 	/System/Library/Frameworks/SystemConfiguration.framework/Versions/A/SystemConfiguration
0x000000010d837000 	/Applications/Stata/StataSE.app/Contents/Frameworks/Scintilla.framework/Versions/A/Scintilla
0x00007fffc07c7000 	/usr/lib/libc++.1.dylib
0x00007fffc1b3b000 	/usr/lib/libz.1.dylib
0x00007fffade9e000 	/System/Library/Frameworks/Foundation.framework/Versions/C/Foundation
0x00007fffc133c000 	/usr/lib/libobjc.A.dylib
0x00007fffc068d000 	/usr/lib/libSystem.B.dylib
0x00007fffa9f60000 	/System/Library/Frameworks/AppKit.framework/Versions/C/AppKit
0x00007fffac426000 	/System/Library/Frameworks/CoreFoundation.framework/Versions/A/CoreFoundation
0x00007fffac8c0000 	/System/Library/Frameworks/CoreGraphics.framework/Versions/A/CoreGraphics
0x00007fffad2eb000 	/System/Library/Frameworks/CoreServices.framework/Versions/A/CoreServices
0x00007fffada14000 	/System/Library/Frameworks/CoreText.framework/Versions/A/CoreText
0x00007fffae4f5000 	/System/Library/Frameworks/ImageIO.framework/Versions/A/ImageIO
0x00007fffaad4c000 	/System/Library/Frameworks/ApplicationServices.framework/Versions/A/Frameworks/ATS.framework/Versions/A/ATS
0x00007fffab0cb000 	/System/Library/Frameworks/ApplicationServices.framework/Versions/A/Frameworks/ColorSync.framework/Versions/A/ColorSync
0x00007fffab176000 	/System/Library/Frameworks/ApplicationServices.framework/Versions/A/Frameworks/HIServices.framework/Versions/A/HIServices
0x00007fffab1c8000 	/System/Library/Frameworks/ApplicationServices.framework/Versions/A/Frameworks/LangAnalysis.framework/Versions/A/LangAnalysis
0x00007fffab1d8000 	/System/Library/Frameworks/ApplicationServices.framework/Versions/A/Frameworks/PrintCore.framework/Versions/A/PrintCore
0x00007fffab226000 	/System/Library/Frameworks/ApplicationServices.framework/Versions/A/Frameworks/QD.framework/Versions/A/QD
0x00007fffab262000 	/System/Library/Frameworks/ApplicationServices.framework/Versions/A/Frameworks/SpeechSynthesis.framework/Versions/A/SpeechSynthesis
0x00007fffab5e4000 	/System/Library/Frameworks/CFNetwork.framework/Versions/A/CFNetwork
0x00007fffae405000 	/System/Library/Frameworks/IOKit.framework/Versions/A/IOKit
0x00007fffa8f82000 	/System/Library/Frameworks/Accelerate.framework/Versions/A/Accelerate
0x00007fffc07a6000 	/usr/lib/libauto.dylib
0x00007fffc07a7000 	/usr/lib/libbsm.0.dylib
0x00007fffc17d0000 	/usr/lib/libsqlite3.dylib
0x00007fffc1a21000 	/usr/lib/libxml2.2.dylib
0x00007fffc0d88000 	/usr/lib/libicucore.A.dylib
0x00007fffc12c1000 	/usr/lib/libnetwork.dylib
0x00007fffc081e000 	/usr/lib/libc++abi.dylib
0x00007fffc1b5b000 	/usr/lib/system/libcache.dylib
0x00007fffc1b60000 	/usr/lib/system/libcommonCrypto.dylib
0x00007fffc1b6b000 	/usr/lib/system/libcompiler_rt.dylib
0x00007fffc1b73000 	/usr/lib/system/libcopyfile.dylib
0x00007fffc1b7c000 	/usr/lib/system/libcorecrypto.dylib
0x00007fffc1c00000 	/usr/lib/system/libdispatch.dylib
0x00007fffc1c32000 	/usr/lib/system/libdyld.dylib
0x00007fffc1c38000 	/usr/lib/system/libkeymgr.dylib
0x00007fffc1c46000 	/usr/lib/system/liblaunch.dylib
0x00007fffc1c47000 	/usr/lib/system/libmacho.dylib
0x00007fffc1c4d000 	/usr/lib/system/libquarantine.dylib
0x00007fffc1c50000 	/usr/lib/system/libremovefile.dylib
0x00007fffc1c52000 	/usr/lib/system/libsystem_asl.dylib
0x00007fffc1c6b000 	/usr/lib/system/libsystem_blocks.dylib
0x00007fffc1c6c000 	/usr/lib/system/libsystem_c.dylib
0x00007fffc1cfa000 	/usr/lib/system/libsystem_configuration.dylib
0x00007fffc1cfe000 	/usr/lib/system/libsystem_coreservices.dylib
0x00007fffc1d02000 	/usr/lib/system/libsystem_coretls.dylib
0x00007fffc1d1b000 	/usr/lib/system/libsystem_dnssd.dylib
0x00007fffc1d22000 	/usr/lib/system/libsystem_info.dylib
0x00007fffc1d4c000 	/usr/lib/system/libsystem_kernel.dylib
0x00007fffc1d6f000 	/usr/lib/system/libsystem_m.dylib
0x00007fffc1db7000 	/usr/lib/system/libsystem_malloc.dylib
0x00007fffc1dd6000 	/usr/lib/system/libsystem_network.dylib
0x00007fffc1e30000 	/usr/lib/system/libsystem_networkextension.dylib
0x00007fffc1e3a000 	/usr/lib/system/libsystem_notify.dylib
0x00007fffc1e44000 	/usr/lib/system/libsystem_platform.dylib
0x00007fffc1e4d000 	/usr/lib/system/libsystem_pthread.dylib
0x00007fffc1e58000 	/usr/lib/system/libsystem_sandbox.dylib
0x00007fffc1e5c000 	/usr/lib/system/libsystem_secinit.dylib
0x00007fffc1e5e000 	/usr/lib/system/libsystem_symptoms.dylib
0x00007fffc1e66000 	/usr/lib/system/libsystem_trace.dylib
0x00007fffc1e7a000 	/usr/lib/system/libunwind.dylib
0x00007fffc1e80000 	/usr/lib/system/libxpc.dylib
0x00007fffc0c7f000 	/usr/lib/libenergytrace.dylib
0x00007fffc1c39000 	/usr/lib/system/libkxld.dylib
0x00007fffc044e000 	/usr/lib/libDiagnosticMessagesClient.dylib
0x00007fffc1716000 	/usr/lib/libpcap.A.dylib
0x00007fffc0870000 	/usr/lib/libcoretls.dylib
0x00007fffc0871000 	/usr/lib/libcoretls_cfhelpers.dylib
0x00007fffc0687000 	/usr/lib/libOpenScriptingUtil.dylib
0x00007fffc1711000 	/usr/lib/libpam.2.dylib
0x00007fffc1a13000 	/usr/lib/libxar.1.dylib
0x00007fffc07b8000 	/usr/lib/libbz2.1.0.dylib
0x00007fffc0fb5000 	/usr/lib/liblzma.5.dylib
0x00007fffa8f9b000 	/System/Library/Frameworks/Accelerate.framework/Versions/A/Frameworks/vImage.framework/Versions/A/vImage
0x00007fffa9ca1000 	/System/Library/Frameworks/Accelerate.framework/Versions/A/Frameworks/vecLib.framework/Versions/A/vecLib
0x00007fffa9a66000 	/System/Library/Frameworks/Accelerate.framework/Versions/A/Frameworks/vecLib.framework/Versions/A/libvDSP.dylib
0x00007fffa9627000 	/System/Library/Frameworks/Accelerate.framework/Versions/A/Frameworks/vecLib.framework/Versions/A/libBNNS.dylib
0x00007fffa9a4a000 	/System/Library/Frameworks/Accelerate.framework/Versions/A/Frameworks/vecLib.framework/Versions/A/libQuadrature.dylib
0x00007fffa9bee000 	/System/Library/Frameworks/Accelerate.framework/Versions/A/Frameworks/vecLib.framework/Versions/A/libvMisc.dylib
0x00007fffa963c000 	/System/Library/Frameworks/Accelerate.framework/Versions/A/Frameworks/vecLib.framework/Versions/A/libLAPACK.dylib
0x00007fffa94b5000 	/System/Library/Frameworks/Accelerate.framework/Versions/A/Frameworks/vecLib.framework/Versions/A/libBLAS.dylib
0x00007fffa9a33000 	/System/Library/Frameworks/Accelerate.framework/Versions/A/Frameworks/vecLib.framework/Versions/A/libLinearAlgebra.dylib
0x00007fffa9a51000 	/System/Library/Frameworks/Accelerate.framework/Versions/A/Frameworks/vecLib.framework/Versions/A/libSparseBLAS.dylib
0x00007fffad64e000 	/System/Library/Frameworks/CoreServices.framework/Versions/A/Frameworks/FSEvents.framework/Versions/A/FSEvents
0x00007fffad33e000 	/System/Library/Frameworks/CoreServices.framework/Versions/A/Frameworks/CarbonCore.framework/Versions/A/CarbonCore
0x00007fffad7c4000 	/System/Library/Frameworks/CoreServices.framework/Versions/A/Frameworks/Metadata.framework/Versions/A/Metadata
0x00007fffad875000 	/System/Library/Frameworks/CoreServices.framework/Versions/A/Frameworks/OSServices.framework/Versions/A/OSServices
0x00007fffad8d5000 	/System/Library/Frameworks/CoreServices.framework/Versions/A/Frameworks/SearchKit.framework/Versions/A/SearchKit
0x00007fffad2ec000 	/System/Library/Frameworks/CoreServices.framework/Versions/A/Frameworks/AE.framework/Versions/A/AE
0x00007fffad657000 	/System/Library/Frameworks/CoreServices.framework/Versions/A/Frameworks/LaunchServices.framework/Versions/A/LaunchServices
0x00007fffad61a000 	/System/Library/Frameworks/CoreServices.framework/Versions/A/Frameworks/DictionaryServices.framework/Versions/A/DictionaryServices
0x00007fffad946000 	/System/Library/Frameworks/CoreServices.framework/Versions/A/Frameworks/SharedFileList.framework/Versions/A/SharedFileList
0x00007fffadd07000 	/System/Library/Frameworks/DiskArbitration.framework/Versions/A/DiskArbitration
0x00007fffb068f000 	/System/Library/Frameworks/NetFS.framework/Versions/A/NetFS
0x00007fffbc0d3000 	/System/Library/PrivateFrameworks/NetAuth.framework/Versions/A/NetAuth
0x00007fffc033e000 	/System/Library/PrivateFrameworks/login.framework/Versions/A/Frameworks/loginsupport.framework/Versions/A/loginsupport
0x00007fffc06fa000 	/usr/lib/libarchive.2.dylib
0x00007fffc0fb3000 	/usr/lib/liblangid.dylib
0x00007fffc0395000 	/usr/lib/libCRFSuite.dylib
0x00007fffbef2f000 	/System/Library/PrivateFrameworks/TCC.framework/Versions/A/TCC
0x00007fffc0fe6000 	/usr/lib/libmecabra.dylib
0x00007fffbb323000 	/System/Library/PrivateFrameworks/LanguageModeling.framework/Versions/A/LanguageModeling
0x00007fffc0fcf000 	/usr/lib/libmarisa.dylib
0x00007fffc03b1000 	/usr/lib/libChineseTokenizer.dylib
0x00007fffc0848000 	/usr/lib/libcmph.dylib
0x00007fffc0c95000 	/usr/lib/libiconv.2.dylib
0x00007fffac07c000 	/System/Library/Frameworks/CoreData.framework/Versions/A/CoreData
0x00007fffb7ad4000 	/System/Library/PrivateFrameworks/CoreEmoji.framework/Versions/A/CoreEmoji
0x00007fffc0859000 	/usr/lib/libcompression.dylib
0x00007fffb08c6000 	/System/Library/Frameworks/OpenDirectory.framework/Versions/A/Frameworks/CFOpenDirectory.framework/Versions/A/CFOpenDirectory
0x00007fffb2ad5000 	/System/Library/Frameworks/ServiceManagement.framework/Versions/A/ServiceManagement
0x00007fffc1b11000 	/usr/lib/libxslt.1.dylib
0x00007fffaae54000 	/System/Library/Frameworks/ApplicationServices.framework/Versions/A/Frameworks/ATS.framework/Versions/A/Resources/libFontParser.dylib
0x00007fffaaf84000 	/System/Library/Frameworks/ApplicationServices.framework/Versions/A/Frameworks/ATS.framework/Versions/A/Resources/libFontRegistry.dylib
0x00007fffae74c000 	/System/Library/Frameworks/ImageIO.framework/Versions/A/Resources/libJPEG.dylib
0x00007fffae79b000 	/System/Library/Frameworks/ImageIO.framework/Versions/A/Resources/libTIFF.dylib
0x00007fffae770000 	/System/Library/Frameworks/ImageIO.framework/Versions/A/Resources/libPng.dylib
0x00007fffae656000 	/System/Library/Frameworks/ImageIO.framework/Versions/A/Resources/libGIF.dylib
0x00007fffae65b000 	/System/Library/Frameworks/ImageIO.framework/Versions/A/Resources/libJP2.dylib
0x00007fffae798000 	/System/Library/Frameworks/ImageIO.framework/Versions/A/Resources/libRadiance.dylib
0x00007fffb586f000 	/System/Library/PrivateFrameworks/AppleJPEG.framework/Versions/A/AppleJPEG
0x00007fffae49c000 	/System/Library/Frameworks/IOSurface.framework/Versions/A/IOSurface
0x00007fffbbff9000 	/System/Library/PrivateFrameworks/MultitouchSupport.framework/Versions/A/MultitouchSupport
0x00007fffc0baf000 	/usr/lib/libcups.2.dylib
0x00007fffaf552000 	/System/Library/Frameworks/Kerberos.framework/Versions/A/Kerberos
0x00007fffae270000 	/System/Library/Frameworks/GSS.framework/Versions/A/GSS
0x00007fffc1764000 	/usr/lib/libresolv.9.dylib
0x00007fffbab6b000 	/System/Library/PrivateFrameworks/Heimdal.framework/Versions/A/Heimdal
0x00007fffc0c8f000 	/usr/lib/libheimdal-asn1.dylib
0x00007fffb08e0000 	/System/Library/Frameworks/OpenDirectory.framework/Versions/A/OpenDirectory
0x00007fffb7382000 	/System/Library/PrivateFrameworks/CommonAuth.framework/Versions/A/CommonAuth
0x00007fffabfda000 	/System/Library/Frameworks/CoreAudio.framework/Versions/A/CoreAudio
0x00007fffab26e000 	/System/Library/Frameworks/AudioToolbox.framework/Versions/A/AudioToolbox
0x00007fffbd112000 	/System/Library/PrivateFrameworks/RemoteViewServices.framework/Versions/A/RemoteViewServices
0x00007fffbf0fd000 	/System/Library/PrivateFrameworks/UIFoundation.framework/Versions/A/UIFoundation
0x00007fffb84b6000 	/System/Library/PrivateFrameworks/DFRFoundation.framework/Versions/A/DFRFoundation
0x00007fffbdf3f000 	/System/Library/PrivateFrameworks/SkyLight.framework/Versions/A/SkyLight
0x00007fffc0688000 	/usr/lib/libScreenReader.dylib
0x00007fffab47b000 	/System/Library/Frameworks/AudioUnit.framework/Versions/A/AudioUnit
0x00007fffb84fb000 	/System/Library/PrivateFrameworks/DataDetectorsCore.framework/Versions/A/DataDetectorsCore
0x00007fffb85ec000 	/System/Library/PrivateFrameworks/DesktopServicesPriv.framework/Versions/A/DesktopServicesPriv
0x00007fffab9dd000 	/System/Library/Frameworks/Carbon.framework/Versions/A/Frameworks/HIToolbox.framework/Versions/A/HIToolbox
0x00007fffabda9000 	/System/Library/Frameworks/Carbon.framework/Versions/A/Frameworks/SpeechRecognition.framework/Versions/A/SpeechRecognition
0x00007fffb8170000 	/System/Library/PrivateFrameworks/CoreUI.framework/Versions/A/CoreUI
0x00007fffbc9b6000 	/System/Library/PrivateFrameworks/PerformanceAnalysis.framework/Versions/A/PerformanceAnalysis
0x00007fffba43e000 	/System/Library/PrivateFrameworks/GenerationalStorage.framework/Versions/A/GenerationalStorage
0x00007fffb146b000 	/System/Library/Frameworks/OpenGL.framework/Versions/A/OpenGL
0x00007fffacf43000 	/System/Library/Frameworks/CoreImage.framework/Versions/A/CoreImage
0x00007fffb5d2d000 	/System/Library/PrivateFrameworks/Backup.framework/Versions/A/Backup
0x00007fffabcf1000 	/System/Library/Frameworks/Carbon.framework/Versions/A/Frameworks/Ink.framework/Versions/A/Ink
0x00007fffbefc1000 	/System/Library/PrivateFrameworks/TextureIO.framework/Versions/A/TextureIO
0x00007fffafd4b000 	/System/Library/Frameworks/Metal.framework/Versions/A/Metal
0x00007fffc0726000 	/usr/lib/libate.dylib
0x00007fffba16d000 	/System/Library/PrivateFrameworks/GPUCompiler.framework/libmetal_timestamp.dylib
0x00007fffb08ef000 	/System/Library/Frameworks/OpenGL.framework/Versions/A/Libraries/libCoreFSCache.dylib
0x00007fffbb1fc000 	/System/Library/PrivateFrameworks/IOAccelerator.framework/Versions/A/IOAccelerator
0x00007fffadb62000 	/System/Library/Frameworks/CoreVideo.framework/Versions/A/CoreVideo
0x00007fffc0450000 	/usr/lib/libFosl_dynamic.dylib
0x00007fffbbdfb000 	/System/Library/PrivateFrameworks/MetalPerformanceShaders.framework/Versions/A/MetalPerformanceShaders
0x00007fffb89e5000 	/System/Library/PrivateFrameworks/FaceCore.framework/Versions/A/FaceCore
0x00007fffb0877000 	/System/Library/Frameworks/OpenCL.framework/Versions/A/OpenCL
0x00007fffb0ac2000 	/System/Library/Frameworks/OpenGL.framework/Versions/A/Libraries/libGLU.dylib
0x00007fffb08f8000 	/System/Library/Frameworks/OpenGL.framework/Versions/A/Libraries/libGFXShared.dylib
0x00007fffb0902000 	/System/Library/Frameworks/OpenGL.framework/Versions/A/Libraries/libGL.dylib
0x00007fffb090e000 	/System/Library/Frameworks/OpenGL.framework/Versions/A/Libraries/libGLImage.dylib
0x00007fffb08ec000 	/System/Library/Frameworks/OpenGL.framework/Versions/A/Libraries/libCVMSPluginSupport.dylib
0x00007fffb08f3000 	/System/Library/Frameworks/OpenGL.framework/Versions/A/Libraries/libCoreVMClient.dylib
0x00007fffb8436000 	/System/Library/PrivateFrameworks/CrashReporterSupport.framework/Versions/A/CrashReporterSupport
0x00007fffbde91000 	/System/Library/PrivateFrameworks/Sharing.framework/Versions/A/Sharing
0x00007fffbb21a000 	/System/Library/PrivateFrameworks/IconServices.framework/Versions/A/IconServices
0x00007fffbd0df000 	/System/Library/PrivateFrameworks/ProtocolBuffer.framework/Versions/A/ProtocolBuffer
0x00007fffb574f000 	/System/Library/PrivateFrameworks/Apple80211.framework/Versions/A/Apple80211
0x00007fffadb98000 	/System/Library/Frameworks/CoreWLAN.framework/Versions/A/CoreWLAN
0x00007fffb82b0000 	/System/Library/PrivateFrameworks/CoreUtils.framework/Versions/A/CoreUtils
0x00007fffae361000 	/System/Library/Frameworks/IOBluetooth.framework/Versions/A/IOBluetooth
0x00007fffb83d0000 	/System/Library/PrivateFrameworks/CoreWiFi.framework/Versions/A/CoreWiFi
0x00007fffac068000 	/System/Library/Frameworks/CoreBluetooth.framework/Versions/A/CoreBluetooth
0x00007fffac378000 	/System/Library/Frameworks/CoreDisplay.framework/Versions/A/CoreDisplay
0x00007fffbb205000 	/System/Library/PrivateFrameworks/IOPresentment.framework/Versions/A/IOPresentment
0x00007fffb84c1000 	/System/Library/PrivateFrameworks/DSExternalDisplay.framework/Versions/A/DSExternalDisplay
0x00007fffb85ac000 	/System/Library/PrivateFrameworks/DebugSymbols.framework/Versions/A/DebugSymbols
0x00007fffb80e0000 	/System/Library/PrivateFrameworks/CoreSymbolication.framework/Versions/A/CoreSymbolication
0x00007fffbea7c000 	/System/Library/PrivateFrameworks/Symbolication.framework/Versions/A/Symbolication
0x00007fffb5772000 	/System/Library/PrivateFrameworks/AppleFSCompression.framework/Versions/A/AppleFSCompression
0x00007fffbe384000 	/System/Library/PrivateFrameworks/SpeechRecognitionCore.framework/Versions/A/SpeechRecognitionCore
0x00007fffb6a36000 	/System/Library/PrivateFrameworks/ChunkingLibrary.framework/Versions/A/ChunkingLibrary
0x00007fffb7e1f000 	/System/Library/PrivateFrameworks/CoreServicesInternal.framework/Versions/A/CoreServicesInternal
0x00007fffa8f83000 	/System/Library/Frameworks/Accelerate.framework/Versions/A/Frameworks/vImage.framework/Versions/A/Libraries/libCGInterfaces.dylib
0x00007fffa70d7000 	/System/Library/CoreServices/RawCamera.bundle/Contents/MacOS/RawCamera
0x00007fffab02b000 	/System/Library/Frameworks/ApplicationServices.framework/Versions/A/Frameworks/ATS.framework/Versions/A/Resources/libTrueTypeScaler.dylib
0x0000000111716000 	/System/Library/Frameworks/OpenGL.framework/Resources/GLEngine.bundle/GLEngine
0x00007fffb094b000 	/System/Library/Frameworks/OpenGL.framework/Versions/A/Libraries/libGLProgrammability.dylib
0x00000001118fb000 	/System/Library/Extensions/AppleIntelBDWGraphicsGLDriver.bundle/Contents/MacOS/AppleIntelBDWGraphicsGLDriver
0x00007fffba17a000 	/System/Library/PrivateFrameworks/GPUSupport.framework/Versions/A/Libraries/libGPUSupportMercury.dylib
0x000000010f5cb000 	/System/Library/Frameworks/OpenGL.framework/Resources//GLRendererFloat.bundle/GLRendererFloat
0x00007fffb086e000 	/System/Library/Frameworks/OpenCL.framework/Versions/A/Libraries/libcldcpuengine.dylib
0x00007fffc092c000 	/usr/lib/libcrypto.0.9.8.dylib
0x00007fffbf0fb000 	/System/Library/PrivateFrameworks/TrustEvaluationAgent.framework/Versions/A/TrustEvaluationAgent
0x0000000112065000 	/System/Library/Extensions/AppleIntelBDWGraphicsMTLDriver.bundle/Contents/MacOS/AppleIntelBDWGraphicsMTLDriver
0x00007fffb6a5e000 	/System/Library/PrivateFrameworks/CloudDocs.framework/Versions/A/CloudDocs
0x00007fffabdb0000 	/System/Library/Frameworks/CloudKit.framework/Versions/A/CloudKit
0x00007fffbb5d6000 	/System/Library/PrivateFrameworks/MMCS.framework/Versions/A/MMCS
0x00007fffad187000 	/System/Library/Frameworks/CoreLocation.framework/Versions/A/CoreLocation
0x00007fffbd0a4000 	/System/Library/PrivateFrameworks/ProtectedCloudStorage.framework/Versions/A/ProtectedCloudStorage
0x00007fffb5993000 	/System/Library/PrivateFrameworks/AssetCacheServices.framework/Versions/A/AssetCacheServices
0x00007fffba473000 	/System/Library/PrivateFrameworks/GeoServices.framework/Versions/A/GeoServices
0x00007fffb1fca000 	/System/Library/Frameworks/Quartz.framework/Versions/A/Quartz
0x00007fffb1991000 	/System/Library/Frameworks/Quartz.framework/Versions/A/Frameworks/QuartzComposer.framework/Versions/A/QuartzComposer
0x00007fffb18c9000 	/System/Library/Frameworks/Quartz.framework/Versions/A/Frameworks/PDFKit.framework/Versions/A/PDFKit
0x00007fffb1eb8000 	/System/Library/Frameworks/Quartz.framework/Versions/A/Frameworks/QuartzFilters.framework/Versions/A/QuartzFilters
0x00007fffb165e000 	/System/Library/Frameworks/Quartz.framework/Versions/A/Frameworks/ImageKit.framework/Versions/A/ImageKit
0x00007fffb1edc000 	/System/Library/Frameworks/Quartz.framework/Versions/A/Frameworks/QuickLookUI.framework/Versions/A/QuickLookUI
0x00007fffae947000 	/System/Library/Frameworks/JavaScriptCore.framework/Versions/A/JavaScriptCore
0x00007fffb1516000 	/System/Library/Frameworks/QTKit.framework/Versions/A/QTKit
0x00007fffb5933000 	/System/Library/PrivateFrameworks/AppleSystemInfo.framework/Versions/A/AppleSystemInfo
0x00007fffa8c53000 	/System/Library/Frameworks/AVFoundation.framework/Versions/A/AVFoundation
0x00007fffad1ed000 	/System/Library/Frameworks/CoreMedia.framework/Versions/A/CoreMedia
0x00007fffaf811000 	/System/Library/Frameworks/MediaToolbox.framework/Versions/A/MediaToolbox
0x00007fffb2ecf000 	/System/Library/Frameworks/VideoToolbox.framework/Versions/A/VideoToolbox
0x00007fffab9d8000 	/System/Library/Frameworks/Carbon.framework/Versions/A/Carbon
0x00007fffb7ba9000 	/System/Library/PrivateFrameworks/CoreMediaAuthoring.framework/Versions/A/CoreMediaAuthoring
0x00007fffad29f000 	/System/Library/Frameworks/CoreMediaIO.framework/Versions/A/CoreMediaIO
0x00007fffa8e15000 	/System/Library/Frameworks/AVFoundation.framework/Versions/A/Frameworks/AVFAudio.framework/Versions/A/AVFAudio
0x00007fffbb2d8000 	/System/Library/PrivateFrameworks/IntlPreferences.framework/Versions/A/IntlPreferences
0x00007fffc17ce000 	/usr/lib/libspindump.dylib
0x00007fffc0c56000 	/usr/lib/libdscsym.dylib
0x00007fffb78f0000 	/System/Library/PrivateFrameworks/CoreAVCHD.framework/Versions/A/CoreAVCHD
0x00007fffaf7f5000 	/System/Library/Frameworks/MediaAccessibility.framework/Versions/A/MediaAccessibility
0x00007fffbbb4a000 	/System/Library/PrivateFrameworks/Mangrove.framework/Versions/A/Mangrove
0x00007fffb7510000 	/System/Library/PrivateFrameworks/CoreAUC.framework/Versions/A/CoreAUC
0x00007fffb5937000 	/System/Library/PrivateFrameworks/AppleVA.framework/Versions/A/AppleVA
0x00007fffab9d9000 	/System/Library/Frameworks/Carbon.framework/Versions/A/Frameworks/CommonPanels.framework/Versions/A/CommonPanels
0x00007fffabce7000 	/System/Library/Frameworks/Carbon.framework/Versions/A/Frameworks/Help.framework/Versions/A/Help
0x00007fffabceb000 	/System/Library/Frameworks/Carbon.framework/Versions/A/Frameworks/ImageCapture.framework/Versions/A/ImageCapture
0x00007fffabd89000 	/System/Library/Frameworks/Carbon.framework/Versions/A/Frameworks/OpenScripting.framework/Versions/A/OpenScripting
0x00007fffabda4000 	/System/Library/Frameworks/Carbon.framework/Versions/A/Frameworks/Print.framework/Versions/A/Print
0x00007fffabda6000 	/System/Library/Frameworks/Carbon.framework/Versions/A/Frameworks/SecurityHI.framework/Versions/A/SecurityHI
0x00007fffc0267000 	/System/Library/PrivateFrameworks/XPCService.framework/Versions/A/XPCService
0x00007fffb5741000 	/System/Library/PrivateFrameworks/AppSandbox.framework/Versions/A/AppSandbox
0x00007fffc1781000 	/usr/lib/libsandbox.1.dylib
0x00007fffb5725000 	/System/Library/PrivateFrameworks/AppContainer.framework/Versions/A/AppContainer
0x00007fffbddff000 	/System/Library/PrivateFrameworks/SecCodeWrapper.framework/Versions/A/SecCodeWrapper
0x00007fffc067f000 	/usr/lib/libMatch.1.dylib
0x00007fffb7bc6000 	/System/Library/PrivateFrameworks/CorePDF.framework/Versions/A/CorePDF
0x00007fffb2222000 	/System/Library/Frameworks/SafariServices.framework/Versions/A/SafariServices
0x00007fffb21cc000 	/System/Library/Frameworks/QuickLook.framework/Versions/A/QuickLook
0x00007fffbbfda000 	/System/Library/PrivateFrameworks/MobileKeyBag.framework/Versions/A/MobileKeyBag
0x00007fffbfd5c000 	/System/Library/PrivateFrameworks/ViewBridge.framework/Versions/A/ViewBridge
0x00007fffbd0fa000 	/System/Library/PrivateFrameworks/QuickLookThumbnailing.framework/Versions/A/QuickLookThumbnailing
0x00007fffb8840000 	/System/Library/PrivateFrameworks/DisplayServices.framework/Versions/A/DisplayServices
0x00007fffae4a3000 	/System/Library/Frameworks/ImageCaptureCore.framework/Versions/A/ImageCaptureCore
0x0000000117fec000 	/Applications/Stata/utilities/java/macosx-x64/zulu-jre11.0.4/lib/jli/libjli.dylib
0x0000000118235000 	/Applications/Stata/utilities/java/macosx-x64/zulu-jre11.0.4//lib/server/libjvm.dylib
0x0000000111657000 	cl_kernels
0x0000000118fde000 	/System/Library/Frameworks/OpenCL.framework/Versions/A/Libraries/ImageFormats/unorm8_bgra.dylib
0x0000000119108000 	/System/Library/Frameworks/OpenCL.framework/Versions/A/Libraries/ImageFormats/unorm8_rgba.dylib
0x000000011925e000 	/Applications/Stata/utilities/java/macosx-x64/zulu-jre11.0.4/lib/libverify.dylib
0x00000001192fd000 	/Applications/Stata/utilities/java/macosx-x64/zulu-jre11.0.4/lib/libjava.dylib
0x0000000119365000 	/Applications/Stata/utilities/java/macosx-x64/zulu-jre11.0.4/lib/libzip.dylib
0x0000000119440000 	/Applications/Stata/utilities/java/macosx-x64/zulu-jre11.0.4/lib/libjimage.dylib
0x0000000136365000 	/Applications/Stata/utilities/java/macosx-x64/zulu-jre11.0.4/lib/libnio.dylib
0x0000000136377000 	/Applications/Stata/utilities/java/macosx-x64/zulu-jre11.0.4/lib/./libnet.dylib
0x000000013662e000 	/Applications/Stata/utilities/java/macosx-x64/zulu-jre11.0.4/lib/libsunec.dylib
0x00000001368c5000 	/Applications/Stata/utilities/java/macosx-x64/zulu-jre11.0.4/lib/libextnet.dylib
0x00007fffbdf1f000 	/System/Library/PrivateFrameworks/Shortcut.framework/Versions/A/Shortcut
0x00007fffbabe2000 	/System/Library/PrivateFrameworks/HelpData.framework/Versions/A/HelpData
0x000000013648e000 	/Applications/Stata/utilities/java/macosx-x64/zulu-jre11.0.4/lib/libawt.dylib
0x0000000136530000 	/Applications/Stata/utilities/java/macosx-x64/zulu-jre11.0.4/lib/./libmlib_image.dylib
0x000000011cdcc000 	/System/Library/Frameworks/JavaVM.framework/Versions/A/Frameworks/JavaNativeFoundation.framework/Versions/A/JavaNativeFoundation
0x000000011cde1000 	/System/Library/Frameworks/JavaVM.framework/Versions/A/Frameworks/JavaRuntimeSupport.framework/Versions/A/JavaRuntimeSupport
0x00000001192ba000 	/System/Library/Frameworks/JavaVM.framework/Versions/A/JavaVM
0x000000011944c000 	/System/Library/PrivateFrameworks/JavaLaunching.framework/Versions/A/JavaLaunching
0x0000000136cea000 	/Applications/Stata/utilities/java/macosx-x64/zulu-jre11.0.4/lib/libawt_lwawt.dylib
0x00000001365a2000 	/Applications/Stata/utilities/java/macosx-x64/zulu-jre11.0.4/lib/./libosxapp.dylib
0x00007fffade9b000 	/System/Library/Frameworks/ExceptionHandling.framework/Versions/A/ExceptionHandling
0x0000000136e44000 	/Applications/Stata/utilities/java/macosx-x64/zulu-jre11.0.4/lib/libfontmanager.dylib
0x0000000136f62000 	/Applications/Stata/utilities/java/macosx-x64/zulu-jre11.0.4/lib/./libfreetype.dylib
0x0000000136283000 	/Applications/Stata/utilities/java/macosx-x64/zulu-jre11.0.4/lib/libosxui.dylib
0x00007fffb8e54000 	/System/Library/PrivateFrameworks/FinderKit.framework/Versions/A/FinderKit
0x00007fffb5dd4000 	/System/Library/PrivateFrameworks/Bom.framework/Versions/A/Bom
0x00007fffbe71a000 	/System/Library/PrivateFrameworks/Suggestions.framework/Versions/A/Suggestions
0x00007fffbed10000 	/System/Library/PrivateFrameworks/SystemAdministration.framework/Versions/A/SystemAdministration
0x00007fffb8702000 	/System/Library/PrivateFrameworks/DiskImages.framework/Versions/A/DiskImages
0x00007fffa9ce0000 	/System/Library/Frameworks/AddressBook.framework/Versions/A/AddressBook
0x00007fffb74a4000 	/System/Library/PrivateFrameworks/ContactsPersistence.framework/Versions/A/ContactsPersistence
0x00007fffb6447000 	/System/Library/PrivateFrameworks/CalendarAgentLink.framework/Versions/A/CalendarAgentLink
0x00007fffb7452000 	/System/Library/PrivateFrameworks/ContactsFoundation.framework/Versions/A/ContactsFoundation
0x00007fffc036c000 	/System/Library/PrivateFrameworks/vCard.framework/Versions/A/vCard
0x00007fffbf0e6000 	/System/Library/PrivateFrameworks/ToneLibrary.framework/Versions/A/ToneLibrary
0x00007fffbf0d0000 	/System/Library/PrivateFrameworks/ToneKit.framework/Versions/A/ToneKit
0x00007fffb590e000 	/System/Library/PrivateFrameworks/ApplePushService.framework/Versions/A/ApplePushService
0x00007fffadc3c000 	/System/Library/Frameworks/DirectoryService.framework/Versions/A/DirectoryService
0x00007fffb2aab000 	/System/Library/Frameworks/SecurityInterface.framework/Versions/A/SecurityInterface
0x00007fffbca3a000 	/System/Library/PrivateFrameworks/PhoneNumbers.framework/Versions/A/PhoneNumbers
0x00007fffaf56c000 	/System/Library/Frameworks/LDAP.framework/Versions/A/LDAP
0x00007fffa9ca2000 	/System/Library/Frameworks/Accounts.framework/Versions/A/Accounts
0x00007fffbc52b000 	/System/Library/PrivateFrameworks/OAuth.framework/Versions/A/OAuth
0x00007fffb79bb000 	/System/Library/PrivateFrameworks/CoreDaemon.framework/Versions/B/CoreDaemon
0x00007fffb592a000 	/System/Library/PrivateFrameworks/AppleSRP.framework/Versions/A/AppleSRP
0x00007fffc17bb000 	/usr/lib/libsasl2.2.dylib
0x00007fffbb526000 	/System/Library/PrivateFrameworks/LoginUIKit.framework/Versions/A/Frameworks/LoginUICore.framework/Versions/A/LoginUICore
0x00007fffc03bd000 	/usr/lib/libCoreStorage.dylib
0x00007fffc0ba3000 	/usr/lib/libcsfde.dylib
0x00007fffc170f000 	/usr/lib/libodfde.dylib
0x00007fffadc48000 	/System/Library/Frameworks/DiscRecording.framework/Versions/A/DiscRecording
0x00007fffc0c03000 	/usr/lib/libcurl.4.dylib
0x00007fffbbc26000 	/System/Library/PrivateFrameworks/MediaKit.framework/Versions/A/MediaKit
0x00007fffb8890000 	/System/Library/PrivateFrameworks/EFILogin.framework/Versions/A/EFILogin
0x00007fffc1a0f000 	/usr/lib/libutil.dylib
0x00007fffb4faa000 	/System/Library/PrivateFrameworks/APFS.framework/Versions/A/APFS
0x00007fffb6052000 	/System/Library/PrivateFrameworks/CacheDelete.framework/Versions/A/CacheDelete
0x00007fffbd02f000 	/System/Library/PrivateFrameworks/PlugInKit.framework/Versions/A/PlugInKit
0x00007fffc02ba000 	/System/Library/PrivateFrameworks/iLifeMediaBrowser.framework/Versions/A/iLifeMediaBrowser
0x00007fffa8eb8000 	/System/Library/Frameworks/AVKit.framework/Versions/A/AVKit
0x00007fffbbc5b000 	/System/Library/PrivateFrameworks/MediaRemote.framework/Versions/A/MediaRemote
0x00007fffbbdbc000 	/System/Library/PrivateFrameworks/MediaServices.framework/Versions/A/MediaServices
0x0000000119243000 	cl_kernels
0x0000000166883000 	/System/Library/Frameworks/OpenCL.framework/Versions/A/Libraries/ImageFormats/unorm8_rgx.dylib
0x000000011964a000 	/System/Library/PrivateFrameworks/CoreNLP.framework/Versions/A/CoreNLP
0x00007fffb84c6000 	/System/Library/PrivateFrameworks/DataDetectors.framework/Versions/A/DataDetectors
0x00007fffb47f3000 	/System/Library/Frameworks/WebKit.framework/Versions/A/WebKit
0x00007fffb4606000 	/System/Library/Frameworks/WebKit.framework/Versions/A/Frameworks/WebKitLegacy.framework/Versions/A/WebKitLegacy
0x00007fffb327e000 	/System/Library/Frameworks/WebKit.framework/Versions/A/Frameworks/WebCore.framework/Versions/A/WebCore
0x000000010f75b000 	cl_kernels
0x000000010f966000 	/usr/lib/libgermantok.dylib
0x000000010f737000 	cl_kernels
0x00007fffbd06b000 	/System/Library/PrivateFrameworks/PrintingPrivate.framework/Versions/A/PrintingPrivate
0x00000001196e8000 	/System/Library/PrivateFrameworks/PrintingPrivate.framework/Versions/Current/Plugins/PrintCocoaUI.bundle/Contents/MacOS/PrintCocoaUI
0x00007fffb271a000 	/System/Library/Frameworks/ScriptingBridge.framework/Versions/A/ScriptingBridge
0x00007fffc0c8d000 	/usr/lib/libffi.dylib
0x0000000136392000 	/System/Library/PrivateFrameworks/PrintingPrivate.framework/Versions/A/Plugins/PrintingCocoaPDEs.bundle/Contents/MacOS/PrintingCocoaPDEs


VM Arguments:
jvm_args: -Xmx2048M -Xss2M -XX:ErrorFile=/dev/null 
java_command: <unknown>
java_class_path (initial): /Applications/Stata/utilities/jar/aspose-words-18.11-jdk16.jar:/Applications/Stata/utilities/jar/libdeps-core.jar:/Applications/Stata/utilities/jar/libstata-core.jar:/Applications/Stata/utilities/jar/sfi-api.jar:
Launcher Type: generic

[Global flags]
     intx CICompilerCount                          = 3                                         {product} {ergonomic}
     uint ConcGCThreads                            = 1                                         {product} {ergonomic}
    ccstr ErrorFile                                = /dev/null                                 {product} {command line}
     uint G1ConcRefinementThreads                  = 4                                         {product} {ergonomic}
   size_t G1HeapRegionSize                         = 1048576                                   {product} {ergonomic}
    uintx GCDrainStackTargetSize                   = 64                                        {product} {ergonomic}
   size_t InitialHeapSize                          = 134217728                                 {product} {ergonomic}
   size_t MarkStackSize                            = 4194304                                   {product} {ergonomic}
   size_t MaxHeapSize                              = 2147483648                                {product} {command line}
   size_t MaxNewSize                               = 1287651328                                {product} {ergonomic}
   size_t MinHeapDeltaBytes                        = 1048576                                   {product} {ergonomic}
    uintx NonNMethodCodeHeapSize                   = 5830092                                {pd product} {ergonomic}
    uintx NonProfiledCodeHeapSize                  = 122914074                              {pd product} {ergonomic}
    uintx ProfiledCodeHeapSize                     = 122914074                              {pd product} {ergonomic}
    uintx ReservedCodeCacheSize                    = 251658240                              {pd product} {ergonomic}
     bool SegmentedCodeCache                       = true                                      {product} {ergonomic}
     intx ThreadStackSize                          = 2048                                   {pd product} {command line}
     bool UseCompressedClassPointers               = true                                 {lp64_product} {ergonomic}
     bool UseCompressedOops                        = true                                 {lp64_product} {ergonomic}
     bool UseG1GC                                  = true                                      {product} {ergonomic}

Logging:
Log output configuration:
 #0: stdout all=warning uptime,level,tags
 #1: stderr all=off uptime,level,tags

Environment Variables:
PATH=/usr/bin:/bin:/usr/sbin:/sbin:/Applications/Stata/utilities/java/macosx-x64/zulu-jre11.0.4/bin
SHELL=/bin/bash

Signal Handlers:
SIGSEGV: [libjvm.dylib+0x77e064], sa_mask[0]=11111111011111110111111111111111, sa_flags=SA_ONSTACK|SA_RESTART|SA_SIGINFO
SIGBUS: [libjvm.dylib+0x77e064], sa_mask[0]=11111111011111110111111111111111, sa_flags=SA_RESTART|SA_SIGINFO
SIGFPE: [libjvm.dylib+0x77e064], sa_mask[0]=11111111011111110111111111111111, sa_flags=SA_RESTART|SA_SIGINFO
SIGPIPE: [libjvm.dylib+0x617f92], sa_mask[0]=11111111011111110111111111111111, sa_flags=SA_RESTART|SA_SIGINFO
SIGXFSZ: [libjvm.dylib+0x617f92], sa_mask[0]=11111111011111110111111111111111, sa_flags=SA_RESTART|SA_SIGINFO
SIGILL: [libjvm.dylib+0x77e064], sa_mask[0]=11111111011111110111111111111111, sa_flags=SA_RESTART|SA_SIGINFO
SIGUSR2: [libjvm.dylib+0x6185a2], sa_mask[0]=11100000000001110111111111011111, sa_flags=SA_RESTART|SA_SIGINFO
SIGHUP: [libjvm.dylib+0x617009], sa_mask[0]=11111111011111110111111111111111, sa_flags=SA_RESTART|SA_SIGINFO
SIGINT: [libjvm.dylib+0x617009], sa_mask[0]=11111111011111110111111111111111, sa_flags=SA_RESTART|SA_SIGINFO
SIGTERM: [libjvm.dylib+0x617009], sa_mask[0]=11111111011111110111111111111111, sa_flags=SA_RESTART|SA_SIGINFO
SIGQUIT: [libjvm.dylib+0x617009], sa_mask[0]=11111111011111110111111111111111, sa_flags=SA_RESTART|SA_SIGINFO


---------------  S Y S T E M  ---------------

OS:uname:Darwin 16.7.0 Darwin Kernel Version 16.7.0: Thu Jun 15 17:36:27 PDT 2017; root:xnu-3789.70.16~2/RELEASE_X86_64 x86_64
rlimit: STACK 8192k, CORE 0k, NPROC 709, NOFILE 10240, AS infinity, DATA infinity, FSIZE infinity
load average:1.25 1.36 1.38

CPU:total 4 (initial active 4) (2 cores per cpu, 2 threads per core) family 6 model 61 stepping 4, cmov, cx8, fxsr, mmx, sse, sse2, sse3, ssse3, sse4.1, sse4.2, popcnt, avx, avx2, aes, clmul, erms, 3dnowpref, lzcnt, ht, tsc, tscinvbit, bmi1, bmi2, adx, fma

Memory: 4k page, physical 8388608k(1424176k free)

vm_info: OpenJDK 64-Bit Server VM (11.0.4+11-LTS) for bsd-amd64 JRE (Zulu11.33+15-CA) (11.0.4+11-LTS), built on Jul 11 2019 11:30:37 by "zulu_re" with gcc 4.2.1 Compatible Apple LLVM 6.1.0 (clang-602.0.53)

END.
