#
# A fatal error has been detected by the Java Runtime Environment:
#
#  SIGSEGV (0xb) at pc=0x00007fffc3fa305d, pid=777, tid=775
#
# JRE version: OpenJDK Runtime Environment (Zulu11.33+15-CA) (11.0.4+11) (build 11.0.4+11-LTS)
# Java VM: OpenJDK 64-Bit Server VM (11.0.4+11-LTS, mixed mode, tiered, compressed oops, g1 gc, bsd-amd64)
# Problematic frame:
# C  [libobjc.A.dylib+0x705d]  objc_msgSend+0x1d
#
# No core dump will be written. Core dumps have been disabled. To enable core dumping, try "ulimit -c unlimited" before starting Java again
#
# If you would like to submit a bug report, please visit:
#   http://www.azulsystems.com/support/
# The crash happened outside the Java Virtual Machine in native code.
# See problematic frame for where to report the bug.
#

---------------  S U M M A R Y ------------

Command Line: -Xmx2048M -Xss2M -XX:ErrorFile=/dev/null 

Host: MacBookAir7,2 x86_64 1600 MHz, 4 cores, 8G, Darwin 16.7.0
Time: Wed Nov 13 22:06:59 2019 PST elapsed time: 3473 seconds (0d 0h 57m 53s)

---------------  T H R E A D  ---------------

Current thread (0x00007faf6002f000):  JavaThread "AppKit Thread" daemon [_thread_in_native, id=775, stack(0x00007fff4f937000,0x00007fff50137000)]

Stack: [0x00007fff4f937000,0x00007fff50137000],  sp=0x00007fff501341d8,  free space=8180k
Native frames: (J=compiled Java code, A=aot compiled Java code, j=interpreted, Vv=VM code, C=native code)
C  [libobjc.A.dylib+0x705d]  objc_msgSend+0x1d
C  [StataSE+0x46c469]
[error occurred during error reporting (printing native stack), id 0xe0000000, Internal Error (/Users/tester/jenkins/workspace/zulu11-build-macos/zulu-src/src/hotspot/os/bsd/decoder_machO.hpp:43)]


siginfo: si_signo: 11 (SIGSEGV), si_code: 1 (SEGV_MAPERR), si_addr: 0x0000000000000018

Register to memory mapping:

RAX=0x00000000000000b8 is an unknown value
RBX=0x00007faf6531b760 points into unknown readable memory: c1 bf 31 00 00 e0 3d 02
RCX=0x00000000000347e4 is an unknown value
RDX=0x00007faf6531b760 points into unknown readable memory: c1 bf 31 00 00 e0 3d 02
RSP=0x00007fff501341d8 is pointing into the stack for thread: 0x00007faf6002f000
RBP=0x00007fff50134240 is pointing into the stack for thread: 0x00007faf6002f000
RSI=0x00007fffad8ad829: __NSStyleNameIndexTable+0x100471 in /System/Library/Frameworks/AppKit.framework/Versions/C/AppKit at 0x00007fffacbc0000
RDI=0x00007faf65319690 points into unknown readable memory: 00 00 00 00 00 00 00 00
R8 =64 is a compressed pointer to class: 0x0000000800000040
R9 =0x00006080000ddd78 points into unknown readable memory: 00 00 00 00 00 00 00 00
R10=0x0 is NULL
R11=0x00007fffad8ad829: __NSStyleNameIndexTable+0x100471 in /System/Library/Frameworks/AppKit.framework/Versions/C/AppKit at 0x00007fffacbc0000
R12=0x0000000000000108 is an unknown value
R13=0x0 is NULL
R14=0x0000600000319470 points into unknown readable memory: ad be 15 91 1b ba dd ba
R15=0x00007fffc3fa3040: objc_msgSend+0 in /usr/lib/libobjc.A.dylib at 0x00007fffc3f9c000


Registers:
RAX=0x00000000000000b8, RBX=0x00007faf6531b760, RCX=0x00000000000347e4, RDX=0x00007faf6531b760
RSP=0x00007fff501341d8, RBP=0x00007fff50134240, RSI=0x00007fffad8ad829, RDI=0x00007faf65319690
R8 =0x0000000000000040, R9 =0x00006080000ddd78, R10=0x0000000000000000, R11=0x00007fffad8ad829
R12=0x0000000000000108, R13=0x0000000000000000, R14=0x0000600000319470, R15=0x00007fffc3fa3040
RIP=0x00007fffc3fa305d, EFLAGS=0x0000000000010246, ERR=0x0000000000000004
  TRAPNO=0x000000000000000e

Top of Stack: (sp=0x00007fff501341d8)
0x00007fff501341d8:   00007fffacf304ce c3e0000000000000
0x00007fff501341e8:   0000000000000000 00007fffc985def0
0x00007fff501341f8:   0000600001250d40 0000600001250d40
0x00007fff50134208:   00007fffc98b04e0 0000000000000000
0x00007fff50134218:   0000600000319470 00007fffc3fa3040
0x00007fff50134228:   000060800035dbc0 000060800035eda0
0x00007fff50134238:   00007fffc3fa3040 00007fff50134280
0x00007fff50134248:   000000010ff35469 000060800035eda0
0x00007fff50134258:   000060800035eda0 00007fffc3fa3040
0x00007fff50134268:   00006000005f1c00 000060800027a180
0x00007fff50134278:   000060800035dbc0 00007fff501342c0
0x00007fff50134288:   000000010faf9cfe 0000000000000000
0x00007fff50134298:   0000608000e80500 0000000000000000
0x00007fff501342a8:   0000000000000080 00006080005efa00
0x00007fff501342b8:   0000608001476e00 00007fff501342e0
0x00007fff501342c8:   00007fffacf6e796 00007fffacf6e773
0x00007fff501342d8:   0000608001476e00 00007fff50134300
0x00007fff501342e8:   00007fffad1220dd 0000000000000090
0x00007fff501342f8:   00006000003daf40 00007fff50134340
0x00007fff50134308:   00007fffad02e1e3 00006080005efa00
0x00007fff50134318:   00007fffc3fa3040 00007fffc3fa3040
0x00007fff50134328:   00006000005f1c00 00006080005efa00
0x00007fff50134338:   0000000000000000 00007fff501343b0
0x00007fff50134348:   00007ffface77b84 000060000035ecf0
0x00007fff50134358:   0000608001476e00 00007fffad82ea9d
0x00007fff50134368:   000060800005ede0 0000000000000000
0x00007fff50134378:   0000000100000309 00006000003daf40
0x00007fff50134388:   000060000035ecf0 00007fffad82e8d6
0x00007fff50134398:   00007fffc3fa3040 0000000000000000
0x00007fff501343a8:   00006000003daf40 00007fff501343f0
0x00007fff501343b8:   00007fffaced79e3 00006000003daf40
0x00007fff501343c8:   0000608000e94a00 00007fffad82e8d6 

Instructions: (pc=0x00007fffc3fa305d)
0x00007fffc3fa2f5d:   b7 81 00 00 48 89 f8 5d c3 48 8d 05 fb a5 75 09
0x00007fffc3fa2f6d:   48 8b 30 5d e9 ca 00 00 00 31 f6 5d e9 2e 79 00
0x00007fffc3fa2f7d:   00 90 90 31 c0 31 d2 0f 57 c0 0f 57 c9 c3 90 d9
0x00007fffc3fa2f8d:   ee 31 c0 31 d2 0f 57 c0 0f 57 c9 c3 0f 1f 00 d9
0x00007fffc3fa2f9d:   ee d9 ee 31 c0 31 d2 0f 57 c0 0f 57 c9 c3 90 48
0x00007fffc3fa2fad:   89 f8 c3 49 89 fa 49 89 f3 45 23 5a 18 49 c1 e3
0x00007fffc3fa2fbd:   04 4d 03 5a 10 49 3b 33 75 05 49 8b 43 08 c3 49
0x00007fffc3fa2fcd:   83 3b 01 76 0e 49 83 c3 10 49 3b 33 75 f1 49 8b
0x00007fffc3fa2fdd:   43 08 c3 72 1c 4d 8b 5b 08 eb 0a 49 83 3b 01 76
0x00007fffc3fa2fed:   0e 49 83 c3 10 49 3b 33 75 f1 49 8b 43 08 c3 eb
0x00007fffc3fa2ffd:   00 31 c0 c3 66 66 66 66 66 66 2e 0f 1f 84 00 00
0x00007fffc3fa300d:   00 00 00 66 66 66 66 66 66 2e 0f 1f 84 00 00 00
0x00007fffc3fa301d:   00 00 66 66 66 66 66 66 2e 0f 1f 84 00 00 00 00
0x00007fffc3fa302d:   00 66 66 66 66 66 66 2e 0f 1f 84 00 00 00 00 00
0x00007fffc3fa303d:   0f 1f 00 48 85 ff 2e 74 62 40 f6 c7 01 2e 75 66
0x00007fffc3fa304d:   49 ba f8 ff ff ff ff 7f 00 00 4c 23 17 49 89 f3
0x00007fffc3fa305d:   45 23 5a 18 49 c1 e3 04 4d 03 5a 10 49 3b 33 75
0x00007fffc3fa306d:   04 41 ff 63 08 49 83 3b 01 76 0d 49 83 c3 10 49
0x00007fffc3fa307d:   3b 33 75 f1 41 ff 63 08 72 64 4d 8b 5b 08 eb 0a
0x00007fffc3fa308d:   49 83 3b 01 76 0d 49 83 c3 10 49 3b 33 75 f1 41
0x00007fffc3fa309d:   ff 63 08 eb 49 66 0f 1f 44 00 00 31 c0 31 d2 0f
0x00007fffc3fa30ad:   57 c0 0f 57 c9 c3 41 89 fb 41 83 e3 0f 41 83 fb
0x00007fffc3fa30bd:   0f 74 0d 4c 8d 15 69 35 6a 09 4f 8b 14 da eb 8d
0x00007fffc3fa30cd:   41 89 fb 41 c1 eb 04 41 81 e3 ff 00 00 00 4c 8d
0x00007fffc3fa30dd:   15 ce 35 6a 09 4f 8b 14 da e9 6f ff ff ff e9 a0
0x00007fffc3fa30ed:   09 00 00 66 66 66 66 66 66 2e 0f 1f 84 00 00 00
0x00007fffc3fa30fd:   00 00 90 48 85 ff 2e 74 62 40 f6 c7 01 2e 75 63
0x00007fffc3fa310d:   49 ba f8 ff ff ff ff 7f 00 00 4c 23 17 49 89 f3
0x00007fffc3fa311d:   45 23 5a 18 49 c1 e3 04 4d 03 5a 10 49 3b 33 75
0x00007fffc3fa312d:   05 4d 8b 5b 08 c3 49 83 3b 01 76 0e 49 83 c3 10
0x00007fffc3fa313d:   49 3b 33 75 f1 4d 8b 5b 08 c3 72 5f 4d 8b 5b 08
0x00007fffc3fa314d:   eb 0a 49 83 3b 01 76 0e 49 83 c3 10 49 3b 33 75 


Stack slot to memory mapping:
stack at sp + 0 slots: 0x00007fffacf304ce: -[NSTabView removeTabViewItem:]+0x2e6 in /System/Library/Frameworks/AppKit.framework/Versions/C/AppKit at 0x00007fffacbc0000
stack at sp + 1 slots: 0xc3e0000000000000 is an unknown value
stack at sp + 2 slots: 0x0 is NULL
stack at sp + 3 slots: 0x00007fffc985def0: __block_literal_global.67+0 in /System/Library/Frameworks/AppKit.framework/Versions/C/AppKit at 0x00007fffacbc0000
stack at sp + 4 slots: 0x0000600001250d40 points into unknown readable memory: 31 9c 13 ca ff ff 1d 01
stack at sp + 5 slots: 0x0000600001250d40 points into unknown readable memory: 31 9c 13 ca ff ff 1d 01
stack at sp + 6 slots: 0x00007fffc98b04e0: __block_descriptor_tmp.198+0x2ded0 in /System/Library/Frameworks/AppKit.framework/Versions/C/AppKit at 0x00007fffacbc0000
stack at sp + 7 slots: 0x0 is NULL


---------------  P R O C E S S  ---------------

Threads class SMR info:
_java_thread_list=0x000060800042ca60, length=14, elements={
0x00007faf5f123000, 0x00007faf607f7000, 0x00007faf60a0b800, 0x00007faf5f962000,
0x00007faf5f87c800, 0x00007faf60a22800, 0x00007faf5f878000, 0x00007faf5f815000,
0x00007faf60a0f000, 0x00007faf5fa25800, 0x00007faf6002f000, 0x00007faf6025c000,
0x00007faf6324c800, 0x00007faf5f202800
}

Java Threads: ( => current thread )
  0x00007faf5f123000 JavaThread "main" [_thread_in_native, id=5379, stack(0x000070000b345000,0x000070000b3c5000)]
  0x00007faf607f7000 JavaThread "Reference Handler" daemon [_thread_blocked, id=57859, stack(0x000070000bcec000,0x000070000beec000)]
  0x00007faf60a0b800 JavaThread "Finalizer" daemon [_thread_blocked, id=58627, stack(0x000070000beef000,0x000070000c0ef000)]
  0x00007faf5f962000 JavaThread "Signal Dispatcher" daemon [_thread_blocked, id=59907, stack(0x000070000c0f2000,0x000070000c2f2000)]
  0x00007faf5f87c800 JavaThread "C2 CompilerThread0" daemon [_thread_blocked, id=60675, stack(0x000070000c2f5000,0x000070000c3f5000)]
  0x00007faf60a22800 JavaThread "C1 CompilerThread0" daemon [_thread_blocked, id=61443, stack(0x000070000c3f8000,0x000070000c4f8000)]
  0x00007faf5f878000 JavaThread "Sweeper thread" daemon [_thread_blocked, id=62211, stack(0x000070000c4fb000,0x000070000c6fb000)]
  0x00007faf5f815000 JavaThread "Service Thread" daemon [_thread_blocked, id=62979, stack(0x000070000c6fe000,0x000070000c8fe000)]
  0x00007faf60a0f000 JavaThread "Common-Cleaner" daemon [_thread_blocked, id=64259, stack(0x000070000ca04000,0x000070000cc04000)]
  0x00007faf5fa25800 JavaThread "Thread-1" [_thread_in_native, id=22023, stack(0x000070000b345000,0x000070000b3c5000)]
=>0x00007faf6002f000 JavaThread "AppKit Thread" daemon [_thread_in_native, id=775, stack(0x00007fff4f937000,0x00007fff50137000)]
  0x00007faf6025c000 JavaThread "Java2D Queue Flusher" daemon [_thread_blocked, id=4651, stack(0x000070000d419000,0x000070000d619000)]
  0x00007faf6324c800 JavaThread "Java2D Disposer" daemon [_thread_blocked, id=70683, stack(0x000070000d61c000,0x000070000d81c000)]
  0x00007faf5f202800 JavaThread "TimerQueue" daemon [_thread_blocked, id=75291, stack(0x000070000d81f000,0x000070000da1f000)]

Other Threads:
  0x00007faf60a0a800 VMThread "VM Thread" [stack: 0x000070000bbe9000,0x000070000bce9000] [id=57131]
  0x00007faf60139800 WatcherThread [stack: 0x000070000c901000,0x000070000ca01000] [id=63491]
  0x00007faf6097e000 GCTaskThread "GC Thread#0" [stack: 0x000070000b657000,0x000070000b757000] [id=47363]
  0x00007faf60b18800 GCTaskThread "GC Thread#1" [stack: 0x000070000cc07000,0x000070000cd07000] [id=26803]
  0x00007faf6324f800 GCTaskThread "GC Thread#2" [stack: 0x000070000cf0d000,0x000070000d00d000] [id=27399]
  0x00007faf60194000 GCTaskThread "GC Thread#3" [stack: 0x000070000d010000,0x000070000d110000] [id=28679]
  0x00007faf609ae800 ConcurrentGCThread "G1 Main Marker" [stack: 0x000070000b75a000,0x000070000b85a000] [id=47875]
  0x00007faf609af800 ConcurrentGCThread "G1 Conc#0" [stack: 0x000070000b85d000,0x000070000b95d000] [id=48899]
  0x00007faf60a00000 ConcurrentGCThread "G1 Refine#0" [stack: 0x000070000b960000,0x000070000ba60000] [id=49423]
  0x00007faf60ad3000 ConcurrentGCThread "G1 Refine#1" [stack: 0x000070000d113000,0x000070000d213000] [id=70067]
  0x00007faf5f90f000 ConcurrentGCThread "G1 Young RemSet Sampling" [stack: 0x000070000ba63000,0x000070000bb63000] [id=49923]

Threads with active compile tasks:

VM state:not at safepoint (normal execution)

VM Mutex/Monitor currently owned by a thread: None

Heap address: 0x0000000780000000, size: 2048 MB, Compressed Oops mode: Zero based, Oop shift amount: 3
Narrow klass base: 0x0000000800000000, Narrow klass shift: 0
Compressed class space size: 1073741824 Address: 0x0000000800000000

Heap:
 garbage-first heap   total 131072K, used 82975K [0x0000000780000000, 0x0000000800000000)
  region size 1024K, 51 young (52224K), 8 survivors (8192K)
 Metaspace       used 30398K, capacity 31162K, committed 31360K, reserved 1077248K
  class space    used 3753K, capacity 4113K, committed 4224K, reserved 1048576K
Heap Regions: E=young(eden), S=young(survivor), O=old, HS=humongous(starts), HC=humongous(continues), CS=collection set, F=free, A=archive, TAMS=top-at-mark-start (previous, next)
|   0|0x0000000780000000, 0x0000000780100000, 0x0000000780100000|100%|HS|  |TAMS 0x0000000780100000, 0x0000000780000000| Complete 
|   1|0x0000000780100000, 0x0000000780200000, 0x0000000780200000|100%| O|  |TAMS 0x0000000780200000, 0x0000000780100000| Untracked 
|   2|0x0000000780200000, 0x0000000780300000, 0x0000000780300000|100%|HS|  |TAMS 0x0000000780300000, 0x0000000780200000| Complete 
|   3|0x0000000780300000, 0x0000000780400000, 0x0000000780400000|100%|HC|  |TAMS 0x0000000780400000, 0x0000000780300000| Complete 
|   4|0x0000000780400000, 0x0000000780500000, 0x0000000780500000|100%| O|  |TAMS 0x0000000780500000, 0x0000000780400000| Untracked 
|   5|0x0000000780500000, 0x0000000780600000, 0x0000000780600000|100%| O|  |TAMS 0x0000000780600000, 0x0000000780500000| Untracked 
|   6|0x0000000780600000, 0x000000078068ce00, 0x0000000780700000| 55%| O|  |TAMS 0x000000078068ce00, 0x0000000780600000| Untracked 
|   7|0x0000000780700000, 0x0000000780800000, 0x0000000780800000|100%|HS|  |TAMS 0x0000000780700000, 0x0000000780700000| Complete 
|   8|0x0000000780800000, 0x0000000780900000, 0x0000000780900000|100%|HC|  |TAMS 0x0000000780800000, 0x0000000780800000| Complete 
|   9|0x0000000780900000, 0x0000000780a00000, 0x0000000780a00000|100%|HC|  |TAMS 0x0000000780900000, 0x0000000780900000| Complete 
|  10|0x0000000780a00000, 0x0000000780b00000, 0x0000000780b00000|100%|HC|  |TAMS 0x0000000780a00000, 0x0000000780a00000| Complete 
|  11|0x0000000780b00000, 0x0000000780c00000, 0x0000000780c00000|100%|HC|  |TAMS 0x0000000780b00000, 0x0000000780b00000| Complete 
|  12|0x0000000780c00000, 0x0000000780d00000, 0x0000000780d00000|100%|HS|  |TAMS 0x0000000780c00000, 0x0000000780c00000| Complete 
|  13|0x0000000780d00000, 0x0000000780e00000, 0x0000000780e00000|100%|HC|  |TAMS 0x0000000780d00000, 0x0000000780d00000| Complete 
|  14|0x0000000780e00000, 0x0000000780f00000, 0x0000000780f00000|100%|HC|  |TAMS 0x0000000780e00000, 0x0000000780e00000| Complete 
|  15|0x0000000780f00000, 0x0000000781000000, 0x0000000781000000|100%|HC|  |TAMS 0x0000000780f00000, 0x0000000780f00000| Complete 
|  16|0x0000000781000000, 0x0000000781100000, 0x0000000781100000|100%|HC|  |TAMS 0x0000000781000000, 0x0000000781000000| Complete 
|  17|0x0000000781100000, 0x0000000781200000, 0x0000000781200000|100%|HS|  |TAMS 0x0000000781100000, 0x0000000781100000| Complete 
|  18|0x0000000781200000, 0x0000000781300000, 0x0000000781300000|100%|HC|  |TAMS 0x0000000781200000, 0x0000000781200000| Complete 
|  19|0x0000000781300000, 0x0000000781400000, 0x0000000781400000|100%|HC|  |TAMS 0x0000000781300000, 0x0000000781300000| Complete 
|  20|0x0000000781400000, 0x0000000781500000, 0x0000000781500000|100%|HC|  |TAMS 0x0000000781400000, 0x0000000781400000| Complete 
|  21|0x0000000781500000, 0x0000000781600000, 0x0000000781600000|100%|HC|  |TAMS 0x0000000781500000, 0x0000000781500000| Complete 
|  22|0x0000000781600000, 0x0000000781700000, 0x0000000781700000|100%|HS|  |TAMS 0x0000000781600000, 0x0000000781600000| Complete 
|  23|0x0000000781700000, 0x0000000781800000, 0x0000000781800000|100%|HC|  |TAMS 0x0000000781700000, 0x0000000781700000| Complete 
|  24|0x0000000781800000, 0x0000000781900000, 0x0000000781900000|100%|HC|  |TAMS 0x0000000781800000, 0x0000000781800000| Complete 
|  25|0x0000000781900000, 0x0000000781a00000, 0x0000000781a00000|100%|HC|  |TAMS 0x0000000781900000, 0x0000000781900000| Complete 
|  26|0x0000000781a00000, 0x0000000781b00000, 0x0000000781b00000|100%|HC|  |TAMS 0x0000000781a00000, 0x0000000781a00000| Complete 
|  27|0x0000000781b00000, 0x0000000781c00000, 0x0000000781c00000|100%|HS|  |TAMS 0x0000000781b00000, 0x0000000781b00000| Complete 
|  28|0x0000000781c00000, 0x0000000781d00000, 0x0000000781d00000|100%|HC|  |TAMS 0x0000000781c00000, 0x0000000781c00000| Complete 
|  29|0x0000000781d00000, 0x0000000781e00000, 0x0000000781e00000|100%|HC|  |TAMS 0x0000000781d00000, 0x0000000781d00000| Complete 
|  30|0x0000000781e00000, 0x0000000781f00000, 0x0000000781f00000|100%|HC|  |TAMS 0x0000000781e00000, 0x0000000781e00000| Complete 
|  31|0x0000000781f00000, 0x0000000782000000, 0x0000000782000000|100%|HC|  |TAMS 0x0000000781f00000, 0x0000000781f00000| Complete 
|  32|0x0000000782000000, 0x0000000782000000, 0x0000000782100000|  0%| F|  |TAMS 0x0000000782000000, 0x0000000782000000| Untracked 
|  33|0x0000000782100000, 0x0000000782100000, 0x0000000782200000|  0%| F|  |TAMS 0x0000000782100000, 0x0000000782100000| Untracked 
|  34|0x0000000782200000, 0x0000000782200000, 0x0000000782300000|  0%| F|  |TAMS 0x0000000782200000, 0x0000000782200000| Untracked 
|  35|0x0000000782300000, 0x0000000782300000, 0x0000000782400000|  0%| F|  |TAMS 0x0000000782300000, 0x0000000782300000| Untracked 
|  36|0x0000000782400000, 0x0000000782400000, 0x0000000782500000|  0%| F|  |TAMS 0x0000000782400000, 0x0000000782400000| Untracked 
|  37|0x0000000782500000, 0x0000000782500000, 0x0000000782600000|  0%| F|  |TAMS 0x0000000782500000, 0x0000000782500000| Untracked 
|  38|0x0000000782600000, 0x0000000782600000, 0x0000000782700000|  0%| F|  |TAMS 0x0000000782600000, 0x0000000782600000| Untracked 
|  39|0x0000000782700000, 0x0000000782700000, 0x0000000782800000|  0%| F|  |TAMS 0x0000000782700000, 0x0000000782700000| Untracked 
|  40|0x0000000782800000, 0x0000000782800000, 0x0000000782900000|  0%| F|  |TAMS 0x0000000782800000, 0x0000000782800000| Untracked 
|  41|0x0000000782900000, 0x0000000782900000, 0x0000000782a00000|  0%| F|  |TAMS 0x0000000782900000, 0x0000000782900000| Untracked 
|  42|0x0000000782a00000, 0x0000000782a00000, 0x0000000782b00000|  0%| F|  |TAMS 0x0000000782a00000, 0x0000000782a00000| Untracked 
|  43|0x0000000782b00000, 0x0000000782b00000, 0x0000000782c00000|  0%| F|  |TAMS 0x0000000782b00000, 0x0000000782b00000| Untracked 
|  44|0x0000000782c00000, 0x0000000782c00000, 0x0000000782d00000|  0%| F|  |TAMS 0x0000000782c00000, 0x0000000782c00000| Untracked 
|  45|0x0000000782d00000, 0x0000000782d00000, 0x0000000782e00000|  0%| F|  |TAMS 0x0000000782d00000, 0x0000000782d00000| Untracked 
|  46|0x0000000782e00000, 0x0000000782e00000, 0x0000000782f00000|  0%| F|  |TAMS 0x0000000782e00000, 0x0000000782e00000| Untracked 
|  47|0x0000000782f00000, 0x0000000782f7af08, 0x0000000783000000| 48%| S|CS|TAMS 0x0000000782f00000, 0x0000000782f00000| Complete 
|  48|0x0000000783000000, 0x0000000783100000, 0x0000000783100000|100%| S|CS|TAMS 0x0000000783000000, 0x0000000783000000| Complete 
|  49|0x0000000783100000, 0x0000000783200000, 0x0000000783200000|100%| S|CS|TAMS 0x0000000783100000, 0x0000000783100000| Complete 
|  50|0x0000000783200000, 0x0000000783300000, 0x0000000783300000|100%| S|CS|TAMS 0x0000000783200000, 0x0000000783200000| Complete 
|  51|0x0000000783300000, 0x0000000783400000, 0x0000000783400000|100%| S|CS|TAMS 0x0000000783300000, 0x0000000783300000| Complete 
|  52|0x0000000783400000, 0x0000000783500000, 0x0000000783500000|100%| S|CS|TAMS 0x0000000783400000, 0x0000000783400000| Complete 
|  53|0x0000000783500000, 0x0000000783600000, 0x0000000783600000|100%| S|CS|TAMS 0x0000000783500000, 0x0000000783500000| Complete 
|  54|0x0000000783600000, 0x0000000783700000, 0x0000000783700000|100%| S|CS|TAMS 0x0000000783600000, 0x0000000783600000| Complete 
|  55|0x0000000783700000, 0x0000000783700000, 0x0000000783800000|  0%| F|  |TAMS 0x0000000783700000, 0x0000000783700000| Untracked 
|  56|0x0000000783800000, 0x0000000783800000, 0x0000000783900000|  0%| F|  |TAMS 0x0000000783800000, 0x0000000783800000| Untracked 
|  57|0x0000000783900000, 0x0000000783900000, 0x0000000783a00000|  0%| F|  |TAMS 0x0000000783900000, 0x0000000783900000| Untracked 
|  58|0x0000000783a00000, 0x0000000783a00000, 0x0000000783b00000|  0%| F|  |TAMS 0x0000000783a00000, 0x0000000783a00000| Untracked 
|  59|0x0000000783b00000, 0x0000000783b00000, 0x0000000783c00000|  0%| F|  |TAMS 0x0000000783b00000, 0x0000000783b00000| Untracked 
|  60|0x0000000783c00000, 0x0000000783c00000, 0x0000000783d00000|  0%| F|  |TAMS 0x0000000783c00000, 0x0000000783c00000| Untracked 
|  61|0x0000000783d00000, 0x0000000783d00000, 0x0000000783e00000|  0%| F|  |TAMS 0x0000000783d00000, 0x0000000783d00000| Untracked 
|  62|0x0000000783e00000, 0x0000000783e00000, 0x0000000783f00000|  0%| F|  |TAMS 0x0000000783e00000, 0x0000000783e00000| Untracked 
|  63|0x0000000783f00000, 0x0000000783f00000, 0x0000000784000000|  0%| F|  |TAMS 0x0000000783f00000, 0x0000000783f00000| Untracked 
|  64|0x0000000784000000, 0x0000000784000000, 0x0000000784100000|  0%| F|  |TAMS 0x0000000784000000, 0x0000000784000000| Untracked 
|  65|0x0000000784100000, 0x0000000784100000, 0x0000000784200000|  0%| F|  |TAMS 0x0000000784100000, 0x0000000784100000| Untracked 
|  66|0x0000000784200000, 0x0000000784200000, 0x0000000784300000|  0%| F|  |TAMS 0x0000000784200000, 0x0000000784200000| Untracked 
|  67|0x0000000784300000, 0x0000000784300000, 0x0000000784400000|  0%| F|  |TAMS 0x0000000784300000, 0x0000000784300000| Untracked 
|  68|0x0000000784400000, 0x0000000784400000, 0x0000000784500000|  0%| F|  |TAMS 0x0000000784400000, 0x0000000784400000| Untracked 
|  69|0x0000000784500000, 0x0000000784500000, 0x0000000784600000|  0%| F|  |TAMS 0x0000000784500000, 0x0000000784500000| Untracked 
|  70|0x0000000784600000, 0x0000000784600000, 0x0000000784700000|  0%| F|  |TAMS 0x0000000784600000, 0x0000000784600000| Untracked 
|  71|0x0000000784700000, 0x0000000784700000, 0x0000000784800000|  0%| F|  |TAMS 0x0000000784700000, 0x0000000784700000| Untracked 
|  72|0x0000000784800000, 0x0000000784800000, 0x0000000784900000|  0%| F|  |TAMS 0x0000000784800000, 0x0000000784800000| Untracked 
|  73|0x0000000784900000, 0x0000000784900000, 0x0000000784a00000|  0%| F|  |TAMS 0x0000000784900000, 0x0000000784900000| Untracked 
|  74|0x0000000784a00000, 0x0000000784a00000, 0x0000000784b00000|  0%| F|  |TAMS 0x0000000784a00000, 0x0000000784a00000| Untracked 
|  75|0x0000000784b00000, 0x0000000784b00000, 0x0000000784c00000|  0%| F|  |TAMS 0x0000000784b00000, 0x0000000784b00000| Untracked 
|  76|0x0000000784c00000, 0x0000000784c00000, 0x0000000784d00000|  0%| F|  |TAMS 0x0000000784c00000, 0x0000000784c00000| Untracked 
|  77|0x0000000784d00000, 0x0000000784d00000, 0x0000000784e00000|  0%| F|  |TAMS 0x0000000784d00000, 0x0000000784d00000| Untracked 
|  78|0x0000000784e00000, 0x0000000784e00000, 0x0000000784f00000|  0%| F|  |TAMS 0x0000000784e00000, 0x0000000784e00000| Untracked 
|  79|0x0000000784f00000, 0x0000000784f00000, 0x0000000785000000|  0%| F|  |TAMS 0x0000000784f00000, 0x0000000784f00000| Untracked 
|  80|0x0000000785000000, 0x0000000785000000, 0x0000000785100000|  0%| F|  |TAMS 0x0000000785000000, 0x0000000785000000| Untracked 
|  81|0x0000000785100000, 0x0000000785100000, 0x0000000785200000|  0%| F|  |TAMS 0x0000000785100000, 0x0000000785100000| Untracked 
|  82|0x0000000785200000, 0x0000000785200000, 0x0000000785300000|  0%| F|  |TAMS 0x0000000785200000, 0x0000000785200000| Untracked 
|  83|0x0000000785300000, 0x0000000785300000, 0x0000000785400000|  0%| F|  |TAMS 0x0000000785300000, 0x0000000785300000| Untracked 
|  84|0x0000000785400000, 0x0000000785400000, 0x0000000785500000|  0%| F|  |TAMS 0x0000000785400000, 0x0000000785400000| Untracked 
|  85|0x0000000785500000, 0x0000000785500800, 0x0000000785600000|  0%| E|  |TAMS 0x0000000785500000, 0x0000000785500000| Complete 
|  86|0x0000000785600000, 0x0000000785700000, 0x0000000785700000|100%| E|CS|TAMS 0x0000000785600000, 0x0000000785600000| Complete 
|  87|0x0000000785700000, 0x0000000785800000, 0x0000000785800000|100%| E|CS|TAMS 0x0000000785700000, 0x0000000785700000| Complete 
|  88|0x0000000785800000, 0x0000000785900000, 0x0000000785900000|100%| E|CS|TAMS 0x0000000785800000, 0x0000000785800000| Complete 
|  89|0x0000000785900000, 0x0000000785a00000, 0x0000000785a00000|100%| E|CS|TAMS 0x0000000785900000, 0x0000000785900000| Complete 
|  90|0x0000000785a00000, 0x0000000785b00000, 0x0000000785b00000|100%| E|CS|TAMS 0x0000000785a00000, 0x0000000785a00000| Complete 
|  91|0x0000000785b00000, 0x0000000785c00000, 0x0000000785c00000|100%| E|CS|TAMS 0x0000000785b00000, 0x0000000785b00000| Complete 
|  92|0x0000000785c00000, 0x0000000785d00000, 0x0000000785d00000|100%| E|CS|TAMS 0x0000000785c00000, 0x0000000785c00000| Complete 
|  93|0x0000000785d00000, 0x0000000785e00000, 0x0000000785e00000|100%| E|CS|TAMS 0x0000000785d00000, 0x0000000785d00000| Complete 
|  94|0x0000000785e00000, 0x0000000785f00000, 0x0000000785f00000|100%| E|CS|TAMS 0x0000000785e00000, 0x0000000785e00000| Complete 
|  95|0x0000000785f00000, 0x0000000786000000, 0x0000000786000000|100%| E|CS|TAMS 0x0000000785f00000, 0x0000000785f00000| Complete 
|  96|0x0000000786000000, 0x0000000786100000, 0x0000000786100000|100%| E|CS|TAMS 0x0000000786000000, 0x0000000786000000| Complete 
|  97|0x0000000786100000, 0x0000000786200000, 0x0000000786200000|100%| E|CS|TAMS 0x0000000786100000, 0x0000000786100000| Complete 
|  98|0x0000000786200000, 0x0000000786300000, 0x0000000786300000|100%| E|CS|TAMS 0x0000000786200000, 0x0000000786200000| Complete 
|  99|0x0000000786300000, 0x0000000786400000, 0x0000000786400000|100%| E|CS|TAMS 0x0000000786300000, 0x0000000786300000| Complete 
| 100|0x0000000786400000, 0x0000000786500000, 0x0000000786500000|100%| E|CS|TAMS 0x0000000786400000, 0x0000000786400000| Complete 
| 101|0x0000000786500000, 0x0000000786600000, 0x0000000786600000|100%| E|CS|TAMS 0x0000000786500000, 0x0000000786500000| Complete 
| 102|0x0000000786600000, 0x0000000786700000, 0x0000000786700000|100%| E|CS|TAMS 0x0000000786600000, 0x0000000786600000| Complete 
| 103|0x0000000786700000, 0x0000000786800000, 0x0000000786800000|100%| E|CS|TAMS 0x0000000786700000, 0x0000000786700000| Complete 
| 104|0x0000000786800000, 0x0000000786900000, 0x0000000786900000|100%| E|CS|TAMS 0x0000000786800000, 0x0000000786800000| Complete 
| 105|0x0000000786900000, 0x0000000786a00000, 0x0000000786a00000|100%| E|CS|TAMS 0x0000000786900000, 0x0000000786900000| Complete 
| 106|0x0000000786a00000, 0x0000000786b00000, 0x0000000786b00000|100%| E|CS|TAMS 0x0000000786a00000, 0x0000000786a00000| Complete 
| 107|0x0000000786b00000, 0x0000000786c00000, 0x0000000786c00000|100%| E|CS|TAMS 0x0000000786b00000, 0x0000000786b00000| Complete 
| 108|0x0000000786c00000, 0x0000000786d00000, 0x0000000786d00000|100%| E|CS|TAMS 0x0000000786c00000, 0x0000000786c00000| Complete 
| 109|0x0000000786d00000, 0x0000000786e00000, 0x0000000786e00000|100%| E|CS|TAMS 0x0000000786d00000, 0x0000000786d00000| Complete 
| 110|0x0000000786e00000, 0x0000000786f00000, 0x0000000786f00000|100%| E|CS|TAMS 0x0000000786e00000, 0x0000000786e00000| Complete 
| 111|0x0000000786f00000, 0x0000000787000000, 0x0000000787000000|100%| E|CS|TAMS 0x0000000786f00000, 0x0000000786f00000| Complete 
| 112|0x0000000787000000, 0x0000000787100000, 0x0000000787100000|100%| E|CS|TAMS 0x0000000787000000, 0x0000000787000000| Complete 
| 113|0x0000000787100000, 0x0000000787200000, 0x0000000787200000|100%| E|CS|TAMS 0x0000000787100000, 0x0000000787100000| Complete 
| 114|0x0000000787200000, 0x0000000787300000, 0x0000000787300000|100%| E|CS|TAMS 0x0000000787200000, 0x0000000787200000| Complete 
| 115|0x0000000787300000, 0x0000000787400000, 0x0000000787400000|100%| E|CS|TAMS 0x0000000787300000, 0x0000000787300000| Complete 
| 116|0x0000000787400000, 0x0000000787500000, 0x0000000787500000|100%| E|CS|TAMS 0x0000000787400000, 0x0000000787400000| Complete 
| 117|0x0000000787500000, 0x0000000787600000, 0x0000000787600000|100%| E|CS|TAMS 0x0000000787500000, 0x0000000787500000| Complete 
| 118|0x0000000787600000, 0x0000000787700000, 0x0000000787700000|100%| E|CS|TAMS 0x0000000787600000, 0x0000000787600000| Complete 
| 119|0x0000000787700000, 0x0000000787800000, 0x0000000787800000|100%| E|CS|TAMS 0x0000000787700000, 0x0000000787700000| Complete 
| 120|0x0000000787800000, 0x0000000787900000, 0x0000000787900000|100%| E|CS|TAMS 0x0000000787800000, 0x0000000787800000| Complete 
| 121|0x0000000787900000, 0x0000000787a00000, 0x0000000787a00000|100%| E|CS|TAMS 0x0000000787900000, 0x0000000787900000| Complete 
| 122|0x0000000787a00000, 0x0000000787b00000, 0x0000000787b00000|100%| E|CS|TAMS 0x0000000787a00000, 0x0000000787a00000| Complete 
| 123|0x0000000787b00000, 0x0000000787c00000, 0x0000000787c00000|100%| E|CS|TAMS 0x0000000787b00000, 0x0000000787b00000| Complete 
| 124|0x0000000787c00000, 0x0000000787d00000, 0x0000000787d00000|100%| E|CS|TAMS 0x0000000787c00000, 0x0000000787c00000| Complete 
| 125|0x0000000787d00000, 0x0000000787e00000, 0x0000000787e00000|100%| E|CS|TAMS 0x0000000787d00000, 0x0000000787d00000| Complete 
| 126|0x0000000787e00000, 0x0000000787f00000, 0x0000000787f00000|100%| E|CS|TAMS 0x0000000787e00000, 0x0000000787e00000| Complete 
| 127|0x0000000787f00000, 0x0000000788000000, 0x0000000788000000|100%| E|CS|TAMS 0x0000000787f00000, 0x0000000787f00000| Complete 

Card table byte_map: [0x0000000133212000,0x0000000133612000] _byte_map_base: 0x000000012f612000

Marking Bits (Prev, Next): (CMBitMap*) 0x00007faf609a6250, (CMBitMap*) 0x00007faf609a6218
 Prev Bits: [0x0000000135a12000, 0x0000000137a12000)
 Next Bits: [0x0000000133a12000, 0x0000000135a12000)

Polling page: 0x000000011abf0000

Metaspace:

Usage:
  Non-class:     26.42 MB capacity,    26.02 MB ( 99%) used,   333.09 KB (  1%) free+waste,    71.12 KB ( <1%) overhead. 
      Class:      4.02 MB capacity,     3.67 MB ( 91%) used,   323.17 KB (  8%) free+waste,    36.31 KB ( <1%) overhead. 
       Both:     30.43 MB capacity,    29.69 MB ( 98%) used,   656.26 KB (  2%) free+waste,   107.44 KB ( <1%) overhead. 

Virtual space:
  Non-class space:       28.00 MB reserved,      26.50 MB ( 95%) committed 
      Class space:        1.00 GB reserved,       4.12 MB ( <1%) committed 
             Both:        1.03 GB reserved,      30.62 MB (  3%) committed 

Chunk freelists:
   Non-Class:  27.00 KB
       Class:  15.00 KB
        Both:  42.00 KB

CodeHeap 'non-profiled nmethods': size=120032Kb used=1511Kb max_used=1511Kb free=118520Kb
 bounds [0x000000012b2c8000, 0x000000012b538000, 0x0000000132800000]
CodeHeap 'profiled nmethods': size=120032Kb used=8565Kb max_used=8623Kb free=111466Kb
 bounds [0x0000000123d90000, 0x0000000124600000, 0x000000012b2c8000]
CodeHeap 'non-nmethods': size=5696Kb used=1333Kb max_used=1390Kb free=4362Kb
 bounds [0x0000000123800000, 0x0000000123a70000, 0x0000000123d90000]
 total_blobs=5354 nmethods=3796 adapters=673
 compilation: enabled
              stopped_count=0, restarted_count=0
 full_count=0

Compilation events (10 events):
Event: 96.561 Thread 0x00007faf60a22800 3846       1       sun.java2d.pipe.RenderBuffer::position (11 bytes)
Event: 96.562 Thread 0x00007faf60a22800 nmethod 3846 0x000000012b440d10 code [0x000000012b440ec0, 0x000000012b440fd0]
Event: 253.549 Thread 0x00007faf5f87c800 3847       4       sun.java2d.pipe.RenderQueue::unlock (4 bytes)
Event: 253.558 Thread 0x00007faf5f87c800 nmethod 3847 0x000000012b441010 code [0x000000012b4411e0, 0x000000012b441588]
Event: 614.307 Thread 0x00007faf5f87c800 3848       4       sun.java2d.pipe.RenderQueue::tryLock (4 bytes)
Event: 614.312 Thread 0x00007faf5f87c800 nmethod 3848 0x000000012b441710 code [0x000000012b4418c0, 0x000000012b441b38]
Event: 2204.334 Thread 0x00007faf60a22800 3849   !   3       jdk.internal.ref.PhantomCleanable::isListEmpty (34 bytes)
Event: 2204.334 Thread 0x00007faf60a22800 nmethod 3849 0x0000000123d95990 code [0x0000000123d95b40, 0x0000000123d95eb0]
Event: 2204.334 Thread 0x00007faf60a22800 3850       3       jdk.internal.misc.InnocuousThread::eraseThreadLocals (23 bytes)
Event: 2204.335 Thread 0x00007faf60a22800 nmethod 3850 0x0000000123d90390 code [0x0000000123d90540, 0x0000000123d90790]

GC Heap History (8 events):
Event: 1.882 GC heap before
{Heap before GC invocations=0 (full 0):
 garbage-first heap   total 131072K, used 18432K [0x0000000780000000, 0x0000000800000000)
  region size 1024K, 14 young (14336K), 0 survivors (0K)
 Metaspace       used 11433K, capacity 11640K, committed 11904K, reserved 1060864K
  class space    used 1217K, capacity 1318K, committed 1408K, reserved 1048576K
}
Event: 1.891 GC heap after
{Heap after GC invocations=1 (full 0):
 garbage-first heap   total 131072K, used 6658K [0x0000000780000000, 0x0000000800000000)
  region size 1024K, 2 young (2048K), 2 survivors (2048K)
 Metaspace       used 11433K, capacity 11640K, committed 11904K, reserved 1060864K
  class space    used 1217K, capacity 1318K, committed 1408K, reserved 1048576K
}
Event: 41.471 GC heap before
{Heap before GC invocations=1 (full 0):
 garbage-first heap   total 131072K, used 13826K [0x0000000780000000, 0x0000000800000000)
  region size 1024K, 9 young (9216K), 2 survivors (2048K)
 Metaspace       used 15066K, capacity 15466K, committed 15744K, reserved 1062912K
  class space    used 1750K, capacity 1889K, committed 1920K, reserved 1048576K
}
Event: 41.483 GC heap after
{Heap after GC invocations=2 (full 0):
 garbage-first heap   total 131072K, used 7878K [0x0000000780000000, 0x0000000800000000)
  region size 1024K, 2 young (2048K), 2 survivors (2048K)
 Metaspace       used 15066K, capacity 15466K, committed 15744K, reserved 1062912K
  class space    used 1750K, capacity 1889K, committed 1920K, reserved 1048576K
}
Event: 43.034 GC heap before
{Heap before GC invocations=2 (full 0):
 garbage-first heap   total 131072K, used 24262K [0x0000000780000000, 0x0000000800000000)
  region size 1024K, 19 young (19456K), 2 survivors (2048K)
 Metaspace       used 20547K, capacity 21042K, committed 21248K, reserved 1067008K
  class space    used 2465K, capacity 2690K, committed 2816K, reserved 1048576K
}
Event: 43.041 GC heap after
{Heap after GC invocations=3 (full 0):
 garbage-first heap   total 131072K, used 9177K [0x0000000780000000, 0x0000000800000000)
  region size 1024K, 3 young (3072K), 3 survivors (3072K)
 Metaspace       used 20547K, capacity 21042K, committed 21248K, reserved 1067008K
  class space    used 2465K, capacity 2690K, committed 2816K, reserved 1048576K
}
Event: 44.199 GC heap before
{Heap before GC invocations=4 (full 0):
 garbage-first heap   total 131072K, used 80857K [0x0000000780000000, 0x0000000800000000)
  region size 1024K, 73 young (74752K), 3 survivors (3072K)
 Metaspace       used 25151K, capacity 25835K, committed 26240K, reserved 1073152K
  class space    used 3132K, capacity 3410K, committed 3456K, reserved 1048576K
}
Event: 44.209 GC heap after
{Heap after GC invocations=5 (full 0):
 garbage-first heap   total 131072K, used 14367K [0x0000000780000000, 0x0000000800000000)
  region size 1024K, 8 young (8192K), 8 survivors (8192K)
 Metaspace       used 25151K, capacity 25835K, committed 26240K, reserved 1073152K
  class space    used 3132K, capacity 3410K, committed 3456K, reserved 1048576K
}

Deoptimization events (10 events):
Event: 71.805 Thread 0x00007faf632af800 DEOPT PACKING pc=0x000000012b3fdb04 sp=0x000070000d40ddd0
Event: 71.805 Thread 0x00007faf632af800 DEOPT UNPACKING pc=0x00000001238289a5 sp=0x000070000d40dd78 mode 2
Event: 71.805 Thread 0x00007faf632af800 Uncommon trap: trap_request=0xffffffde fr.pc=0x000000012b3fdb04 relative=0x0000000000000064
Event: 71.805 Thread 0x00007faf632af800 Uncommon trap: reason=class_check action=maybe_recompile pc=0x000000012b3fdb04 method=com.apple.laf.AquaImageFactory$SystemColorProxy.getRGB()I @ 4 c2
Event: 71.805 Thread 0x00007faf632af800 DEOPT PACKING pc=0x000000012b3fdb04 sp=0x000070000d40de50
Event: 71.805 Thread 0x00007faf632af800 DEOPT UNPACKING pc=0x00000001238289a5 sp=0x000070000d40ddf8 mode 2
Event: 71.854 Thread 0x00007faf6002f000 Uncommon trap: trap_request=0xffffff4d fr.pc=0x000000012b3796fc relative=0x000000000000031c
Event: 71.854 Thread 0x00007faf6002f000 Uncommon trap: reason=unstable_if action=reinterpret pc=0x000000012b3796fc method=java.lang.Integer.parseInt(Ljava/lang/String;I)I @ 105 c2
Event: 71.854 Thread 0x00007faf6002f000 DEOPT PACKING pc=0x000000012b3796fc sp=0x00007fff50126400
Event: 71.854 Thread 0x00007faf6002f000 DEOPT UNPACKING pc=0x00000001238289a5 sp=0x00007fff50126390 mode 2

Classes redefined (0 events):
No events

Internal exceptions (10 events):
Event: 45.417 Thread 0x00007faf632af800 Exception <a 'java/lang/NoSuchMethodError'{0x0000000786208760}: 'java.lang.Object java.lang.invoke.DirectMethodHandle$Holder.invokeStatic(java.lang.Object, java.lang.Object, java.lang.Object, java.lang.Object, java.lang.Object, java.lang.Object, java.lang
Event: 45.421 Thread 0x00007faf632af800 Exception <a 'java/lang/NoSuchMethodError'{0x0000000786225318}: 'java.lang.Object java.lang.invoke.DirectMethodHandle$Holder.invokeStatic(java.lang.Object, java.lang.Object, java.lang.Object, java.lang.Object, java.lang.Object, java.lang.Object, java.lang
Event: 45.511 Thread 0x00007faf632af800 Exception <a 'java/lang/NoSuchMethodError'{0x00000007862b4510}: 'void java.lang.invoke.DirectMethodHandle$Holder.invokeStatic(java.lang.Object, long, long)'> (0x00000007862b4510) thrown at [/Users/tester/jenkins/workspace/zulu11-build-macos/zulu-src/src/h
Event: 45.512 Thread 0x00007faf632af800 Exception <a 'java/lang/NoSuchMethodError'{0x00000007862b99b0}: 'java.lang.Object java.lang.invoke.DirectMethodHandle$Holder.invokeStatic(java.lang.Object, long)'> (0x00000007862b99b0) thrown at [/Users/tester/jenkins/workspace/zulu11-build-macos/zulu-src
Event: 45.514 Thread 0x00007faf632af800 Exception <a 'java/lang/NoSuchMethodError'{0x00000007862c20b0}: 'void java.lang.invoke.DirectMethodHandle$Holder.invokeSpecial(java.lang.Object, java.lang.Object, long)'> (0x00000007862c20b0) thrown at [/Users/tester/jenkins/workspace/zulu11-build-macos/z
Event: 45.517 Thread 0x00007faf632af800 Exception <a 'java/lang/NoSuchMethodError'{0x00000007862d04b0}: 'java.lang.Object java.lang.invoke.Invokers$Holder.linkToTargetMethod(java.lang.Object, int, java.lang.Object)'> (0x00000007862d04b0) thrown at [/Users/tester/jenkins/workspace/zulu11-build-m
Event: 45.563 Thread 0x00007faf632af800 Exception <a 'java/lang/NoSuchMethodError'{0x00000007862f42a0}: 'java.lang.Object java.lang.invoke.DirectMethodHandle$Holder.invokeStatic(java.lang.Object, int, int, java.lang.Object, java.lang.Object, java.lang.Object)'> (0x00000007862f42a0) thrown at [/
Event: 45.563 Thread 0x00007faf632af800 Exception <a 'java/lang/NoSuchMethodError'{0x00000007862f7aa0}: 'java.lang.Object java.lang.invoke.Invokers$Holder.linkToTargetMethod(int, int, java.lang.Object, java.lang.Object, java.lang.Object, java.lang.Object)'> (0x00000007862f7aa0) thrown at [/User
Event: 45.646 Thread 0x00007faf632af800 Implicit null exception at 0x000000012b3ada50 to 0x000000012b3adaaf
Event: 71.703 Thread 0x00007faf632af800 Implicit null exception at 0x000000012b3b498a to 0x000000012b3b5bc6

Events (10 events):
Event: 72.811 Executing VM operation: RevokeBias
Event: 72.811 Executing VM operation: RevokeBias done
Event: 72.811 loading class sun/awt/AppContext$PostShutdownEventRunnable
Event: 72.811 loading class sun/awt/AppContext$PostShutdownEventRunnable done
Event: 72.811 loading class sun/awt/AWTAutoShutdown$1
Event: 72.811 loading class sun/awt/AWTAutoShutdown$1 done
Event: 72.812 Executing VM operation: RevokeBias
Event: 72.812 Executing VM operation: RevokeBias done
Event: 72.812 Thread 0x00007faf63156000 Thread exited: 0x00007faf63156000
Event: 72.813 Thread 0x00007faf632af800 Thread exited: 0x00007faf632af800


Dynamic libraries:
0x00007fffad9ab000 	/System/Library/Frameworks/ApplicationServices.framework/Versions/A/ApplicationServices
0x00007fffaeaf0000 	/System/Library/Frameworks/Cocoa.framework/Versions/A/Cocoa
0x00007fffb4c2b000 	/System/Library/Frameworks/QuartzCore.framework/Versions/A/QuartzCore
0x00007fffb5392000 	/System/Library/Frameworks/Security.framework/Versions/A/Security
0x00007fffb5695000 	/System/Library/Frameworks/SecurityFoundation.framework/Versions/A/SecurityFoundation
0x00007fffb5abf000 	/System/Library/Frameworks/SystemConfiguration.framework/Versions/A/SystemConfiguration
0x0000000111bcb000 	/Applications/Stata/StataSE.app/Contents/Frameworks/Scintilla.framework/Versions/A/Scintilla
0x00007fffc3427000 	/usr/lib/libc++.1.dylib
0x00007fffc479b000 	/usr/lib/libz.1.dylib
0x00007fffb0afe000 	/System/Library/Frameworks/Foundation.framework/Versions/C/Foundation
0x00007fffc3f9c000 	/usr/lib/libobjc.A.dylib
0x00007fffc32ed000 	/usr/lib/libSystem.B.dylib
0x00007fffacbc0000 	/System/Library/Frameworks/AppKit.framework/Versions/C/AppKit
0x00007fffaf086000 	/System/Library/Frameworks/CoreFoundation.framework/Versions/A/CoreFoundation
0x00007fffaf520000 	/System/Library/Frameworks/CoreGraphics.framework/Versions/A/CoreGraphics
0x00007fffaff4b000 	/System/Library/Frameworks/CoreServices.framework/Versions/A/CoreServices
0x00007fffb0674000 	/System/Library/Frameworks/CoreText.framework/Versions/A/CoreText
0x00007fffb1155000 	/System/Library/Frameworks/ImageIO.framework/Versions/A/ImageIO
0x00007fffad9ac000 	/System/Library/Frameworks/ApplicationServices.framework/Versions/A/Frameworks/ATS.framework/Versions/A/ATS
0x00007fffadd2b000 	/System/Library/Frameworks/ApplicationServices.framework/Versions/A/Frameworks/ColorSync.framework/Versions/A/ColorSync
0x00007fffaddd6000 	/System/Library/Frameworks/ApplicationServices.framework/Versions/A/Frameworks/HIServices.framework/Versions/A/HIServices
0x00007fffade28000 	/System/Library/Frameworks/ApplicationServices.framework/Versions/A/Frameworks/LangAnalysis.framework/Versions/A/LangAnalysis
0x00007fffade38000 	/System/Library/Frameworks/ApplicationServices.framework/Versions/A/Frameworks/PrintCore.framework/Versions/A/PrintCore
0x00007fffade86000 	/System/Library/Frameworks/ApplicationServices.framework/Versions/A/Frameworks/QD.framework/Versions/A/QD
0x00007fffadec2000 	/System/Library/Frameworks/ApplicationServices.framework/Versions/A/Frameworks/SpeechSynthesis.framework/Versions/A/SpeechSynthesis
0x00007fffae244000 	/System/Library/Frameworks/CFNetwork.framework/Versions/A/CFNetwork
0x00007fffb1065000 	/System/Library/Frameworks/IOKit.framework/Versions/A/IOKit
0x00007fffabbe2000 	/System/Library/Frameworks/Accelerate.framework/Versions/A/Accelerate
0x00007fffc3406000 	/usr/lib/libauto.dylib
0x00007fffc3407000 	/usr/lib/libbsm.0.dylib
0x00007fffc4430000 	/usr/lib/libsqlite3.dylib
0x00007fffc4681000 	/usr/lib/libxml2.2.dylib
0x00007fffc39e8000 	/usr/lib/libicucore.A.dylib
0x00007fffc3f21000 	/usr/lib/libnetwork.dylib
0x00007fffc347e000 	/usr/lib/libc++abi.dylib
0x00007fffc47bb000 	/usr/lib/system/libcache.dylib
0x00007fffc47c0000 	/usr/lib/system/libcommonCrypto.dylib
0x00007fffc47cb000 	/usr/lib/system/libcompiler_rt.dylib
0x00007fffc47d3000 	/usr/lib/system/libcopyfile.dylib
0x00007fffc47dc000 	/usr/lib/system/libcorecrypto.dylib
0x00007fffc4860000 	/usr/lib/system/libdispatch.dylib
0x00007fffc4892000 	/usr/lib/system/libdyld.dylib
0x00007fffc4898000 	/usr/lib/system/libkeymgr.dylib
0x00007fffc48a6000 	/usr/lib/system/liblaunch.dylib
0x00007fffc48a7000 	/usr/lib/system/libmacho.dylib
0x00007fffc48ad000 	/usr/lib/system/libquarantine.dylib
0x00007fffc48b0000 	/usr/lib/system/libremovefile.dylib
0x00007fffc48b2000 	/usr/lib/system/libsystem_asl.dylib
0x00007fffc48cb000 	/usr/lib/system/libsystem_blocks.dylib
0x00007fffc48cc000 	/usr/lib/system/libsystem_c.dylib
0x00007fffc495a000 	/usr/lib/system/libsystem_configuration.dylib
0x00007fffc495e000 	/usr/lib/system/libsystem_coreservices.dylib
0x00007fffc4962000 	/usr/lib/system/libsystem_coretls.dylib
0x00007fffc497b000 	/usr/lib/system/libsystem_dnssd.dylib
0x00007fffc4982000 	/usr/lib/system/libsystem_info.dylib
0x00007fffc49ac000 	/usr/lib/system/libsystem_kernel.dylib
0x00007fffc49cf000 	/usr/lib/system/libsystem_m.dylib
0x00007fffc4a17000 	/usr/lib/system/libsystem_malloc.dylib
0x00007fffc4a36000 	/usr/lib/system/libsystem_network.dylib
0x00007fffc4a90000 	/usr/lib/system/libsystem_networkextension.dylib
0x00007fffc4a9a000 	/usr/lib/system/libsystem_notify.dylib
0x00007fffc4aa4000 	/usr/lib/system/libsystem_platform.dylib
0x00007fffc4aad000 	/usr/lib/system/libsystem_pthread.dylib
0x00007fffc4ab8000 	/usr/lib/system/libsystem_sandbox.dylib
0x00007fffc4abc000 	/usr/lib/system/libsystem_secinit.dylib
0x00007fffc4abe000 	/usr/lib/system/libsystem_symptoms.dylib
0x00007fffc4ac6000 	/usr/lib/system/libsystem_trace.dylib
0x00007fffc4ada000 	/usr/lib/system/libunwind.dylib
0x00007fffc4ae0000 	/usr/lib/system/libxpc.dylib
0x00007fffc38df000 	/usr/lib/libenergytrace.dylib
0x00007fffc4899000 	/usr/lib/system/libkxld.dylib
0x00007fffc30ae000 	/usr/lib/libDiagnosticMessagesClient.dylib
0x00007fffc4376000 	/usr/lib/libpcap.A.dylib
0x00007fffc34d0000 	/usr/lib/libcoretls.dylib
0x00007fffc34d1000 	/usr/lib/libcoretls_cfhelpers.dylib
0x00007fffc32e7000 	/usr/lib/libOpenScriptingUtil.dylib
0x00007fffc4371000 	/usr/lib/libpam.2.dylib
0x00007fffc4673000 	/usr/lib/libxar.1.dylib
0x00007fffc3418000 	/usr/lib/libbz2.1.0.dylib
0x00007fffc3c15000 	/usr/lib/liblzma.5.dylib
0x00007fffabbfb000 	/System/Library/Frameworks/Accelerate.framework/Versions/A/Frameworks/vImage.framework/Versions/A/vImage
0x00007fffac901000 	/System/Library/Frameworks/Accelerate.framework/Versions/A/Frameworks/vecLib.framework/Versions/A/vecLib
0x00007fffac6c6000 	/System/Library/Frameworks/Accelerate.framework/Versions/A/Frameworks/vecLib.framework/Versions/A/libvDSP.dylib
0x00007fffac287000 	/System/Library/Frameworks/Accelerate.framework/Versions/A/Frameworks/vecLib.framework/Versions/A/libBNNS.dylib
0x00007fffac6aa000 	/System/Library/Frameworks/Accelerate.framework/Versions/A/Frameworks/vecLib.framework/Versions/A/libQuadrature.dylib
0x00007fffac84e000 	/System/Library/Frameworks/Accelerate.framework/Versions/A/Frameworks/vecLib.framework/Versions/A/libvMisc.dylib
0x00007fffac29c000 	/System/Library/Frameworks/Accelerate.framework/Versions/A/Frameworks/vecLib.framework/Versions/A/libLAPACK.dylib
0x00007fffac115000 	/System/Library/Frameworks/Accelerate.framework/Versions/A/Frameworks/vecLib.framework/Versions/A/libBLAS.dylib
0x00007fffac693000 	/System/Library/Frameworks/Accelerate.framework/Versions/A/Frameworks/vecLib.framework/Versions/A/libLinearAlgebra.dylib
0x00007fffac6b1000 	/System/Library/Frameworks/Accelerate.framework/Versions/A/Frameworks/vecLib.framework/Versions/A/libSparseBLAS.dylib
0x00007fffb02ae000 	/System/Library/Frameworks/CoreServices.framework/Versions/A/Frameworks/FSEvents.framework/Versions/A/FSEvents
0x00007fffaff9e000 	/System/Library/Frameworks/CoreServices.framework/Versions/A/Frameworks/CarbonCore.framework/Versions/A/CarbonCore
0x00007fffb0424000 	/System/Library/Frameworks/CoreServices.framework/Versions/A/Frameworks/Metadata.framework/Versions/A/Metadata
0x00007fffb04d5000 	/System/Library/Frameworks/CoreServices.framework/Versions/A/Frameworks/OSServices.framework/Versions/A/OSServices
0x00007fffb0535000 	/System/Library/Frameworks/CoreServices.framework/Versions/A/Frameworks/SearchKit.framework/Versions/A/SearchKit
0x00007fffaff4c000 	/System/Library/Frameworks/CoreServices.framework/Versions/A/Frameworks/AE.framework/Versions/A/AE
0x00007fffb02b7000 	/System/Library/Frameworks/CoreServices.framework/Versions/A/Frameworks/LaunchServices.framework/Versions/A/LaunchServices
0x00007fffb027a000 	/System/Library/Frameworks/CoreServices.framework/Versions/A/Frameworks/DictionaryServices.framework/Versions/A/DictionaryServices
0x00007fffb05a6000 	/System/Library/Frameworks/CoreServices.framework/Versions/A/Frameworks/SharedFileList.framework/Versions/A/SharedFileList
0x00007fffb0967000 	/System/Library/Frameworks/DiskArbitration.framework/Versions/A/DiskArbitration
0x00007fffb32ef000 	/System/Library/Frameworks/NetFS.framework/Versions/A/NetFS
0x00007fffbed33000 	/System/Library/PrivateFrameworks/NetAuth.framework/Versions/A/NetAuth
0x00007fffc2f9e000 	/System/Library/PrivateFrameworks/login.framework/Versions/A/Frameworks/loginsupport.framework/Versions/A/loginsupport
0x00007fffc335a000 	/usr/lib/libarchive.2.dylib
0x00007fffc3c13000 	/usr/lib/liblangid.dylib
0x00007fffc2ff5000 	/usr/lib/libCRFSuite.dylib
0x00007fffc1b8f000 	/System/Library/PrivateFrameworks/TCC.framework/Versions/A/TCC
0x00007fffc3c46000 	/usr/lib/libmecabra.dylib
0x00007fffbdf83000 	/System/Library/PrivateFrameworks/LanguageModeling.framework/Versions/A/LanguageModeling
0x00007fffc3c2f000 	/usr/lib/libmarisa.dylib
0x00007fffc3011000 	/usr/lib/libChineseTokenizer.dylib
0x00007fffc34a8000 	/usr/lib/libcmph.dylib
0x00007fffc38f5000 	/usr/lib/libiconv.2.dylib
0x00007fffaecdc000 	/System/Library/Frameworks/CoreData.framework/Versions/A/CoreData
0x00007fffba734000 	/System/Library/PrivateFrameworks/CoreEmoji.framework/Versions/A/CoreEmoji
0x00007fffc34b9000 	/usr/lib/libcompression.dylib
0x00007fffb3526000 	/System/Library/Frameworks/OpenDirectory.framework/Versions/A/Frameworks/CFOpenDirectory.framework/Versions/A/CFOpenDirectory
0x00007fffb5735000 	/System/Library/Frameworks/ServiceManagement.framework/Versions/A/ServiceManagement
0x00007fffc4771000 	/usr/lib/libxslt.1.dylib
0x00007fffadab4000 	/System/Library/Frameworks/ApplicationServices.framework/Versions/A/Frameworks/ATS.framework/Versions/A/Resources/libFontParser.dylib
0x00007fffadbe4000 	/System/Library/Frameworks/ApplicationServices.framework/Versions/A/Frameworks/ATS.framework/Versions/A/Resources/libFontRegistry.dylib
0x00007fffb13ac000 	/System/Library/Frameworks/ImageIO.framework/Versions/A/Resources/libJPEG.dylib
0x00007fffb13fb000 	/System/Library/Frameworks/ImageIO.framework/Versions/A/Resources/libTIFF.dylib
0x00007fffb13d0000 	/System/Library/Frameworks/ImageIO.framework/Versions/A/Resources/libPng.dylib
0x00007fffb12b6000 	/System/Library/Frameworks/ImageIO.framework/Versions/A/Resources/libGIF.dylib
0x00007fffb12bb000 	/System/Library/Frameworks/ImageIO.framework/Versions/A/Resources/libJP2.dylib
0x00007fffb13f8000 	/System/Library/Frameworks/ImageIO.framework/Versions/A/Resources/libRadiance.dylib
0x00007fffb84cf000 	/System/Library/PrivateFrameworks/AppleJPEG.framework/Versions/A/AppleJPEG
0x00007fffb10fc000 	/System/Library/Frameworks/IOSurface.framework/Versions/A/IOSurface
0x00007fffbec59000 	/System/Library/PrivateFrameworks/MultitouchSupport.framework/Versions/A/MultitouchSupport
0x00007fffc380f000 	/usr/lib/libcups.2.dylib
0x00007fffb21b2000 	/System/Library/Frameworks/Kerberos.framework/Versions/A/Kerberos
0x00007fffb0ed0000 	/System/Library/Frameworks/GSS.framework/Versions/A/GSS
0x00007fffc43c4000 	/usr/lib/libresolv.9.dylib
0x00007fffbd7cb000 	/System/Library/PrivateFrameworks/Heimdal.framework/Versions/A/Heimdal
0x00007fffc38ef000 	/usr/lib/libheimdal-asn1.dylib
0x00007fffb3540000 	/System/Library/Frameworks/OpenDirectory.framework/Versions/A/OpenDirectory
0x00007fffb9fe2000 	/System/Library/PrivateFrameworks/CommonAuth.framework/Versions/A/CommonAuth
0x00007fffaec3a000 	/System/Library/Frameworks/CoreAudio.framework/Versions/A/CoreAudio
0x00007fffadece000 	/System/Library/Frameworks/AudioToolbox.framework/Versions/A/AudioToolbox
0x00007fffbfd72000 	/System/Library/PrivateFrameworks/RemoteViewServices.framework/Versions/A/RemoteViewServices
0x00007fffc1d5d000 	/System/Library/PrivateFrameworks/UIFoundation.framework/Versions/A/UIFoundation
0x00007fffbb116000 	/System/Library/PrivateFrameworks/DFRFoundation.framework/Versions/A/DFRFoundation
0x00007fffc0b9f000 	/System/Library/PrivateFrameworks/SkyLight.framework/Versions/A/SkyLight
0x00007fffc32e8000 	/usr/lib/libScreenReader.dylib
0x00007fffae0db000 	/System/Library/Frameworks/AudioUnit.framework/Versions/A/AudioUnit
0x00007fffbb15b000 	/System/Library/PrivateFrameworks/DataDetectorsCore.framework/Versions/A/DataDetectorsCore
0x00007fffbb24c000 	/System/Library/PrivateFrameworks/DesktopServicesPriv.framework/Versions/A/DesktopServicesPriv
0x00007fffae63d000 	/System/Library/Frameworks/Carbon.framework/Versions/A/Frameworks/HIToolbox.framework/Versions/A/HIToolbox
0x00007fffaea09000 	/System/Library/Frameworks/Carbon.framework/Versions/A/Frameworks/SpeechRecognition.framework/Versions/A/SpeechRecognition
0x00007fffbadd0000 	/System/Library/PrivateFrameworks/CoreUI.framework/Versions/A/CoreUI
0x00007fffbf616000 	/System/Library/PrivateFrameworks/PerformanceAnalysis.framework/Versions/A/PerformanceAnalysis
0x00007fffbd09e000 	/System/Library/PrivateFrameworks/GenerationalStorage.framework/Versions/A/GenerationalStorage
0x00007fffb40cb000 	/System/Library/Frameworks/OpenGL.framework/Versions/A/OpenGL
0x00007fffafba3000 	/System/Library/Frameworks/CoreImage.framework/Versions/A/CoreImage
0x00007fffb898d000 	/System/Library/PrivateFrameworks/Backup.framework/Versions/A/Backup
0x00007fffae951000 	/System/Library/Frameworks/Carbon.framework/Versions/A/Frameworks/Ink.framework/Versions/A/Ink
0x00007fffc1c21000 	/System/Library/PrivateFrameworks/TextureIO.framework/Versions/A/TextureIO
0x00007fffb29ab000 	/System/Library/Frameworks/Metal.framework/Versions/A/Metal
0x00007fffc3386000 	/usr/lib/libate.dylib
0x00007fffbcdcd000 	/System/Library/PrivateFrameworks/GPUCompiler.framework/libmetal_timestamp.dylib
0x00007fffb354f000 	/System/Library/Frameworks/OpenGL.framework/Versions/A/Libraries/libCoreFSCache.dylib
0x00007fffbde5c000 	/System/Library/PrivateFrameworks/IOAccelerator.framework/Versions/A/IOAccelerator
0x00007fffb07c2000 	/System/Library/Frameworks/CoreVideo.framework/Versions/A/CoreVideo
0x00007fffc30b0000 	/usr/lib/libFosl_dynamic.dylib
0x00007fffbea5b000 	/System/Library/PrivateFrameworks/MetalPerformanceShaders.framework/Versions/A/MetalPerformanceShaders
0x00007fffbb645000 	/System/Library/PrivateFrameworks/FaceCore.framework/Versions/A/FaceCore
0x00007fffb34d7000 	/System/Library/Frameworks/OpenCL.framework/Versions/A/OpenCL
0x00007fffb3722000 	/System/Library/Frameworks/OpenGL.framework/Versions/A/Libraries/libGLU.dylib
0x00007fffb3558000 	/System/Library/Frameworks/OpenGL.framework/Versions/A/Libraries/libGFXShared.dylib
0x00007fffb3562000 	/System/Library/Frameworks/OpenGL.framework/Versions/A/Libraries/libGL.dylib
0x00007fffb356e000 	/System/Library/Frameworks/OpenGL.framework/Versions/A/Libraries/libGLImage.dylib
0x00007fffb354c000 	/System/Library/Frameworks/OpenGL.framework/Versions/A/Libraries/libCVMSPluginSupport.dylib
0x00007fffb3553000 	/System/Library/Frameworks/OpenGL.framework/Versions/A/Libraries/libCoreVMClient.dylib
0x00007fffbb096000 	/System/Library/PrivateFrameworks/CrashReporterSupport.framework/Versions/A/CrashReporterSupport
0x00007fffc0af1000 	/System/Library/PrivateFrameworks/Sharing.framework/Versions/A/Sharing
0x00007fffbde7a000 	/System/Library/PrivateFrameworks/IconServices.framework/Versions/A/IconServices
0x00007fffbfd3f000 	/System/Library/PrivateFrameworks/ProtocolBuffer.framework/Versions/A/ProtocolBuffer
0x00007fffb83af000 	/System/Library/PrivateFrameworks/Apple80211.framework/Versions/A/Apple80211
0x00007fffb07f8000 	/System/Library/Frameworks/CoreWLAN.framework/Versions/A/CoreWLAN
0x00007fffbaf10000 	/System/Library/PrivateFrameworks/CoreUtils.framework/Versions/A/CoreUtils
0x00007fffb0fc1000 	/System/Library/Frameworks/IOBluetooth.framework/Versions/A/IOBluetooth
0x00007fffbb030000 	/System/Library/PrivateFrameworks/CoreWiFi.framework/Versions/A/CoreWiFi
0x00007fffaecc8000 	/System/Library/Frameworks/CoreBluetooth.framework/Versions/A/CoreBluetooth
0x00007fffaefd8000 	/System/Library/Frameworks/CoreDisplay.framework/Versions/A/CoreDisplay
0x00007fffbde65000 	/System/Library/PrivateFrameworks/IOPresentment.framework/Versions/A/IOPresentment
0x00007fffbb121000 	/System/Library/PrivateFrameworks/DSExternalDisplay.framework/Versions/A/DSExternalDisplay
0x00007fffbb20c000 	/System/Library/PrivateFrameworks/DebugSymbols.framework/Versions/A/DebugSymbols
0x00007fffbad40000 	/System/Library/PrivateFrameworks/CoreSymbolication.framework/Versions/A/CoreSymbolication
0x00007fffc16dc000 	/System/Library/PrivateFrameworks/Symbolication.framework/Versions/A/Symbolication
0x00007fffb83d2000 	/System/Library/PrivateFrameworks/AppleFSCompression.framework/Versions/A/AppleFSCompression
0x00007fffc0fe4000 	/System/Library/PrivateFrameworks/SpeechRecognitionCore.framework/Versions/A/SpeechRecognitionCore
0x00007fffb9696000 	/System/Library/PrivateFrameworks/ChunkingLibrary.framework/Versions/A/ChunkingLibrary
0x00007fffbaa7f000 	/System/Library/PrivateFrameworks/CoreServicesInternal.framework/Versions/A/CoreServicesInternal
0x00007fffabbe3000 	/System/Library/Frameworks/Accelerate.framework/Versions/A/Frameworks/vImage.framework/Versions/A/Libraries/libCGInterfaces.dylib
0x00007fffadc8b000 	/System/Library/Frameworks/ApplicationServices.framework/Versions/A/Frameworks/ATS.framework/Versions/A/Resources/libTrueTypeScaler.dylib
0x00007fffa9d37000 	/System/Library/CoreServices/RawCamera.bundle/Contents/MacOS/RawCamera
0x0000000115ae9000 	/System/Library/Frameworks/OpenGL.framework/Resources/GLEngine.bundle/GLEngine
0x00007fffb35ab000 	/System/Library/Frameworks/OpenGL.framework/Versions/A/Libraries/libGLProgrammability.dylib
0x0000000115cce000 	/System/Library/Extensions/AppleIntelBDWGraphicsGLDriver.bundle/Contents/MacOS/AppleIntelBDWGraphicsGLDriver
0x00007fffbcdda000 	/System/Library/PrivateFrameworks/GPUSupport.framework/Versions/A/Libraries/libGPUSupportMercury.dylib
0x0000000113998000 	/System/Library/Frameworks/OpenGL.framework/Resources//GLRendererFloat.bundle/GLRendererFloat
0x00007fffb34ce000 	/System/Library/Frameworks/OpenCL.framework/Versions/A/Libraries/libcldcpuengine.dylib
0x00007fffc358c000 	/usr/lib/libcrypto.0.9.8.dylib
0x00007fffc1d5b000 	/System/Library/PrivateFrameworks/TrustEvaluationAgent.framework/Versions/A/TrustEvaluationAgent
0x0000000116438000 	/System/Library/Extensions/AppleIntelBDWGraphicsMTLDriver.bundle/Contents/MacOS/AppleIntelBDWGraphicsMTLDriver
0x00007fffb96be000 	/System/Library/PrivateFrameworks/CloudDocs.framework/Versions/A/CloudDocs
0x00007fffaea10000 	/System/Library/Frameworks/CloudKit.framework/Versions/A/CloudKit
0x00007fffbe236000 	/System/Library/PrivateFrameworks/MMCS.framework/Versions/A/MMCS
0x00007fffafde7000 	/System/Library/Frameworks/CoreLocation.framework/Versions/A/CoreLocation
0x00007fffbfd04000 	/System/Library/PrivateFrameworks/ProtectedCloudStorage.framework/Versions/A/ProtectedCloudStorage
0x00007fffb85f3000 	/System/Library/PrivateFrameworks/AssetCacheServices.framework/Versions/A/AssetCacheServices
0x00007fffbd0d3000 	/System/Library/PrivateFrameworks/GeoServices.framework/Versions/A/GeoServices
0x00007fffb4c2a000 	/System/Library/Frameworks/Quartz.framework/Versions/A/Quartz
0x00007fffb45f1000 	/System/Library/Frameworks/Quartz.framework/Versions/A/Frameworks/QuartzComposer.framework/Versions/A/QuartzComposer
0x00007fffb4529000 	/System/Library/Frameworks/Quartz.framework/Versions/A/Frameworks/PDFKit.framework/Versions/A/PDFKit
0x00007fffb4b18000 	/System/Library/Frameworks/Quartz.framework/Versions/A/Frameworks/QuartzFilters.framework/Versions/A/QuartzFilters
0x00007fffb42be000 	/System/Library/Frameworks/Quartz.framework/Versions/A/Frameworks/ImageKit.framework/Versions/A/ImageKit
0x00007fffb4b3c000 	/System/Library/Frameworks/Quartz.framework/Versions/A/Frameworks/QuickLookUI.framework/Versions/A/QuickLookUI
0x00007fffb15a7000 	/System/Library/Frameworks/JavaScriptCore.framework/Versions/A/JavaScriptCore
0x00007fffb4176000 	/System/Library/Frameworks/QTKit.framework/Versions/A/QTKit
0x00007fffb8593000 	/System/Library/PrivateFrameworks/AppleSystemInfo.framework/Versions/A/AppleSystemInfo
0x00007fffab8b3000 	/System/Library/Frameworks/AVFoundation.framework/Versions/A/AVFoundation
0x00007fffafe4d000 	/System/Library/Frameworks/CoreMedia.framework/Versions/A/CoreMedia
0x00007fffb2471000 	/System/Library/Frameworks/MediaToolbox.framework/Versions/A/MediaToolbox
0x00007fffb5b2f000 	/System/Library/Frameworks/VideoToolbox.framework/Versions/A/VideoToolbox
0x00007fffae638000 	/System/Library/Frameworks/Carbon.framework/Versions/A/Carbon
0x00007fffba809000 	/System/Library/PrivateFrameworks/CoreMediaAuthoring.framework/Versions/A/CoreMediaAuthoring
0x00007fffafeff000 	/System/Library/Frameworks/CoreMediaIO.framework/Versions/A/CoreMediaIO
0x00007fffaba75000 	/System/Library/Frameworks/AVFoundation.framework/Versions/A/Frameworks/AVFAudio.framework/Versions/A/AVFAudio
0x00007fffbdf38000 	/System/Library/PrivateFrameworks/IntlPreferences.framework/Versions/A/IntlPreferences
0x00007fffc442e000 	/usr/lib/libspindump.dylib
0x00007fffc38b6000 	/usr/lib/libdscsym.dylib
0x00007fffba550000 	/System/Library/PrivateFrameworks/CoreAVCHD.framework/Versions/A/CoreAVCHD
0x00007fffb2455000 	/System/Library/Frameworks/MediaAccessibility.framework/Versions/A/MediaAccessibility
0x00007fffbe7aa000 	/System/Library/PrivateFrameworks/Mangrove.framework/Versions/A/Mangrove
0x00007fffba170000 	/System/Library/PrivateFrameworks/CoreAUC.framework/Versions/A/CoreAUC
0x00007fffb8597000 	/System/Library/PrivateFrameworks/AppleVA.framework/Versions/A/AppleVA
0x00007fffae639000 	/System/Library/Frameworks/Carbon.framework/Versions/A/Frameworks/CommonPanels.framework/Versions/A/CommonPanels
0x00007fffae947000 	/System/Library/Frameworks/Carbon.framework/Versions/A/Frameworks/Help.framework/Versions/A/Help
0x00007fffae94b000 	/System/Library/Frameworks/Carbon.framework/Versions/A/Frameworks/ImageCapture.framework/Versions/A/ImageCapture
0x00007fffae9e9000 	/System/Library/Frameworks/Carbon.framework/Versions/A/Frameworks/OpenScripting.framework/Versions/A/OpenScripting
0x00007fffaea04000 	/System/Library/Frameworks/Carbon.framework/Versions/A/Frameworks/Print.framework/Versions/A/Print
0x00007fffaea06000 	/System/Library/Frameworks/Carbon.framework/Versions/A/Frameworks/SecurityHI.framework/Versions/A/SecurityHI
0x00007fffc2ec7000 	/System/Library/PrivateFrameworks/XPCService.framework/Versions/A/XPCService
0x00007fffb83a1000 	/System/Library/PrivateFrameworks/AppSandbox.framework/Versions/A/AppSandbox
0x00007fffc43e1000 	/usr/lib/libsandbox.1.dylib
0x00007fffb8385000 	/System/Library/PrivateFrameworks/AppContainer.framework/Versions/A/AppContainer
0x00007fffc0a5f000 	/System/Library/PrivateFrameworks/SecCodeWrapper.framework/Versions/A/SecCodeWrapper
0x00007fffc32df000 	/usr/lib/libMatch.1.dylib
0x00007fffba826000 	/System/Library/PrivateFrameworks/CorePDF.framework/Versions/A/CorePDF
0x00007fffb4e82000 	/System/Library/Frameworks/SafariServices.framework/Versions/A/SafariServices
0x00007fffb4e2c000 	/System/Library/Frameworks/QuickLook.framework/Versions/A/QuickLook
0x00007fffbec3a000 	/System/Library/PrivateFrameworks/MobileKeyBag.framework/Versions/A/MobileKeyBag
0x00007fffc29bc000 	/System/Library/PrivateFrameworks/ViewBridge.framework/Versions/A/ViewBridge
0x00007fffbfd5a000 	/System/Library/PrivateFrameworks/QuickLookThumbnailing.framework/Versions/A/QuickLookThumbnailing
0x00007fffbb4a0000 	/System/Library/PrivateFrameworks/DisplayServices.framework/Versions/A/DisplayServices
0x00007fffb1103000 	/System/Library/Frameworks/ImageCaptureCore.framework/Versions/A/ImageCaptureCore
0x000000011a38f000 	/Applications/Stata/utilities/java/macosx-x64/zulu-jre11.0.4/lib/jli/libjli.dylib
0x000000011cc96000 	/Applications/Stata/utilities/java/macosx-x64/zulu-jre11.0.4//lib/server/libjvm.dylib
0x0000000115a32000 	cl_kernels
0x000000011a5d8000 	/System/Library/Frameworks/OpenCL.framework/Versions/A/Libraries/ImageFormats/unorm8_bgra.dylib
0x000000011a702000 	/System/Library/Frameworks/OpenCL.framework/Versions/A/Libraries/ImageFormats/unorm8_rgba.dylib
0x000000011a921000 	/Applications/Stata/utilities/java/macosx-x64/zulu-jre11.0.4/lib/libverify.dylib
0x000000011a9df000 	/Applications/Stata/utilities/java/macosx-x64/zulu-jre11.0.4/lib/libjava.dylib
0x000000011abfa000 	/Applications/Stata/utilities/java/macosx-x64/zulu-jre11.0.4/lib/libzip.dylib
0x000000011ddcf000 	/Applications/Stata/utilities/java/macosx-x64/zulu-jre11.0.4/lib/libjimage.dylib
0x000000013a74e000 	/Applications/Stata/utilities/java/macosx-x64/zulu-jre11.0.4/lib/libnio.dylib
0x000000013a760000 	/Applications/Stata/utilities/java/macosx-x64/zulu-jre11.0.4/lib/./libnet.dylib
0x000000013aa64000 	/Applications/Stata/utilities/java/macosx-x64/zulu-jre11.0.4/lib/libsunec.dylib
0x000000013acd1000 	/Applications/Stata/utilities/java/macosx-x64/zulu-jre11.0.4/lib/libextnet.dylib
0x00007fffc0b7f000 	/System/Library/PrivateFrameworks/Shortcut.framework/Versions/A/Shortcut
0x00007fffbd842000 	/System/Library/PrivateFrameworks/HelpData.framework/Versions/A/HelpData
0x0000000113f00000 	/Applications/Stata/utilities/java/macosx-x64/zulu-jre11.0.4/lib/libawt.dylib
0x0000000113fa2000 	/Applications/Stata/utilities/java/macosx-x64/zulu-jre11.0.4/lib/./libmlib_image.dylib
0x0000000114014000 	/System/Library/Frameworks/JavaVM.framework/Versions/A/Frameworks/JavaNativeFoundation.framework/Versions/A/JavaNativeFoundation
0x0000000114029000 	/System/Library/Frameworks/JavaVM.framework/Versions/A/Frameworks/JavaRuntimeSupport.framework/Versions/A/JavaRuntimeSupport
0x0000000114043000 	/System/Library/Frameworks/JavaVM.framework/Versions/A/JavaVM
0x0000000114050000 	/System/Library/PrivateFrameworks/JavaLaunching.framework/Versions/A/JavaLaunching
0x000000011405c000 	/Applications/Stata/utilities/java/macosx-x64/zulu-jre11.0.4/lib/libawt_lwawt.dylib
0x0000000114113000 	/Applications/Stata/utilities/java/macosx-x64/zulu-jre11.0.4/lib/./libosxapp.dylib
0x00007fffb0afb000 	/System/Library/Frameworks/ExceptionHandling.framework/Versions/A/ExceptionHandling
0x000000013a86a000 	/Applications/Stata/utilities/java/macosx-x64/zulu-jre11.0.4/lib/libfontmanager.dylib
0x000000013a988000 	/Applications/Stata/utilities/java/macosx-x64/zulu-jre11.0.4/lib/./libfreetype.dylib
0x000000011db7a000 	/Applications/Stata/utilities/java/macosx-x64/zulu-jre11.0.4/lib/libosxui.dylib
0x00007fffbbab4000 	/System/Library/PrivateFrameworks/FinderKit.framework/Versions/A/FinderKit
0x00007fffb8a34000 	/System/Library/PrivateFrameworks/Bom.framework/Versions/A/Bom
0x00007fffc137a000 	/System/Library/PrivateFrameworks/Suggestions.framework/Versions/A/Suggestions
0x00007fffc1970000 	/System/Library/PrivateFrameworks/SystemAdministration.framework/Versions/A/SystemAdministration
0x00007fffbb362000 	/System/Library/PrivateFrameworks/DiskImages.framework/Versions/A/DiskImages
0x00007fffac940000 	/System/Library/Frameworks/AddressBook.framework/Versions/A/AddressBook
0x00007fffba104000 	/System/Library/PrivateFrameworks/ContactsPersistence.framework/Versions/A/ContactsPersistence
0x00007fffb90a7000 	/System/Library/PrivateFrameworks/CalendarAgentLink.framework/Versions/A/CalendarAgentLink
0x00007fffba0b2000 	/System/Library/PrivateFrameworks/ContactsFoundation.framework/Versions/A/ContactsFoundation
0x00007fffc2fcc000 	/System/Library/PrivateFrameworks/vCard.framework/Versions/A/vCard
0x00007fffc1d46000 	/System/Library/PrivateFrameworks/ToneLibrary.framework/Versions/A/ToneLibrary
0x00007fffc1d30000 	/System/Library/PrivateFrameworks/ToneKit.framework/Versions/A/ToneKit
0x00007fffb856e000 	/System/Library/PrivateFrameworks/ApplePushService.framework/Versions/A/ApplePushService
0x00007fffb089c000 	/System/Library/Frameworks/DirectoryService.framework/Versions/A/DirectoryService
0x00007fffb570b000 	/System/Library/Frameworks/SecurityInterface.framework/Versions/A/SecurityInterface
0x00007fffbf69a000 	/System/Library/PrivateFrameworks/PhoneNumbers.framework/Versions/A/PhoneNumbers
0x00007fffb21cc000 	/System/Library/Frameworks/LDAP.framework/Versions/A/LDAP
0x00007fffac902000 	/System/Library/Frameworks/Accounts.framework/Versions/A/Accounts
0x00007fffbf18b000 	/System/Library/PrivateFrameworks/OAuth.framework/Versions/A/OAuth
0x00007fffba61b000 	/System/Library/PrivateFrameworks/CoreDaemon.framework/Versions/B/CoreDaemon
0x00007fffb858a000 	/System/Library/PrivateFrameworks/AppleSRP.framework/Versions/A/AppleSRP
0x00007fffc441b000 	/usr/lib/libsasl2.2.dylib
0x00007fffbe186000 	/System/Library/PrivateFrameworks/LoginUIKit.framework/Versions/A/Frameworks/LoginUICore.framework/Versions/A/LoginUICore
0x00007fffc301d000 	/usr/lib/libCoreStorage.dylib
0x00007fffc3803000 	/usr/lib/libcsfde.dylib
0x00007fffc436f000 	/usr/lib/libodfde.dylib
0x00007fffb08a8000 	/System/Library/Frameworks/DiscRecording.framework/Versions/A/DiscRecording
0x00007fffc3863000 	/usr/lib/libcurl.4.dylib
0x00007fffbe886000 	/System/Library/PrivateFrameworks/MediaKit.framework/Versions/A/MediaKit
0x00007fffbb4f0000 	/System/Library/PrivateFrameworks/EFILogin.framework/Versions/A/EFILogin
0x00007fffc466f000 	/usr/lib/libutil.dylib
0x00007fffb7c0a000 	/System/Library/PrivateFrameworks/APFS.framework/Versions/A/APFS
0x00007fffb8cb2000 	/System/Library/PrivateFrameworks/CacheDelete.framework/Versions/A/CacheDelete
0x00007fffbfc8f000 	/System/Library/PrivateFrameworks/PlugInKit.framework/Versions/A/PlugInKit
0x00007fffc2f1a000 	/System/Library/PrivateFrameworks/iLifeMediaBrowser.framework/Versions/A/iLifeMediaBrowser
0x00007fffabb18000 	/System/Library/Frameworks/AVKit.framework/Versions/A/AVKit
0x00007fffbe8bb000 	/System/Library/PrivateFrameworks/MediaRemote.framework/Versions/A/MediaRemote
0x00007fffbea1c000 	/System/Library/PrivateFrameworks/MediaServices.framework/Versions/A/MediaServices
0x000000011a8be000 	cl_kernels
0x0000000168c71000 	/System/Library/Frameworks/OpenCL.framework/Versions/A/Libraries/ImageFormats/unorm8_rgx.dylib
0x000000011dc29000 	/System/Library/PrivateFrameworks/CoreNLP.framework/Versions/A/CoreNLP
0x000000013a7d5000 	/System/Library/Frameworks/Quartz.framework/Versions/A/Frameworks/QuickLookUI.framework/Versions/A/PlugIns/Generic.qldisplay/Contents/MacOS/Generic
0x00007fffbb126000 	/System/Library/PrivateFrameworks/DataDetectors.framework/Versions/A/DataDetectors
0x00007fffb7453000 	/System/Library/Frameworks/WebKit.framework/Versions/A/WebKit
0x00007fffb7266000 	/System/Library/Frameworks/WebKit.framework/Versions/A/Frameworks/WebKitLegacy.framework/Versions/A/WebKitLegacy
0x00007fffb5ede000 	/System/Library/Frameworks/WebKit.framework/Versions/A/Frameworks/WebCore.framework/Versions/A/WebCore
0x000000011ab36000 	cl_kernels
0x000000013aeff000 	/usr/lib/libgermantok.dylib


VM Arguments:
jvm_args: -Xmx2048M -Xss2M -XX:ErrorFile=/dev/null 
java_command: <unknown>
java_class_path (initial): /Applications/Stata/utilities/jar/aspose-words-18.11-jdk16.jar:/Applications/Stata/utilities/jar/libdeps-core.jar:/Applications/Stata/utilities/jar/libstata-core.jar:/Applications/Stata/utilities/jar/sfi-api.jar:
Launcher Type: generic

[Global flags]
     intx CICompilerCount                          = 3                                         {product} {ergonomic}
     uint ConcGCThreads                            = 1                                         {product} {ergonomic}
    ccstr ErrorFile                                = /dev/null                                 {product} {command line}
     uint G1ConcRefinementThreads                  = 4                                         {product} {ergonomic}
   size_t G1HeapRegionSize                         = 1048576                                   {product} {ergonomic}
    uintx GCDrainStackTargetSize                   = 64                                        {product} {ergonomic}
   size_t InitialHeapSize                          = 134217728                                 {product} {ergonomic}
   size_t MarkStackSize                            = 4194304                                   {product} {ergonomic}
   size_t MaxHeapSize                              = 2147483648                                {product} {command line}
   size_t MaxNewSize                               = 1287651328                                {product} {ergonomic}
   size_t MinHeapDeltaBytes                        = 1048576                                   {product} {ergonomic}
    uintx NonNMethodCodeHeapSize                   = 5830092                                {pd product} {ergonomic}
    uintx NonProfiledCodeHeapSize                  = 122914074                              {pd product} {ergonomic}
    uintx ProfiledCodeHeapSize                     = 122914074                              {pd product} {ergonomic}
    uintx ReservedCodeCacheSize                    = 251658240                              {pd product} {ergonomic}
     bool SegmentedCodeCache                       = true                                      {product} {ergonomic}
     intx ThreadStackSize                          = 2048                                   {pd product} {command line}
     bool UseCompressedClassPointers               = true                                 {lp64_product} {ergonomic}
     bool UseCompressedOops                        = true                                 {lp64_product} {ergonomic}
     bool UseG1GC                                  = true                                      {product} {ergonomic}

Logging:
Log output configuration:
 #0: stdout all=warning uptime,level,tags
 #1: stderr all=off uptime,level,tags

Environment Variables:
PATH=/usr/bin:/bin:/usr/sbin:/sbin:/Applications/Stata/utilities/java/macosx-x64/zulu-jre11.0.4/bin
SHELL=/bin/bash

Signal Handlers:
SIGSEGV: [libjvm.dylib+0x77e064], sa_mask[0]=11111111011111110111111111111111, sa_flags=SA_ONSTACK|SA_RESTART|SA_SIGINFO
SIGBUS: [libjvm.dylib+0x77e064], sa_mask[0]=11111111011111110111111111111111, sa_flags=SA_RESTART|SA_SIGINFO
SIGFPE: [libjvm.dylib+0x77e064], sa_mask[0]=11111111011111110111111111111111, sa_flags=SA_RESTART|SA_SIGINFO
SIGPIPE: [libjvm.dylib+0x617f92], sa_mask[0]=11111111011111110111111111111111, sa_flags=SA_RESTART|SA_SIGINFO
SIGXFSZ: [libjvm.dylib+0x617f92], sa_mask[0]=11111111011111110111111111111111, sa_flags=SA_RESTART|SA_SIGINFO
SIGILL: [libjvm.dylib+0x77e064], sa_mask[0]=11111111011111110111111111111111, sa_flags=SA_RESTART|SA_SIGINFO
SIGUSR2: [libjvm.dylib+0x6185a2], sa_mask[0]=11100000000001110111111111011111, sa_flags=SA_RESTART|SA_SIGINFO
SIGHUP: [libjvm.dylib+0x617009], sa_mask[0]=11111111011111110111111111111111, sa_flags=SA_RESTART|SA_SIGINFO
SIGINT: [libjvm.dylib+0x617009], sa_mask[0]=11111111011111110111111111111111, sa_flags=SA_RESTART|SA_SIGINFO
SIGTERM: [libjvm.dylib+0x617009], sa_mask[0]=11111111011111110111111111111111, sa_flags=SA_RESTART|SA_SIGINFO
SIGQUIT: [libjvm.dylib+0x617009], sa_mask[0]=11111111011111110111111111111111, sa_flags=SA_RESTART|SA_SIGINFO


---------------  S Y S T E M  ---------------

OS:uname:Darwin 16.7.0 Darwin Kernel Version 16.7.0: Thu Jun 15 17:36:27 PDT 2017; root:xnu-3789.70.16~2/RELEASE_X86_64 x86_64
rlimit: STACK 8192k, CORE 0k, NPROC 709, NOFILE 10240, AS infinity, DATA infinity, FSIZE infinity
load average:1.60 1.44 1.42

CPU:total 4 (initial active 4) (2 cores per cpu, 2 threads per core) family 6 model 61 stepping 4, cmov, cx8, fxsr, mmx, sse, sse2, sse3, ssse3, sse4.1, sse4.2, popcnt, avx, avx2, aes, clmul, erms, 3dnowpref, lzcnt, ht, tsc, tscinvbit, bmi1, bmi2, adx, fma

Memory: 4k page, physical 8388608k(3864096k free)

vm_info: OpenJDK 64-Bit Server VM (11.0.4+11-LTS) for bsd-amd64 JRE (Zulu11.33+15-CA) (11.0.4+11-LTS), built on Jul 11 2019 11:30:37 by "zulu_re" with gcc 4.2.1 Compatible Apple LLVM 6.1.0 (clang-602.0.53)

END.
