#
# A fatal error has been detected by the Java Runtime Environment:
#
#  SIGSEGV (0xb) at pc=0x00007fffd0fbbfc5, pid=4417, tid=775
#
# JRE version: OpenJDK Runtime Environment (Zulu11.33+15-CA) (11.0.4+11) (build 11.0.4+11-LTS)
# Java VM: OpenJDK 64-Bit Server VM (11.0.4+11-LTS, mixed mode, tiered, compressed oops, g1 gc, bsd-amd64)
# Problematic frame:
# C  [libobjc.A.dylib+0x7fc5]  lookUpImpOrForward+0x5a
#
# No core dump will be written. Core dumps have been disabled. To enable core dumping, try "ulimit -c unlimited" before starting Java again
#
# If you would like to submit a bug report, please visit:
#   http://www.azulsystems.com/support/
# The crash happened outside the Java Virtual Machine in native code.
# See problematic frame for where to report the bug.
#

---------------  S U M M A R Y ------------

Command Line: -Xmx2048M -Xss2M -XX:ErrorFile=/dev/null 

Host: MacBookAir7,2 x86_64 1600 MHz, 4 cores, 8G, Darwin 16.7.0
Time: Sun Oct 27 17:22:56 2019 EDT elapsed time: 5412 seconds (0d 1h 30m 12s)

---------------  T H R E A D  ---------------

Current thread (0x00007f9d121ba000):  JavaThread "AppKit Thread" daemon [_thread_in_native, id=775, stack(0x00007fff5df59000,0x00007fff5e759000)]

Stack: [0x00007fff5df59000,0x00007fff5e759000],  sp=0x00007fff5e754540,  free space=8173k
Native frames: (J=compiled Java code, A=aot compiled Java code, j=interpreted, Vv=VM code, C=native code)
C  [libobjc.A.dylib+0x7fc5]  lookUpImpOrForward+0x5a
C  [libobjc.A.dylib+0x7ad4]  _objc_msgSend_uncached+0x44
C  [AppKit+0x3704ce]  -[NSTabView removeTabViewItem:]+0x2e6
C  [StataSE+0x46c469]
[error occurred during error reporting (printing native stack), id 0xe0000000, Internal Error (/Users/tester/jenkins/workspace/zulu11-build-macos/zulu-src/src/hotspot/os/bsd/decoder_machO.hpp:43)]


siginfo: si_signo: 11 (SIGSEGV), si_code: 1 (SEGV_MAPERR), si_addr: 0x0000524c43465248

Register to memory mapping:

RAX=0x0000524c43465248 is an unknown value
RBX=0x0000600000004c00 points into unknown readable memory: 41 e1 65 da ff ff 1d 00
RCX=0x0 is NULL
RDX=0x000000000fe118c0 is an unknown value
RSP=0x00007fff5e754540 is pointing into the stack for thread: 0x00007f9d121ba000
RBP=0x00007fff5e754590 is pointing into the stack for thread: 0x00007f9d121ba000
RSI=0x0000000000000001 is an unknown value
RDI=0x00007fffda65e2d0: runtimeLock+0 in /usr/lib/libobjc.A.dylib at 0x00007fffd0fb4000
R8 =0x000000000fe119c0 is an unknown value
R9 =0x0 is NULL
R10=0x00007fffda65e2ec: runtimeLock+0x1c in /usr/lib/libobjc.A.dylib at 0x00007fffd0fb4000
R11=0x00007fffda65e2f0: runtimeLock+0x20 in /usr/lib/libobjc.A.dylib at 0x00007fffd0fb4000
R12=0x00007fffba8c5829: __NSStyleNameIndexTable+0x100471 in /System/Library/Frameworks/AppKit.framework/Versions/C/AppKit at 0x00007fffb9bd8000
R13=0x0000000000000001 is an unknown value
R14=0x00007ffffffffff8 is an unknown value
R15=0x00007f9d115e05b0 points into unknown readable memory: 00 4c 00 00 00 60 00 00


Registers:
RAX=0x0000524c43465248, RBX=0x0000600000004c00, RCX=0x0000000000000000, RDX=0x000000000fe118c0
RSP=0x00007fff5e754540, RBP=0x00007fff5e754590, RSI=0x0000000000000001, RDI=0x00007fffda65e2d0
R8 =0x000000000fe119c0, R9 =0x0000000000000000, R10=0x00007fffda65e2ec, R11=0x00007fffda65e2f0
R12=0x00007fffba8c5829, R13=0x0000000000000001, R14=0x00007ffffffffff8, R15=0x00007f9d115e05b0
RIP=0x00007fffd0fbbfc5, EFLAGS=0x0000000000010206, ERR=0x0000000000000004
  TRAPNO=0x000000000000000e

Top of Stack: (sp=0x00007fff5e754540)
0x00007fff5e754540:   000060000030ccc0 0000000103792000
0x00007fff5e754550:   0000000000000028 0000000000000000
0x00007fff5e754560:   00000001006574f0 00007f9d115678c0
0x00007fff5e754570:   0000000000000108 0000000000000000
0x00007fff5e754580:   000060000030ccc0 00007fffd0fbb040
0x00007fff5e754590:   00007fff5e754660 00007fffd0fbbad4
0x00007fff5e7545a0:   00006000000c7488 0000000000000040
0x00007fff5e7545b0:   00000000000c40cd 00007f9d115678c0
0x00007fff5e7545c0:   00007fffba8c5829 00007f9d115e05b0
0x00007fff5e7545d0:   00000000000000b8 00007fffd1a32e2c
0x00007fff5e7545e0:   0000000000000000 0000000000000000
0x00007fff5e7545f0:   0000000000000000 0000000000000000
0x00007fff5e754600:   c3e0000000000000 3ff0000000000000
0x00007fff5e754610:   0000000000000001 0000000000000000
0x00007fff5e754620:   4056c00000000000 0000000000000000
0x00007fff5e754630:   c035000000000000 0000000000000000
0x00007fff5e754640:   c035000000000000 0000000000000000
0x00007fff5e754650:   c035000000000000 0000000000000000
0x00007fff5e754660:   00007fff5e7546d0 00007fffb9f484ce
0x00007fff5e754670:   0000000000000000 0000000000000000
0x00007fff5e754680:   0000000000000000 0000000000000000
0x00007fff5e754690:   0000000000000000 0000000000000000
0x00007fff5e7546a0:   0000000000000000 000060000030ccc0
0x00007fff5e7546b0:   00007fffd0fbb040 0000600000149b60
0x00007fff5e7546c0:   0000600000157a20 00007fffd0fbb040
0x00007fff5e7546d0:   00007fff5e754710 0000000101913469
0x00007fff5e7546e0:   0000600000157a20 0000600000157a20
0x00007fff5e7546f0:   00007fffd0fbb040 00006000001f9400
0x00007fff5e754700:   000060000026f540 0000600000149b60
0x00007fff5e754710:   00007fff5e754750 00000001014d7cfe
0x00007fff5e754720:   0000000000000000 000060800169bb20
0x00007fff5e754730:   0000608001a79480 00007f9d13fd4380 

Instructions: (pc=0x00007fffd0fbbfc5)
0x00007fffd0fbbec5:   66 66 66 66 66 66 2e 0f 1f 84 00 00 00 00 00 66
0x00007fffd0fbbed5:   66 66 66 66 66 2e 0f 1f 84 00 00 00 00 00 66 66
0x00007fffd0fbbee5:   66 66 66 66 2e 0f 1f 84 00 00 00 00 00 66 66 66
0x00007fffd0fbbef5:   66 66 2e 0f 1f 84 00 00 00 00 00 4c 8b 5e 10 48
0x00007fffd0fbbf05:   8b 36 41 ff e3 66 66 66 66 66 66 2e 0f 1f 84 00
0x00007fffd0fbbf15:   00 00 00 00 66 66 66 66 66 66 2e 0f 1f 84 00 00
0x00007fffd0fbbf25:   00 00 00 66 66 66 66 66 66 2e 0f 1f 84 00 00 00
0x00007fffd0fbbf35:   00 00 66 0f 1f 84 00 00 00 00 00 4c 8b 5a 10 48
0x00007fffd0fbbf45:   8b 12 41 ff e3 55 48 89 e5 48 89 f8 b9 01 00 00
0x00007fffd0fbbf55:   00 45 31 c0 41 b9 01 00 00 00 48 89 d7 48 89 c2
0x00007fffd0fbbf65:   5d e9 00 00 00 00 55 48 89 e5 41 57 41 56 41 55
0x00007fffd0fbbf75:   41 54 53 48 83 ec 28 44 89 4d d4 41 89 cd 49 89
0x00007fffd0fbbf85:   d7 49 89 f4 48 89 fb 45 84 c0 74 17 48 89 df 4c
0x00007fffd0fbbf95:   89 e6 e8 14 f0 ff ff 49 89 c6 4d 85 f6 0f 85 e3
0x00007fffd0fbbfa5:   01 00 00 49 be f8 ff ff ff ff 7f 00 00 48 8d 3d
0x00007fffd0fbbfb5:   17 23 6a 09 e8 6a 09 00 00 48 8b 43 20 4c 21 f0
0x00007fffd0fbbfc5:   83 38 00 49 89 de 78 2f 48 8d 1d fc 22 6a 09 48
0x00007fffd0fbbfd5:   89 df e8 10 0c 00 00 48 89 df e8 b4 95 ff ff 4c
0x00007fffd0fbbfe5:   89 f7 e8 62 cb ff ff 48 89 df e8 14 a9 ff ff 48
0x00007fffd0fbbff5:   89 df e8 2c 09 00 00 45 84 ed 4d 89 f5 4c 89 6d
0x00007fffd0fbc005:   c8 74 5b 49 8b 45 20 48 89 c1 48 ba f8 ff ff ff
0x00007fffd0fbc015:   ff 7f 00 00 48 21 d1 48 8b 49 08 f6 01 01 75 0b
0x00007fffd0fbc025:   49 8b 45 00 48 21 d0 48 8b 40 20 48 21 d0 f6 40
0x00007fffd0fbc035:   03 20 75 2a 4c 8d 35 90 22 6a 09 4c 89 f7 e8 a4
0x00007fffd0fbc045:   0b 00 00 4c 89 ef 4c 89 fe e8 9b 01 00 00 48 89
0x00007fffd0fbc055:   c7 e8 1b 04 00 00 4c 89 f7 e8 c5 08 00 00 4c 89
0x00007fffd0fbc065:   ef 4c 89 e6 e8 42 ef ff ff 49 89 c6 4d 85 f6 0f
0x00007fffd0fbc075:   85 05 01 00 00 8b 45 d4 34 01 89 45 d4 31 c0 89
0x00007fffd0fbc085:   45 bc 4c 89 ef 4c 89 e6 e8 88 db ff ff 48 89 c3
0x00007fffd0fbc095:   48 85 db 0f 85 ff 00 00 00 4c 89 7d c0 48 8b 3d
0x00007fffd0fbc0a5:   4f 94 75 09 e8 e2 38 00 00 89 c3 e8 dc a2 01 00
0x00007fffd0fbc0b5:   01 d8 c1 e0 04 41 bf f0 ff ff ff 41 29 c7 41 83 


Stack slot to memory mapping:
stack at sp + 0 slots: 0x000060000030ccc0 points into unknown readable memory: ad be c6 6d aa 71 dd ba
stack at sp + 1 slots: 0x0000000103792000 points into unknown readable memory: 00 00 00 00 00 00 00 00
stack at sp + 2 slots: 0x0000000000000028 is an unknown value
stack at sp + 3 slots: 0x0 is NULL
stack at sp + 4 slots: 0x00000001006574f0 is an unknown value
stack at sp + 5 slots: 0x00007f9d115678c0 points into unknown readable memory: e1 e8 30 00 00 e0 3d 02
stack at sp + 6 slots: 0x0000000000000108 is an unknown value
stack at sp + 7 slots: 0x0 is NULL


---------------  P R O C E S S  ---------------

Threads class SMR info:
_java_thread_list=0x0000608000c27140, length=14, elements={
0x00007f9d153c9800, 0x00007f9d153de000, 0x00007f9d153df000, 0x00007f9d12161800,
0x00007f9d12055000, 0x00007f9d1289d800, 0x00007f9d128a0800, 0x00007f9d128c2800,
0x00007f9d1192e000, 0x00007f9d121ad000, 0x00007f9d121ba000, 0x00007f9d1192d000,
0x00007f9d15662800, 0x00007f9d1717c800
}

Java Threads: ( => current thread )
  0x00007f9d153c9800 JavaThread "main" [_thread_in_native, id=4611, stack(0x00007000095b5000,0x0000700009635000)]
  0x00007f9d153de000 JavaThread "Reference Handler" daemon [_thread_blocked, id=50435, stack(0x0000700009f5c000,0x000070000a15c000)]
  0x00007f9d153df000 JavaThread "Finalizer" daemon [_thread_blocked, id=51203, stack(0x000070000a15f000,0x000070000a35f000)]
  0x00007f9d12161800 JavaThread "Signal Dispatcher" daemon [_thread_blocked, id=52487, stack(0x000070000a362000,0x000070000a562000)]
  0x00007f9d12055000 JavaThread "C2 CompilerThread0" daemon [_thread_blocked, id=53251, stack(0x000070000a565000,0x000070000a665000)]
  0x00007f9d1289d800 JavaThread "C1 CompilerThread0" daemon [_thread_blocked, id=54019, stack(0x000070000a668000,0x000070000a768000)]
  0x00007f9d128a0800 JavaThread "Sweeper thread" daemon [_thread_blocked, id=54787, stack(0x000070000a76b000,0x000070000a96b000)]
  0x00007f9d128c2800 JavaThread "Service Thread" daemon [_thread_blocked, id=55811, stack(0x000070000a96e000,0x000070000ab6e000)]
  0x00007f9d1192e000 JavaThread "Common-Cleaner" daemon [_thread_blocked, id=57091, stack(0x000070000ac74000,0x000070000ae74000)]
  0x00007f9d121ad000 JavaThread "Thread-1" [_thread_in_native, id=24859, stack(0x0000700009638000,0x00007000096b8000)]
=>0x00007f9d121ba000 JavaThread "AppKit Thread" daemon [_thread_in_native, id=775, stack(0x00007fff5df59000,0x00007fff5e759000)]
  0x00007f9d1192d000 JavaThread "Java2D Queue Flusher" daemon [_thread_blocked, id=22283, stack(0x000070000b70c000,0x000070000b90c000)]
  0x00007f9d15662800 JavaThread "Java2D Disposer" daemon [_thread_blocked, id=76875, stack(0x000070000b90f000,0x000070000bb0f000)]
  0x00007f9d1717c800 JavaThread "TimerQueue" daemon [_thread_blocked, id=91395, stack(0x000070000bb12000,0x000070000bd12000)]

Other Threads:
  0x00007f9d1289a800 VMThread "VM Thread" [stack: 0x0000700009e59000,0x0000700009f59000] [id=49487]
  0x00007f9d12204000 WatcherThread [stack: 0x000070000ab71000,0x000070000ac71000] [id=56323]
  0x00007f9d11a33000 GCTaskThread "GC Thread#0" [stack: 0x000070000994a000,0x0000700009a4a000] [id=45827]
  0x00007f9d1546e800 GCTaskThread "GC Thread#1" [stack: 0x000070000b0fd000,0x000070000b1fd000] [id=69587]
  0x00007f9d12925800 GCTaskThread "GC Thread#2" [stack: 0x000070000b200000,0x000070000b300000] [id=69891]
  0x00007f9d1545c000 GCTaskThread "GC Thread#3" [stack: 0x000070000b303000,0x000070000b403000] [id=70403]
  0x00007f9d11a2e800 ConcurrentGCThread "G1 Main Marker" [stack: 0x0000700009a4d000,0x0000700009b4d000] [id=46339]
  0x00007f9d119b7000 ConcurrentGCThread "G1 Conc#0" [stack: 0x0000700009b50000,0x0000700009c50000] [id=47363]
  0x00007f9d12864800 ConcurrentGCThread "G1 Refine#0" [stack: 0x0000700009c53000,0x0000700009d53000] [id=47883]
  0x00007f9d12921800 ConcurrentGCThread "G1 Refine#1" [stack: 0x000070000b406000,0x000070000b506000] [id=70919]
  0x00007f9d153d8000 ConcurrentGCThread "G1 Young RemSet Sampling" [stack: 0x0000700009d56000,0x0000700009e56000] [id=48387]

Threads with active compile tasks:

VM state:not at safepoint (normal execution)

VM Mutex/Monitor currently owned by a thread: None

Heap address: 0x0000000780000000, size: 2048 MB, Compressed Oops mode: Zero based, Oop shift amount: 3
Narrow klass base: 0x0000000800000000, Narrow klass shift: 0
Compressed class space size: 1073741824 Address: 0x0000000800000000

Heap:
 garbage-first heap   total 131072K, used 63203K [0x0000000780000000, 0x0000000800000000)
  region size 1024K, 44 young (45056K), 6 survivors (6144K)
 Metaspace       used 30915K, capacity 31765K, committed 32128K, reserved 1077248K
  class space    used 3820K, capacity 4175K, committed 4224K, reserved 1048576K
Heap Regions: E=young(eden), S=young(survivor), O=old, HS=humongous(starts), HC=humongous(continues), CS=collection set, F=free, A=archive, TAMS=top-at-mark-start (previous, next)
|   0|0x0000000780000000, 0x0000000780100000, 0x0000000780100000|100%|HS|  |TAMS 0x0000000780100000, 0x0000000780000000| Complete 
|   1|0x0000000780100000, 0x0000000780200000, 0x0000000780200000|100%| O|  |TAMS 0x0000000780200000, 0x0000000780100000| Untracked 
|   2|0x0000000780200000, 0x0000000780300000, 0x0000000780300000|100%|HS|  |TAMS 0x0000000780300000, 0x0000000780200000| Complete 
|   3|0x0000000780300000, 0x0000000780400000, 0x0000000780400000|100%|HC|  |TAMS 0x0000000780400000, 0x0000000780300000| Complete 
|   4|0x0000000780400000, 0x0000000780500000, 0x0000000780500000|100%| O|  |TAMS 0x0000000780500000, 0x0000000780400000| Untracked 
|   5|0x0000000780500000, 0x0000000780600000, 0x0000000780600000|100%| O|  |TAMS 0x0000000780600000, 0x0000000780500000| Untracked 
|   6|0x0000000780600000, 0x0000000780700000, 0x0000000780700000|100%| O|  |TAMS 0x00000007806b2600, 0x0000000780600000| Untracked 
|   7|0x0000000780700000, 0x0000000780700000, 0x0000000780800000|  0%| F|  |TAMS 0x0000000780700000, 0x0000000780700000| Untracked 
|   8|0x0000000780800000, 0x0000000780800000, 0x0000000780900000|  0%| F|  |TAMS 0x0000000780800000, 0x0000000780800000| Untracked 
|   9|0x0000000780900000, 0x0000000780900000, 0x0000000780a00000|  0%| F|  |TAMS 0x0000000780900000, 0x0000000780900000| Untracked 
|  10|0x0000000780a00000, 0x0000000780a00000, 0x0000000780b00000|  0%| F|  |TAMS 0x0000000780a00000, 0x0000000780a00000| Untracked 
|  11|0x0000000780b00000, 0x0000000780b00000, 0x0000000780c00000|  0%| F|  |TAMS 0x0000000780b00000, 0x0000000780b00000| Untracked 
|  12|0x0000000780c00000, 0x0000000780c00000, 0x0000000780d00000|  0%| F|  |TAMS 0x0000000780c00000, 0x0000000780c00000| Untracked 
|  13|0x0000000780d00000, 0x0000000780d00000, 0x0000000780e00000|  0%| F|  |TAMS 0x0000000780d00000, 0x0000000780d00000| Untracked 
|  14|0x0000000780e00000, 0x0000000780e00000, 0x0000000780f00000|  0%| F|  |TAMS 0x0000000780e00000, 0x0000000780e00000| Untracked 
|  15|0x0000000780f00000, 0x0000000780f00000, 0x0000000781000000|  0%| F|  |TAMS 0x0000000780f00000, 0x0000000780f00000| Untracked 
|  16|0x0000000781000000, 0x0000000781000000, 0x0000000781100000|  0%| F|  |TAMS 0x0000000781000000, 0x0000000781000000| Untracked 
|  17|0x0000000781100000, 0x0000000781100000, 0x0000000781200000|  0%| F|  |TAMS 0x0000000781100000, 0x0000000781100000| Untracked 
|  18|0x0000000781200000, 0x0000000781200000, 0x0000000781300000|  0%| F|  |TAMS 0x0000000781200000, 0x0000000781200000| Untracked 
|  19|0x0000000781300000, 0x0000000781300000, 0x0000000781400000|  0%| F|  |TAMS 0x0000000781300000, 0x0000000781300000| Untracked 
|  20|0x0000000781400000, 0x0000000781400000, 0x0000000781500000|  0%| F|  |TAMS 0x0000000781400000, 0x0000000781400000| Untracked 
|  21|0x0000000781500000, 0x0000000781500000, 0x0000000781600000|  0%| F|  |TAMS 0x0000000781500000, 0x0000000781500000| Untracked 
|  22|0x0000000781600000, 0x0000000781600000, 0x0000000781700000|  0%| F|  |TAMS 0x0000000781600000, 0x0000000781600000| Untracked 
|  23|0x0000000781700000, 0x0000000781700000, 0x0000000781800000|  0%| F|  |TAMS 0x0000000781700000, 0x0000000781700000| Untracked 
|  24|0x0000000781800000, 0x0000000781800000, 0x0000000781900000|  0%| F|  |TAMS 0x0000000781800000, 0x0000000781800000| Untracked 
|  25|0x0000000781900000, 0x0000000781900000, 0x0000000781a00000|  0%| F|  |TAMS 0x0000000781900000, 0x0000000781900000| Untracked 
|  26|0x0000000781a00000, 0x0000000781a00000, 0x0000000781b00000|  0%| F|  |TAMS 0x0000000781a00000, 0x0000000781a00000| Untracked 
|  27|0x0000000781b00000, 0x0000000781c00000, 0x0000000781c00000|100%|HS|  |TAMS 0x0000000781b00000, 0x0000000781b00000| Complete 
|  28|0x0000000781c00000, 0x0000000781d00000, 0x0000000781d00000|100%|HC|  |TAMS 0x0000000781c00000, 0x0000000781c00000| Complete 
|  29|0x0000000781d00000, 0x0000000781e00000, 0x0000000781e00000|100%|HC|  |TAMS 0x0000000781d00000, 0x0000000781d00000| Complete 
|  30|0x0000000781e00000, 0x0000000781f00000, 0x0000000781f00000|100%|HC|  |TAMS 0x0000000781e00000, 0x0000000781e00000| Complete 
|  31|0x0000000781f00000, 0x0000000782000000, 0x0000000782000000|100%|HC|  |TAMS 0x0000000781f00000, 0x0000000781f00000| Complete 
|  32|0x0000000782000000, 0x0000000782100000, 0x0000000782100000|100%| O|  |TAMS 0x0000000782000000, 0x0000000782000000| Untracked 
|  33|0x0000000782100000, 0x0000000782200000, 0x0000000782200000|100%| O|  |TAMS 0x0000000782100000, 0x0000000782100000| Untracked 
|  34|0x0000000782200000, 0x0000000782300000, 0x0000000782300000|100%| O|  |TAMS 0x0000000782200000, 0x0000000782200000| Untracked 
|  35|0x0000000782300000, 0x0000000782400000, 0x0000000782400000|100%| O|  |TAMS 0x0000000782300000, 0x0000000782300000| Untracked 
|  36|0x0000000782400000, 0x0000000782500000, 0x0000000782500000|100%| O|  |TAMS 0x0000000782400000, 0x0000000782400000| Untracked 
|  37|0x0000000782500000, 0x0000000782600000, 0x0000000782600000|100%| O|  |TAMS 0x0000000782500000, 0x0000000782500000| Untracked 
|  38|0x0000000782600000, 0x00000007826fd200, 0x0000000782700000| 98%| O|  |TAMS 0x0000000782600000, 0x0000000782600000| Untracked 
|  39|0x0000000782700000, 0x0000000782700000, 0x0000000782800000|  0%| F|  |TAMS 0x0000000782700000, 0x0000000782700000| Untracked 
|  40|0x0000000782800000, 0x0000000782800000, 0x0000000782900000|  0%| F|  |TAMS 0x0000000782800000, 0x0000000782800000| Untracked 
|  41|0x0000000782900000, 0x0000000782900000, 0x0000000782a00000|  0%| F|  |TAMS 0x0000000782900000, 0x0000000782900000| Untracked 
|  42|0x0000000782a00000, 0x0000000782a00000, 0x0000000782b00000|  0%| F|  |TAMS 0x0000000782a00000, 0x0000000782a00000| Untracked 
|  43|0x0000000782b00000, 0x0000000782b00000, 0x0000000782c00000|  0%| F|  |TAMS 0x0000000782b00000, 0x0000000782b00000| Untracked 
|  44|0x0000000782c00000, 0x0000000782c00000, 0x0000000782d00000|  0%| F|  |TAMS 0x0000000782c00000, 0x0000000782c00000| Untracked 
|  45|0x0000000782d00000, 0x0000000782d00000, 0x0000000782e00000|  0%| F|  |TAMS 0x0000000782d00000, 0x0000000782d00000| Untracked 
|  46|0x0000000782e00000, 0x0000000782e00000, 0x0000000782f00000|  0%| F|  |TAMS 0x0000000782e00000, 0x0000000782e00000| Untracked 
|  47|0x0000000782f00000, 0x0000000782f00000, 0x0000000783000000|  0%| F|  |TAMS 0x0000000782f00000, 0x0000000782f00000| Untracked 
|  48|0x0000000783000000, 0x0000000783000000, 0x0000000783100000|  0%| F|  |TAMS 0x0000000783000000, 0x0000000783000000| Untracked 
|  49|0x0000000783100000, 0x0000000783100000, 0x0000000783200000|  0%| F|  |TAMS 0x0000000783100000, 0x0000000783100000| Untracked 
|  50|0x0000000783200000, 0x0000000783200000, 0x0000000783300000|  0%| F|  |TAMS 0x0000000783200000, 0x0000000783200000| Untracked 
|  51|0x0000000783300000, 0x0000000783300000, 0x0000000783400000|  0%| F|  |TAMS 0x0000000783300000, 0x0000000783300000| Untracked 
|  52|0x0000000783400000, 0x0000000783400000, 0x0000000783500000|  0%| F|  |TAMS 0x0000000783400000, 0x0000000783400000| Untracked 
|  53|0x0000000783500000, 0x0000000783500000, 0x0000000783600000|  0%| F|  |TAMS 0x0000000783500000, 0x0000000783500000| Untracked 
|  54|0x0000000783600000, 0x00000007836bbdb8, 0x0000000783700000| 73%| S|CS|TAMS 0x0000000783600000, 0x0000000783600000| Complete 
|  55|0x0000000783700000, 0x0000000783800000, 0x0000000783800000|100%| S|CS|TAMS 0x0000000783700000, 0x0000000783700000| Complete 
|  56|0x0000000783800000, 0x0000000783900000, 0x0000000783900000|100%| S|CS|TAMS 0x0000000783800000, 0x0000000783800000| Complete 
|  57|0x0000000783900000, 0x0000000783a00000, 0x0000000783a00000|100%| S|CS|TAMS 0x0000000783900000, 0x0000000783900000| Complete 
|  58|0x0000000783a00000, 0x0000000783b00000, 0x0000000783b00000|100%| S|CS|TAMS 0x0000000783a00000, 0x0000000783a00000| Complete 
|  59|0x0000000783b00000, 0x0000000783c00000, 0x0000000783c00000|100%| S|CS|TAMS 0x0000000783b00000, 0x0000000783b00000| Complete 
|  60|0x0000000783c00000, 0x0000000783c00000, 0x0000000783d00000|  0%| F|  |TAMS 0x0000000783c00000, 0x0000000783c00000| Untracked 
|  61|0x0000000783d00000, 0x0000000783d00000, 0x0000000783e00000|  0%| F|  |TAMS 0x0000000783d00000, 0x0000000783d00000| Untracked 
|  62|0x0000000783e00000, 0x0000000783e00000, 0x0000000783f00000|  0%| F|  |TAMS 0x0000000783e00000, 0x0000000783e00000| Untracked 
|  63|0x0000000783f00000, 0x0000000783f00000, 0x0000000784000000|  0%| F|  |TAMS 0x0000000783f00000, 0x0000000783f00000| Untracked 
|  64|0x0000000784000000, 0x0000000784000000, 0x0000000784100000|  0%| F|  |TAMS 0x0000000784000000, 0x0000000784000000| Untracked 
|  65|0x0000000784100000, 0x0000000784100000, 0x0000000784200000|  0%| F|  |TAMS 0x0000000784100000, 0x0000000784100000| Untracked 
|  66|0x0000000784200000, 0x0000000784200000, 0x0000000784300000|  0%| F|  |TAMS 0x0000000784200000, 0x0000000784200000| Untracked 
|  67|0x0000000784300000, 0x0000000784300000, 0x0000000784400000|  0%| F|  |TAMS 0x0000000784300000, 0x0000000784300000| Untracked 
|  68|0x0000000784400000, 0x0000000784400000, 0x0000000784500000|  0%| F|  |TAMS 0x0000000784400000, 0x0000000784400000| Untracked 
|  69|0x0000000784500000, 0x0000000784500000, 0x0000000784600000|  0%| F|  |TAMS 0x0000000784500000, 0x0000000784500000| Untracked 
|  70|0x0000000784600000, 0x0000000784600000, 0x0000000784700000|  0%| F|  |TAMS 0x0000000784600000, 0x0000000784600000| Untracked 
|  71|0x0000000784700000, 0x0000000784700000, 0x0000000784800000|  0%| F|  |TAMS 0x0000000784700000, 0x0000000784700000| Untracked 
|  72|0x0000000784800000, 0x0000000784800000, 0x0000000784900000|  0%| F|  |TAMS 0x0000000784800000, 0x0000000784800000| Untracked 
|  73|0x0000000784900000, 0x0000000784900000, 0x0000000784a00000|  0%| F|  |TAMS 0x0000000784900000, 0x0000000784900000| Untracked 
|  74|0x0000000784a00000, 0x0000000784a00000, 0x0000000784b00000|  0%| F|  |TAMS 0x0000000784a00000, 0x0000000784a00000| Untracked 
|  75|0x0000000784b00000, 0x0000000784b00000, 0x0000000784c00000|  0%| F|  |TAMS 0x0000000784b00000, 0x0000000784b00000| Untracked 
|  76|0x0000000784c00000, 0x0000000784c00000, 0x0000000784d00000|  0%| F|  |TAMS 0x0000000784c00000, 0x0000000784c00000| Untracked 
|  77|0x0000000784d00000, 0x0000000784d00000, 0x0000000784e00000|  0%| F|  |TAMS 0x0000000784d00000, 0x0000000784d00000| Untracked 
|  78|0x0000000784e00000, 0x0000000784e00000, 0x0000000784f00000|  0%| F|  |TAMS 0x0000000784e00000, 0x0000000784e00000| Untracked 
|  79|0x0000000784f00000, 0x0000000784f00000, 0x0000000785000000|  0%| F|  |TAMS 0x0000000784f00000, 0x0000000784f00000| Untracked 
|  80|0x0000000785000000, 0x0000000785000000, 0x0000000785100000|  0%| F|  |TAMS 0x0000000785000000, 0x0000000785000000| Untracked 
|  81|0x0000000785100000, 0x0000000785100000, 0x0000000785200000|  0%| F|  |TAMS 0x0000000785100000, 0x0000000785100000| Untracked 
|  82|0x0000000785200000, 0x0000000785200000, 0x0000000785300000|  0%| F|  |TAMS 0x0000000785200000, 0x0000000785200000| Untracked 
|  83|0x0000000785300000, 0x0000000785300000, 0x0000000785400000|  0%| F|  |TAMS 0x0000000785300000, 0x0000000785300000| Untracked 
|  84|0x0000000785400000, 0x0000000785400000, 0x0000000785500000|  0%| F|  |TAMS 0x0000000785400000, 0x0000000785400000| Untracked 
|  85|0x0000000785500000, 0x0000000785500000, 0x0000000785600000|  0%| F|  |TAMS 0x0000000785500000, 0x0000000785500000| Untracked 
|  86|0x0000000785600000, 0x0000000785600000, 0x0000000785700000|  0%| F|  |TAMS 0x0000000785600000, 0x0000000785600000| Untracked 
|  87|0x0000000785700000, 0x0000000785700000, 0x0000000785800000|  0%| F|  |TAMS 0x0000000785700000, 0x0000000785700000| Untracked 
|  88|0x0000000785800000, 0x0000000785800000, 0x0000000785900000|  0%| F|  |TAMS 0x0000000785800000, 0x0000000785800000| Untracked 
|  89|0x0000000785900000, 0x0000000785900000, 0x0000000785a00000|  0%| F|  |TAMS 0x0000000785900000, 0x0000000785900000| Untracked 
|  90|0x0000000785a00000, 0x0000000785a00800, 0x0000000785b00000|  0%| E|  |TAMS 0x0000000785a00000, 0x0000000785a00000| Complete 
|  91|0x0000000785b00000, 0x0000000785c00000, 0x0000000785c00000|100%| E|CS|TAMS 0x0000000785b00000, 0x0000000785b00000| Complete 
|  92|0x0000000785c00000, 0x0000000785d00000, 0x0000000785d00000|100%| E|CS|TAMS 0x0000000785c00000, 0x0000000785c00000| Complete 
|  93|0x0000000785d00000, 0x0000000785e00000, 0x0000000785e00000|100%| E|CS|TAMS 0x0000000785d00000, 0x0000000785d00000| Complete 
|  94|0x0000000785e00000, 0x0000000785f00000, 0x0000000785f00000|100%| E|CS|TAMS 0x0000000785e00000, 0x0000000785e00000| Complete 
|  95|0x0000000785f00000, 0x0000000786000000, 0x0000000786000000|100%| E|CS|TAMS 0x0000000785f00000, 0x0000000785f00000| Complete 
|  96|0x0000000786000000, 0x0000000786100000, 0x0000000786100000|100%| E|CS|TAMS 0x0000000786000000, 0x0000000786000000| Complete 
|  97|0x0000000786100000, 0x0000000786200000, 0x0000000786200000|100%| E|CS|TAMS 0x0000000786100000, 0x0000000786100000| Complete 
|  98|0x0000000786200000, 0x0000000786300000, 0x0000000786300000|100%| E|CS|TAMS 0x0000000786200000, 0x0000000786200000| Complete 
|  99|0x0000000786300000, 0x0000000786400000, 0x0000000786400000|100%| E|CS|TAMS 0x0000000786300000, 0x0000000786300000| Complete 
| 100|0x0000000786400000, 0x0000000786500000, 0x0000000786500000|100%| E|CS|TAMS 0x0000000786400000, 0x0000000786400000| Complete 
| 101|0x0000000786500000, 0x0000000786600000, 0x0000000786600000|100%| E|CS|TAMS 0x0000000786500000, 0x0000000786500000| Complete 
| 102|0x0000000786600000, 0x0000000786700000, 0x0000000786700000|100%| E|CS|TAMS 0x0000000786600000, 0x0000000786600000| Complete 
| 103|0x0000000786700000, 0x0000000786800000, 0x0000000786800000|100%| E|CS|TAMS 0x0000000786700000, 0x0000000786700000| Complete 
| 104|0x0000000786800000, 0x0000000786900000, 0x0000000786900000|100%| E|CS|TAMS 0x0000000786800000, 0x0000000786800000| Complete 
| 105|0x0000000786900000, 0x0000000786a00000, 0x0000000786a00000|100%| E|CS|TAMS 0x0000000786900000, 0x0000000786900000| Complete 
| 106|0x0000000786a00000, 0x0000000786b00000, 0x0000000786b00000|100%| E|CS|TAMS 0x0000000786a00000, 0x0000000786a00000| Complete 
| 107|0x0000000786b00000, 0x0000000786c00000, 0x0000000786c00000|100%| E|CS|TAMS 0x0000000786b00000, 0x0000000786b00000| Complete 
| 108|0x0000000786c00000, 0x0000000786d00000, 0x0000000786d00000|100%| E|CS|TAMS 0x0000000786c00000, 0x0000000786c00000| Complete 
| 109|0x0000000786d00000, 0x0000000786e00000, 0x0000000786e00000|100%| E|CS|TAMS 0x0000000786d00000, 0x0000000786d00000| Complete 
| 110|0x0000000786e00000, 0x0000000786f00000, 0x0000000786f00000|100%| E|CS|TAMS 0x0000000786e00000, 0x0000000786e00000| Complete 
| 111|0x0000000786f00000, 0x0000000787000000, 0x0000000787000000|100%| E|CS|TAMS 0x0000000786f00000, 0x0000000786f00000| Complete 
| 112|0x0000000787000000, 0x0000000787100000, 0x0000000787100000|100%| E|CS|TAMS 0x0000000787000000, 0x0000000787000000| Complete 
| 113|0x0000000787100000, 0x0000000787200000, 0x0000000787200000|100%| E|CS|TAMS 0x0000000787100000, 0x0000000787100000| Complete 
| 114|0x0000000787200000, 0x0000000787300000, 0x0000000787300000|100%| E|CS|TAMS 0x0000000787200000, 0x0000000787200000| Complete 
| 115|0x0000000787300000, 0x0000000787400000, 0x0000000787400000|100%| E|CS|TAMS 0x0000000787300000, 0x0000000787300000| Complete 
| 116|0x0000000787400000, 0x0000000787500000, 0x0000000787500000|100%| E|CS|TAMS 0x0000000787400000, 0x0000000787400000| Complete 
| 117|0x0000000787500000, 0x0000000787600000, 0x0000000787600000|100%| E|CS|TAMS 0x0000000787500000, 0x0000000787500000| Complete 
| 118|0x0000000787600000, 0x0000000787700000, 0x0000000787700000|100%| E|CS|TAMS 0x0000000787600000, 0x0000000787600000| Complete 
| 119|0x0000000787700000, 0x0000000787800000, 0x0000000787800000|100%| E|CS|TAMS 0x0000000787700000, 0x0000000787700000| Complete 
| 120|0x0000000787800000, 0x0000000787900000, 0x0000000787900000|100%| E|CS|TAMS 0x0000000787800000, 0x0000000787800000| Complete 
| 121|0x0000000787900000, 0x0000000787a00000, 0x0000000787a00000|100%| E|CS|TAMS 0x0000000787900000, 0x0000000787900000| Complete 
| 122|0x0000000787a00000, 0x0000000787b00000, 0x0000000787b00000|100%| E|CS|TAMS 0x0000000787a00000, 0x0000000787a00000| Complete 
| 123|0x0000000787b00000, 0x0000000787c00000, 0x0000000787c00000|100%| E|CS|TAMS 0x0000000787b00000, 0x0000000787b00000| Complete 
| 124|0x0000000787c00000, 0x0000000787d00000, 0x0000000787d00000|100%| E|CS|TAMS 0x0000000787c00000, 0x0000000787c00000| Complete 
| 125|0x0000000787d00000, 0x0000000787e00000, 0x0000000787e00000|100%| E|CS|TAMS 0x0000000787d00000, 0x0000000787d00000| Complete 
| 126|0x0000000787e00000, 0x0000000787f00000, 0x0000000787f00000|100%| E|CS|TAMS 0x0000000787e00000, 0x0000000787e00000| Complete 
| 127|0x0000000787f00000, 0x0000000788000000, 0x0000000788000000|100%| E|CS|TAMS 0x0000000787f00000, 0x0000000787f00000| Complete 

Card table byte_map: [0x000000010f5af000,0x000000010f9af000] _byte_map_base: 0x000000010b9af000

Marking Bits (Prev, Next): (CMBitMap*) 0x00007f9d11add850, (CMBitMap*) 0x00007f9d11add818
 Prev Bits: [0x00000001279f9000, 0x00000001299f9000)
 Next Bits: [0x00000001259f9000, 0x00000001279f9000)

Polling page: 0x00000001064c0000

Metaspace:

Usage:
  Non-class:     26.94 MB capacity,    26.46 MB ( 98%) used,   420.01 KB (  2%) free+waste,    74.56 KB ( <1%) overhead. 
      Class:      4.08 MB capacity,     3.73 MB ( 92%) used,   316.57 KB (  8%) free+waste,    38.25 KB ( <1%) overhead. 
       Both:     31.02 MB capacity,    30.19 MB ( 97%) used,   736.58 KB (  2%) free+waste,   112.81 KB ( <1%) overhead. 

Virtual space:
  Non-class space:       28.00 MB reserved,      27.25 MB ( 97%) committed 
      Class space:        1.00 GB reserved,       4.12 MB ( <1%) committed 
             Both:        1.03 GB reserved,      31.38 MB (  3%) committed 

Chunk freelists:
   Non-Class:  66.00 KB
       Class:  17.00 KB
        Both:  83.00 KB

CodeHeap 'non-profiled nmethods': size=120032Kb used=1873Kb max_used=1873Kb free=118158Kb
 bounds [0x000000011e4c1000, 0x000000011e731000, 0x00000001259f9000]
CodeHeap 'profiled nmethods': size=120032Kb used=9243Kb max_used=9243Kb free=110788Kb
 bounds [0x0000000116f89000, 0x0000000117899000, 0x000000011e4c1000]
CodeHeap 'non-nmethods': size=5696Kb used=1339Kb max_used=1381Kb free=4356Kb
 bounds [0x00000001169f9000, 0x0000000116c69000, 0x0000000116f89000]
 total_blobs=5955 nmethods=4133 adapters=687
 compilation: enabled
              stopped_count=0, restarted_count=0
 full_count=0

Compilation events (10 events):
Event: 4021.357 Thread 0x00007f9d1289d800 4188       1       sun.java2d.pipe.RenderBuffer::position (11 bytes)
Event: 4021.357 Thread 0x00007f9d1289d800 nmethod 4188 0x000000011e694810 code [0x000000011e6949c0, 0x000000011e694ad0]
Event: 4177.874 Thread 0x00007f9d12055000 4189       4       sun.java2d.pipe.RenderQueue::unlock (4 bytes)
Event: 4177.880 Thread 0x00007f9d12055000 nmethod 4189 0x000000011e694b10 code [0x000000011e694ce0, 0x000000011e695088]
Event: 4613.997 Thread 0x00007f9d12055000 4190       4       sun.java2d.pipe.RenderQueue::tryLock (4 bytes)
Event: 4614.002 Thread 0x00007f9d12055000 nmethod 4190 0x000000011e695210 code [0x000000011e6953c0, 0x000000011e695638]
Event: 5111.472 Thread 0x00007f9d1289d800 4191   !   3       jdk.internal.ref.PhantomCleanable::isListEmpty (34 bytes)
Event: 5111.510 Thread 0x00007f9d1289d800 nmethod 4191 0x0000000117890190 code [0x0000000117890340, 0x00000001178906b0]
Event: 5111.512 Thread 0x00007f9d1289d800 4192       3       jdk.internal.misc.InnocuousThread::eraseThreadLocals (23 bytes)
Event: 5111.513 Thread 0x00007f9d1289d800 nmethod 4192 0x0000000117890810 code [0x00000001178909c0, 0x0000000117890c10]

GC Heap History (10 events):
Event: 0.728 GC heap before
{Heap before GC invocations=0 (full 0):
 garbage-first heap   total 131072K, used 18432K [0x0000000780000000, 0x0000000800000000)
  region size 1024K, 14 young (14336K), 0 survivors (0K)
 Metaspace       used 11515K, capacity 11768K, committed 12160K, reserved 1060864K
  class space    used 1231K, capacity 1318K, committed 1408K, reserved 1048576K
}
Event: 0.734 GC heap after
{Heap after GC invocations=1 (full 0):
 garbage-first heap   total 131072K, used 6659K [0x0000000780000000, 0x0000000800000000)
  region size 1024K, 2 young (2048K), 2 survivors (2048K)
 Metaspace       used 11515K, capacity 11768K, committed 12160K, reserved 1060864K
  class space    used 1231K, capacity 1318K, committed 1408K, reserved 1048576K
}
Event: 3920.331 GC heap before
{Heap before GC invocations=1 (full 0):
 garbage-first heap   total 131072K, used 14851K [0x0000000780000000, 0x0000000800000000)
  region size 1024K, 10 young (10240K), 2 survivors (2048K)
 Metaspace       used 15497K, capacity 15860K, committed 16128K, reserved 1062912K
  class space    used 1796K, capacity 1938K, committed 2048K, reserved 1048576K
}
Event: 3920.338 GC heap after
{Heap after GC invocations=2 (full 0):
 garbage-first heap   total 131072K, used 8052K [0x0000000780000000, 0x0000000800000000)
  region size 1024K, 2 young (2048K), 2 survivors (2048K)
 Metaspace       used 15497K, capacity 15860K, committed 16128K, reserved 1062912K
  class space    used 1796K, capacity 1938K, committed 2048K, reserved 1048576K
}
Event: 3921.622 GC heap before
{Heap before GC invocations=2 (full 0):
 garbage-first heap   total 131072K, used 23412K [0x0000000780000000, 0x0000000800000000)
  region size 1024K, 18 young (18432K), 2 survivors (2048K)
 Metaspace       used 20559K, capacity 21042K, committed 21248K, reserved 1067008K
  class space    used 2465K, capacity 2690K, committed 2816K, reserved 1048576K
}
Event: 3921.628 GC heap after
{Heap after GC invocations=3 (full 0):
 garbage-first heap   total 131072K, used 9305K [0x0000000780000000, 0x0000000800000000)
  region size 1024K, 3 young (3072K), 3 survivors (3072K)
 Metaspace       used 20559K, capacity 21042K, committed 21248K, reserved 1067008K
  class space    used 2465K, capacity 2690K, committed 2816K, reserved 1048576K
}
Event: 3922.703 GC heap before
{Heap before GC invocations=4 (full 0):
 garbage-first heap   total 131072K, used 84057K [0x0000000780000000, 0x0000000800000000)
  region size 1024K, 76 young (77824K), 3 survivors (3072K)
 Metaspace       used 25202K, capacity 25799K, committed 26240K, reserved 1073152K
  class space    used 3128K, capacity 3404K, committed 3456K, reserved 1048576K
}
Event: 3922.715 GC heap after
{Heap after GC invocations=5 (full 0):
 garbage-first heap   total 131072K, used 14559K [0x0000000780000000, 0x0000000800000000)
  region size 1024K, 8 young (8192K), 8 survivors (8192K)
 Metaspace       used 25202K, capacity 25799K, committed 26240K, reserved 1073152K
  class space    used 3128K, capacity 3404K, committed 3456K, reserved 1048576K
}
Event: 3950.156 GC heap before
{Heap before GC invocations=5 (full 0):
 garbage-first heap   total 131072K, used 109791K [0x0000000780000000, 0x0000000800000000)
  region size 1024K, 76 young (77824K), 8 survivors (8192K)
 Metaspace       used 30876K, capacity 31665K, committed 31872K, reserved 1077248K
  class space    used 3816K, capacity 4142K, committed 4224K, reserved 1048576K
}
Event: 3950.169 GC heap after
{Heap after GC invocations=6 (full 0):
 garbage-first heap   total 131072K, used 25315K [0x0000000780000000, 0x0000000800000000)
  region size 1024K, 6 young (6144K), 6 survivors (6144K)
 Metaspace       used 30876K, capacity 31665K, committed 31872K, reserved 1077248K
  class space    used 3816K, capacity 4142K, committed 4224K, reserved 1048576K
}

Deoptimization events (10 events):
Event: 3950.246 Thread 0x00007f9d121ba000 DEOPT PACKING pc=0x000000011786e124 sp=0x00007fff5e748220
Event: 3950.246 Thread 0x00007f9d121ba000 DEOPT UNPACKING pc=0x0000000116a217ba sp=0x00007fff5e747728 mode 0
Event: 3950.247 Thread 0x00007f9d121ba000 DEOPT PACKING pc=0x000000011786e124 sp=0x00007fff5e748220
Event: 3950.247 Thread 0x00007f9d121ba000 DEOPT UNPACKING pc=0x0000000116a217ba sp=0x00007fff5e747728 mode 0
Event: 3950.249 Thread 0x00007f9d121ba000 DEOPT PACKING pc=0x000000011786e124 sp=0x00007fff5e748220
Event: 3950.249 Thread 0x00007f9d121ba000 DEOPT UNPACKING pc=0x0000000116a217ba sp=0x00007fff5e747728 mode 0
Event: 3950.250 Thread 0x00007f9d121ba000 DEOPT PACKING pc=0x000000011786e124 sp=0x00007fff5e748220
Event: 3950.250 Thread 0x00007f9d121ba000 DEOPT UNPACKING pc=0x0000000116a217ba sp=0x00007fff5e747728 mode 0
Event: 3950.253 Thread 0x00007f9d121ba000 DEOPT PACKING pc=0x000000011786e124 sp=0x00007fff5e748220
Event: 3950.253 Thread 0x00007f9d121ba000 DEOPT UNPACKING pc=0x0000000116a217ba sp=0x00007fff5e747728 mode 0

Classes redefined (0 events):
No events

Internal exceptions (10 events):
Event: 3939.672 Thread 0x00007f9d13046000 Implicit null exception at 0x000000011e62a204 to 0x000000011e62a376
Event: 3942.780 Thread 0x00007f9d13046000 Exception <a 'java/lang/NoSuchMethodError'{0x0000000784ea5c58}: 'java.lang.Object java.lang.invoke.Invokers$Holder.linkToTargetMethod(java.lang.Object, int, int, java.lang.Object)'> (0x0000000784ea5c58) thrown at [/Users/tester/jenkins/workspace/zulu11-bu
Event: 3942.781 Thread 0x00007f9d13046000 Implicit null exception at 0x000000011e6364b0 to 0x000000011e636ff6
Event: 3942.794 Thread 0x00007f9d13046000 Implicit null exception at 0x000000011e638071 to 0x000000011e6381b6
Event: 3942.891 Thread 0x00007f9d13046000 Exception <a 'java/lang/NoSuchMethodError'{0x0000000784d0bb38}: 'java.lang.Object java.lang.invoke.DirectMethodHandle$Holder.invokeStatic(java.lang.Object, java.lang.Object, int, int, int, int)'> (0x0000000784d0bb38) thrown at [/Users/tester/jenkins/works
Event: 3942.892 Thread 0x00007f9d13046000 Exception <a 'java/lang/NoSuchMethodError'{0x0000000784d12800}: 'java.lang.Object java.lang.invoke.Invokers$Holder.linkToTargetMethod(java.lang.Object, int, int, int, int, java.lang.Object)'> (0x0000000784d12800) thrown at [/Users/tester/jenkins/workspace
Event: 3942.913 Thread 0x00007f9d13046000 Exception <a 'java/lang/NoSuchMethodError'{0x0000000784d26308}: 'java.lang.Object java.lang.invoke.DirectMethodHandle$Holder.invokeStatic(java.lang.Object, int, java.lang.Object, java.lang.Object)'> (0x0000000784d26308) thrown at [/Users/tester/jenkins/wo
Event: 3942.913 Thread 0x00007f9d13046000 Exception <a 'java/lang/NoSuchMethodError'{0x0000000784d2a0f0}: 'java.lang.Object java.lang.invoke.DirectMethodHandle$Holder.invokeSpecial(java.lang.Object, java.lang.Object, int, java.lang.Object, java.lang.Object)'> (0x0000000784d2a0f0) thrown at [/User
Event: 3942.913 Thread 0x00007f9d13046000 Exception <a 'java/lang/NoSuchMethodError'{0x0000000784d2d8e8}: 'java.lang.Object java.lang.invoke.Invokers$Holder.linkToTargetMethod(int, java.lang.Object, java.lang.Object, java.lang.Object)'> (0x0000000784d2d8e8) thrown at [/Users/tester/jenkins/worksp
Event: 3949.868 Thread 0x00007f9d13046000 Implicit null exception at 0x000000011e5d661c to 0x000000011e5d78b6

Events (10 events):
Event: 3950.999 Executing VM operation: RevokeBias done
Event: 3950.999 loading class sun/awt/AppContext$PostShutdownEventRunnable
Event: 3950.999 loading class sun/awt/AppContext$PostShutdownEventRunnable done
Event: 3950.999 loading class sun/awt/AWTAutoShutdown$1
Event: 3950.999 loading class sun/awt/AWTAutoShutdown$1 done
Event: 3950.999 Executing VM operation: RevokeBias
Event: 3950.999 Executing VM operation: RevokeBias done
Event: 3950.999 Thread 0x00007f9d12a99000 Thread exited: 0x00007f9d12a99000
Event: 3950.999 Thread 0x00007f9d13046000 Thread exited: 0x00007f9d13046000
Event: 3955.351 Thread 0x00007f9d1900f800 Thread exited: 0x00007f9d1900f800


Dynamic libraries:
0x00007fffba9c3000 	/System/Library/Frameworks/ApplicationServices.framework/Versions/A/ApplicationServices
0x00007fffbbb08000 	/System/Library/Frameworks/Cocoa.framework/Versions/A/Cocoa
0x00007fffc1c43000 	/System/Library/Frameworks/QuartzCore.framework/Versions/A/QuartzCore
0x00007fffc23aa000 	/System/Library/Frameworks/Security.framework/Versions/A/Security
0x00007fffc26ad000 	/System/Library/Frameworks/SecurityFoundation.framework/Versions/A/SecurityFoundation
0x00007fffc2ad7000 	/System/Library/Frameworks/SystemConfiguration.framework/Versions/A/SystemConfiguration
0x00000001035a6000 	/Applications/Stata/StataSE.app/Contents/Frameworks/Scintilla.framework/Versions/A/Scintilla
0x00007fffd043f000 	/usr/lib/libc++.1.dylib
0x00007fffd17b3000 	/usr/lib/libz.1.dylib
0x00007fffbdb16000 	/System/Library/Frameworks/Foundation.framework/Versions/C/Foundation
0x00007fffd0fb4000 	/usr/lib/libobjc.A.dylib
0x00007fffd0305000 	/usr/lib/libSystem.B.dylib
0x00007fffb9bd8000 	/System/Library/Frameworks/AppKit.framework/Versions/C/AppKit
0x00007fffbc09e000 	/System/Library/Frameworks/CoreFoundation.framework/Versions/A/CoreFoundation
0x00007fffbc538000 	/System/Library/Frameworks/CoreGraphics.framework/Versions/A/CoreGraphics
0x00007fffbcf63000 	/System/Library/Frameworks/CoreServices.framework/Versions/A/CoreServices
0x00007fffbd68c000 	/System/Library/Frameworks/CoreText.framework/Versions/A/CoreText
0x00007fffbe16d000 	/System/Library/Frameworks/ImageIO.framework/Versions/A/ImageIO
0x00007fffba9c4000 	/System/Library/Frameworks/ApplicationServices.framework/Versions/A/Frameworks/ATS.framework/Versions/A/ATS
0x00007fffbad43000 	/System/Library/Frameworks/ApplicationServices.framework/Versions/A/Frameworks/ColorSync.framework/Versions/A/ColorSync
0x00007fffbadee000 	/System/Library/Frameworks/ApplicationServices.framework/Versions/A/Frameworks/HIServices.framework/Versions/A/HIServices
0x00007fffbae40000 	/System/Library/Frameworks/ApplicationServices.framework/Versions/A/Frameworks/LangAnalysis.framework/Versions/A/LangAnalysis
0x00007fffbae50000 	/System/Library/Frameworks/ApplicationServices.framework/Versions/A/Frameworks/PrintCore.framework/Versions/A/PrintCore
0x00007fffbae9e000 	/System/Library/Frameworks/ApplicationServices.framework/Versions/A/Frameworks/QD.framework/Versions/A/QD
0x00007fffbaeda000 	/System/Library/Frameworks/ApplicationServices.framework/Versions/A/Frameworks/SpeechSynthesis.framework/Versions/A/SpeechSynthesis
0x00007fffbb25c000 	/System/Library/Frameworks/CFNetwork.framework/Versions/A/CFNetwork
0x00007fffbe07d000 	/System/Library/Frameworks/IOKit.framework/Versions/A/IOKit
0x00007fffb8bfa000 	/System/Library/Frameworks/Accelerate.framework/Versions/A/Accelerate
0x00007fffd041e000 	/usr/lib/libauto.dylib
0x00007fffd041f000 	/usr/lib/libbsm.0.dylib
0x00007fffd1448000 	/usr/lib/libsqlite3.dylib
0x00007fffd1699000 	/usr/lib/libxml2.2.dylib
0x00007fffd0a00000 	/usr/lib/libicucore.A.dylib
0x00007fffd0f39000 	/usr/lib/libnetwork.dylib
0x00007fffd0496000 	/usr/lib/libc++abi.dylib
0x00007fffd17d3000 	/usr/lib/system/libcache.dylib
0x00007fffd17d8000 	/usr/lib/system/libcommonCrypto.dylib
0x00007fffd17e3000 	/usr/lib/system/libcompiler_rt.dylib
0x00007fffd17eb000 	/usr/lib/system/libcopyfile.dylib
0x00007fffd17f4000 	/usr/lib/system/libcorecrypto.dylib
0x00007fffd1878000 	/usr/lib/system/libdispatch.dylib
0x00007fffd18aa000 	/usr/lib/system/libdyld.dylib
0x00007fffd18b0000 	/usr/lib/system/libkeymgr.dylib
0x00007fffd18be000 	/usr/lib/system/liblaunch.dylib
0x00007fffd18bf000 	/usr/lib/system/libmacho.dylib
0x00007fffd18c5000 	/usr/lib/system/libquarantine.dylib
0x00007fffd18c8000 	/usr/lib/system/libremovefile.dylib
0x00007fffd18ca000 	/usr/lib/system/libsystem_asl.dylib
0x00007fffd18e3000 	/usr/lib/system/libsystem_blocks.dylib
0x00007fffd18e4000 	/usr/lib/system/libsystem_c.dylib
0x00007fffd1972000 	/usr/lib/system/libsystem_configuration.dylib
0x00007fffd1976000 	/usr/lib/system/libsystem_coreservices.dylib
0x00007fffd197a000 	/usr/lib/system/libsystem_coretls.dylib
0x00007fffd1993000 	/usr/lib/system/libsystem_dnssd.dylib
0x00007fffd199a000 	/usr/lib/system/libsystem_info.dylib
0x00007fffd19c4000 	/usr/lib/system/libsystem_kernel.dylib
0x00007fffd19e7000 	/usr/lib/system/libsystem_m.dylib
0x00007fffd1a2f000 	/usr/lib/system/libsystem_malloc.dylib
0x00007fffd1a4e000 	/usr/lib/system/libsystem_network.dylib
0x00007fffd1aa8000 	/usr/lib/system/libsystem_networkextension.dylib
0x00007fffd1ab2000 	/usr/lib/system/libsystem_notify.dylib
0x00007fffd1abc000 	/usr/lib/system/libsystem_platform.dylib
0x00007fffd1ac5000 	/usr/lib/system/libsystem_pthread.dylib
0x00007fffd1ad0000 	/usr/lib/system/libsystem_sandbox.dylib
0x00007fffd1ad4000 	/usr/lib/system/libsystem_secinit.dylib
0x00007fffd1ad6000 	/usr/lib/system/libsystem_symptoms.dylib
0x00007fffd1ade000 	/usr/lib/system/libsystem_trace.dylib
0x00007fffd1af2000 	/usr/lib/system/libunwind.dylib
0x00007fffd1af8000 	/usr/lib/system/libxpc.dylib
0x00007fffd08f7000 	/usr/lib/libenergytrace.dylib
0x00007fffd18b1000 	/usr/lib/system/libkxld.dylib
0x00007fffd00c6000 	/usr/lib/libDiagnosticMessagesClient.dylib
0x00007fffd138e000 	/usr/lib/libpcap.A.dylib
0x00007fffd04e8000 	/usr/lib/libcoretls.dylib
0x00007fffd04e9000 	/usr/lib/libcoretls_cfhelpers.dylib
0x00007fffd02ff000 	/usr/lib/libOpenScriptingUtil.dylib
0x00007fffd1389000 	/usr/lib/libpam.2.dylib
0x00007fffd168b000 	/usr/lib/libxar.1.dylib
0x00007fffd0430000 	/usr/lib/libbz2.1.0.dylib
0x00007fffd0c2d000 	/usr/lib/liblzma.5.dylib
0x00007fffb8c13000 	/System/Library/Frameworks/Accelerate.framework/Versions/A/Frameworks/vImage.framework/Versions/A/vImage
0x00007fffb9919000 	/System/Library/Frameworks/Accelerate.framework/Versions/A/Frameworks/vecLib.framework/Versions/A/vecLib
0x00007fffb96de000 	/System/Library/Frameworks/Accelerate.framework/Versions/A/Frameworks/vecLib.framework/Versions/A/libvDSP.dylib
0x00007fffb929f000 	/System/Library/Frameworks/Accelerate.framework/Versions/A/Frameworks/vecLib.framework/Versions/A/libBNNS.dylib
0x00007fffb96c2000 	/System/Library/Frameworks/Accelerate.framework/Versions/A/Frameworks/vecLib.framework/Versions/A/libQuadrature.dylib
0x00007fffb9866000 	/System/Library/Frameworks/Accelerate.framework/Versions/A/Frameworks/vecLib.framework/Versions/A/libvMisc.dylib
0x00007fffb92b4000 	/System/Library/Frameworks/Accelerate.framework/Versions/A/Frameworks/vecLib.framework/Versions/A/libLAPACK.dylib
0x00007fffb912d000 	/System/Library/Frameworks/Accelerate.framework/Versions/A/Frameworks/vecLib.framework/Versions/A/libBLAS.dylib
0x00007fffb96ab000 	/System/Library/Frameworks/Accelerate.framework/Versions/A/Frameworks/vecLib.framework/Versions/A/libLinearAlgebra.dylib
0x00007fffb96c9000 	/System/Library/Frameworks/Accelerate.framework/Versions/A/Frameworks/vecLib.framework/Versions/A/libSparseBLAS.dylib
0x00007fffbd2c6000 	/System/Library/Frameworks/CoreServices.framework/Versions/A/Frameworks/FSEvents.framework/Versions/A/FSEvents
0x00007fffbcfb6000 	/System/Library/Frameworks/CoreServices.framework/Versions/A/Frameworks/CarbonCore.framework/Versions/A/CarbonCore
0x00007fffbd43c000 	/System/Library/Frameworks/CoreServices.framework/Versions/A/Frameworks/Metadata.framework/Versions/A/Metadata
0x00007fffbd4ed000 	/System/Library/Frameworks/CoreServices.framework/Versions/A/Frameworks/OSServices.framework/Versions/A/OSServices
0x00007fffbd54d000 	/System/Library/Frameworks/CoreServices.framework/Versions/A/Frameworks/SearchKit.framework/Versions/A/SearchKit
0x00007fffbcf64000 	/System/Library/Frameworks/CoreServices.framework/Versions/A/Frameworks/AE.framework/Versions/A/AE
0x00007fffbd2cf000 	/System/Library/Frameworks/CoreServices.framework/Versions/A/Frameworks/LaunchServices.framework/Versions/A/LaunchServices
0x00007fffbd292000 	/System/Library/Frameworks/CoreServices.framework/Versions/A/Frameworks/DictionaryServices.framework/Versions/A/DictionaryServices
0x00007fffbd5be000 	/System/Library/Frameworks/CoreServices.framework/Versions/A/Frameworks/SharedFileList.framework/Versions/A/SharedFileList
0x00007fffbd97f000 	/System/Library/Frameworks/DiskArbitration.framework/Versions/A/DiskArbitration
0x00007fffc0307000 	/System/Library/Frameworks/NetFS.framework/Versions/A/NetFS
0x00007fffcbd4b000 	/System/Library/PrivateFrameworks/NetAuth.framework/Versions/A/NetAuth
0x00007fffcffb6000 	/System/Library/PrivateFrameworks/login.framework/Versions/A/Frameworks/loginsupport.framework/Versions/A/loginsupport
0x00007fffd0372000 	/usr/lib/libarchive.2.dylib
0x00007fffd0c2b000 	/usr/lib/liblangid.dylib
0x00007fffd000d000 	/usr/lib/libCRFSuite.dylib
0x00007fffceba7000 	/System/Library/PrivateFrameworks/TCC.framework/Versions/A/TCC
0x00007fffd0c5e000 	/usr/lib/libmecabra.dylib
0x00007fffcaf9b000 	/System/Library/PrivateFrameworks/LanguageModeling.framework/Versions/A/LanguageModeling
0x00007fffd0c47000 	/usr/lib/libmarisa.dylib
0x00007fffd0029000 	/usr/lib/libChineseTokenizer.dylib
0x00007fffd04c0000 	/usr/lib/libcmph.dylib
0x00007fffd090d000 	/usr/lib/libiconv.2.dylib
0x00007fffbbcf4000 	/System/Library/Frameworks/CoreData.framework/Versions/A/CoreData
0x00007fffc774c000 	/System/Library/PrivateFrameworks/CoreEmoji.framework/Versions/A/CoreEmoji
0x00007fffd04d1000 	/usr/lib/libcompression.dylib
0x00007fffc053e000 	/System/Library/Frameworks/OpenDirectory.framework/Versions/A/Frameworks/CFOpenDirectory.framework/Versions/A/CFOpenDirectory
0x00007fffc274d000 	/System/Library/Frameworks/ServiceManagement.framework/Versions/A/ServiceManagement
0x00007fffd1789000 	/usr/lib/libxslt.1.dylib
0x00007fffbaacc000 	/System/Library/Frameworks/ApplicationServices.framework/Versions/A/Frameworks/ATS.framework/Versions/A/Resources/libFontParser.dylib
0x00007fffbabfc000 	/System/Library/Frameworks/ApplicationServices.framework/Versions/A/Frameworks/ATS.framework/Versions/A/Resources/libFontRegistry.dylib
0x00007fffbe3c4000 	/System/Library/Frameworks/ImageIO.framework/Versions/A/Resources/libJPEG.dylib
0x00007fffbe413000 	/System/Library/Frameworks/ImageIO.framework/Versions/A/Resources/libTIFF.dylib
0x00007fffbe3e8000 	/System/Library/Frameworks/ImageIO.framework/Versions/A/Resources/libPng.dylib
0x00007fffbe2ce000 	/System/Library/Frameworks/ImageIO.framework/Versions/A/Resources/libGIF.dylib
0x00007fffbe2d3000 	/System/Library/Frameworks/ImageIO.framework/Versions/A/Resources/libJP2.dylib
0x00007fffbe410000 	/System/Library/Frameworks/ImageIO.framework/Versions/A/Resources/libRadiance.dylib
0x00007fffc54e7000 	/System/Library/PrivateFrameworks/AppleJPEG.framework/Versions/A/AppleJPEG
0x00007fffbe114000 	/System/Library/Frameworks/IOSurface.framework/Versions/A/IOSurface
0x00007fffcbc71000 	/System/Library/PrivateFrameworks/MultitouchSupport.framework/Versions/A/MultitouchSupport
0x00007fffd0827000 	/usr/lib/libcups.2.dylib
0x00007fffbf1ca000 	/System/Library/Frameworks/Kerberos.framework/Versions/A/Kerberos
0x00007fffbdee8000 	/System/Library/Frameworks/GSS.framework/Versions/A/GSS
0x00007fffd13dc000 	/usr/lib/libresolv.9.dylib
0x00007fffca7e3000 	/System/Library/PrivateFrameworks/Heimdal.framework/Versions/A/Heimdal
0x00007fffd0907000 	/usr/lib/libheimdal-asn1.dylib
0x00007fffc0558000 	/System/Library/Frameworks/OpenDirectory.framework/Versions/A/OpenDirectory
0x00007fffc6ffa000 	/System/Library/PrivateFrameworks/CommonAuth.framework/Versions/A/CommonAuth
0x00007fffbbc52000 	/System/Library/Frameworks/CoreAudio.framework/Versions/A/CoreAudio
0x00007fffbaee6000 	/System/Library/Frameworks/AudioToolbox.framework/Versions/A/AudioToolbox
0x00007fffccd8a000 	/System/Library/PrivateFrameworks/RemoteViewServices.framework/Versions/A/RemoteViewServices
0x00007fffced75000 	/System/Library/PrivateFrameworks/UIFoundation.framework/Versions/A/UIFoundation
0x00007fffc812e000 	/System/Library/PrivateFrameworks/DFRFoundation.framework/Versions/A/DFRFoundation
0x00007fffcdbb7000 	/System/Library/PrivateFrameworks/SkyLight.framework/Versions/A/SkyLight
0x00007fffd0300000 	/usr/lib/libScreenReader.dylib
0x00007fffbb0f3000 	/System/Library/Frameworks/AudioUnit.framework/Versions/A/AudioUnit
0x00007fffc8173000 	/System/Library/PrivateFrameworks/DataDetectorsCore.framework/Versions/A/DataDetectorsCore
0x00007fffc8264000 	/System/Library/PrivateFrameworks/DesktopServicesPriv.framework/Versions/A/DesktopServicesPriv
0x00007fffbb655000 	/System/Library/Frameworks/Carbon.framework/Versions/A/Frameworks/HIToolbox.framework/Versions/A/HIToolbox
0x00007fffbba21000 	/System/Library/Frameworks/Carbon.framework/Versions/A/Frameworks/SpeechRecognition.framework/Versions/A/SpeechRecognition
0x00007fffc7de8000 	/System/Library/PrivateFrameworks/CoreUI.framework/Versions/A/CoreUI
0x00007fffcc62e000 	/System/Library/PrivateFrameworks/PerformanceAnalysis.framework/Versions/A/PerformanceAnalysis
0x00007fffca0b6000 	/System/Library/PrivateFrameworks/GenerationalStorage.framework/Versions/A/GenerationalStorage
0x00007fffc10e3000 	/System/Library/Frameworks/OpenGL.framework/Versions/A/OpenGL
0x00007fffbcbbb000 	/System/Library/Frameworks/CoreImage.framework/Versions/A/CoreImage
0x00007fffc59a5000 	/System/Library/PrivateFrameworks/Backup.framework/Versions/A/Backup
0x00007fffbb969000 	/System/Library/Frameworks/Carbon.framework/Versions/A/Frameworks/Ink.framework/Versions/A/Ink
0x00007fffcec39000 	/System/Library/PrivateFrameworks/TextureIO.framework/Versions/A/TextureIO
0x00007fffbf9c3000 	/System/Library/Frameworks/Metal.framework/Versions/A/Metal
0x00007fffd039e000 	/usr/lib/libate.dylib
0x00007fffc9de5000 	/System/Library/PrivateFrameworks/GPUCompiler.framework/libmetal_timestamp.dylib
0x00007fffc0567000 	/System/Library/Frameworks/OpenGL.framework/Versions/A/Libraries/libCoreFSCache.dylib
0x00007fffcae74000 	/System/Library/PrivateFrameworks/IOAccelerator.framework/Versions/A/IOAccelerator
0x00007fffbd7da000 	/System/Library/Frameworks/CoreVideo.framework/Versions/A/CoreVideo
0x00007fffd00c8000 	/usr/lib/libFosl_dynamic.dylib
0x00007fffcba73000 	/System/Library/PrivateFrameworks/MetalPerformanceShaders.framework/Versions/A/MetalPerformanceShaders
0x00007fffc865d000 	/System/Library/PrivateFrameworks/FaceCore.framework/Versions/A/FaceCore
0x00007fffc04ef000 	/System/Library/Frameworks/OpenCL.framework/Versions/A/OpenCL
0x00007fffc073a000 	/System/Library/Frameworks/OpenGL.framework/Versions/A/Libraries/libGLU.dylib
0x00007fffc0570000 	/System/Library/Frameworks/OpenGL.framework/Versions/A/Libraries/libGFXShared.dylib
0x00007fffc057a000 	/System/Library/Frameworks/OpenGL.framework/Versions/A/Libraries/libGL.dylib
0x00007fffc0586000 	/System/Library/Frameworks/OpenGL.framework/Versions/A/Libraries/libGLImage.dylib
0x00007fffc0564000 	/System/Library/Frameworks/OpenGL.framework/Versions/A/Libraries/libCVMSPluginSupport.dylib
0x00007fffc056b000 	/System/Library/Frameworks/OpenGL.framework/Versions/A/Libraries/libCoreVMClient.dylib
0x00007fffc80ae000 	/System/Library/PrivateFrameworks/CrashReporterSupport.framework/Versions/A/CrashReporterSupport
0x00007fffcdb09000 	/System/Library/PrivateFrameworks/Sharing.framework/Versions/A/Sharing
0x00007fffcae92000 	/System/Library/PrivateFrameworks/IconServices.framework/Versions/A/IconServices
0x00007fffccd57000 	/System/Library/PrivateFrameworks/ProtocolBuffer.framework/Versions/A/ProtocolBuffer
0x00007fffc53c7000 	/System/Library/PrivateFrameworks/Apple80211.framework/Versions/A/Apple80211
0x00007fffbd810000 	/System/Library/Frameworks/CoreWLAN.framework/Versions/A/CoreWLAN
0x00007fffc7f28000 	/System/Library/PrivateFrameworks/CoreUtils.framework/Versions/A/CoreUtils
0x00007fffbdfd9000 	/System/Library/Frameworks/IOBluetooth.framework/Versions/A/IOBluetooth
0x00007fffc8048000 	/System/Library/PrivateFrameworks/CoreWiFi.framework/Versions/A/CoreWiFi
0x00007fffbbce0000 	/System/Library/Frameworks/CoreBluetooth.framework/Versions/A/CoreBluetooth
0x00007fffbbff0000 	/System/Library/Frameworks/CoreDisplay.framework/Versions/A/CoreDisplay
0x00007fffcae7d000 	/System/Library/PrivateFrameworks/IOPresentment.framework/Versions/A/IOPresentment
0x00007fffc8139000 	/System/Library/PrivateFrameworks/DSExternalDisplay.framework/Versions/A/DSExternalDisplay
0x00007fffc8224000 	/System/Library/PrivateFrameworks/DebugSymbols.framework/Versions/A/DebugSymbols
0x00007fffc7d58000 	/System/Library/PrivateFrameworks/CoreSymbolication.framework/Versions/A/CoreSymbolication
0x00007fffce6f4000 	/System/Library/PrivateFrameworks/Symbolication.framework/Versions/A/Symbolication
0x00007fffc53ea000 	/System/Library/PrivateFrameworks/AppleFSCompression.framework/Versions/A/AppleFSCompression
0x00007fffcdffc000 	/System/Library/PrivateFrameworks/SpeechRecognitionCore.framework/Versions/A/SpeechRecognitionCore
0x00007fffc66ae000 	/System/Library/PrivateFrameworks/ChunkingLibrary.framework/Versions/A/ChunkingLibrary
0x00007fffc7a97000 	/System/Library/PrivateFrameworks/CoreServicesInternal.framework/Versions/A/CoreServicesInternal
0x00007fffb8bfb000 	/System/Library/Frameworks/Accelerate.framework/Versions/A/Frameworks/vImage.framework/Versions/A/Libraries/libCGInterfaces.dylib
0x00007fffbaca3000 	/System/Library/Frameworks/ApplicationServices.framework/Versions/A/Frameworks/ATS.framework/Versions/A/Resources/libTrueTypeScaler.dylib
0x00007fffb6d4f000 	/System/Library/CoreServices/RawCamera.bundle/Contents/MacOS/RawCamera
0x000000010750a000 	/System/Library/Frameworks/OpenGL.framework/Resources/GLEngine.bundle/GLEngine
0x00007fffc05c3000 	/System/Library/Frameworks/OpenGL.framework/Versions/A/Libraries/libGLProgrammability.dylib
0x00000001076ef000 	/System/Library/Extensions/AppleIntelBDWGraphicsGLDriver.bundle/Contents/MacOS/AppleIntelBDWGraphicsGLDriver
0x00007fffc9df2000 	/System/Library/PrivateFrameworks/GPUSupport.framework/Versions/A/Libraries/libGPUSupportMercury.dylib
0x00000001064c2000 	/System/Library/Frameworks/OpenGL.framework/Resources//GLRendererFloat.bundle/GLRendererFloat
0x00007fffc04e6000 	/System/Library/Frameworks/OpenCL.framework/Versions/A/Libraries/libcldcpuengine.dylib
0x00007fffd05a4000 	/usr/lib/libcrypto.0.9.8.dylib
0x00007fffced73000 	/System/Library/PrivateFrameworks/TrustEvaluationAgent.framework/Versions/A/TrustEvaluationAgent
0x0000000107e59000 	/System/Library/Extensions/AppleIntelBDWGraphicsMTLDriver.bundle/Contents/MacOS/AppleIntelBDWGraphicsMTLDriver
0x00007fffc66d6000 	/System/Library/PrivateFrameworks/CloudDocs.framework/Versions/A/CloudDocs
0x00007fffbba28000 	/System/Library/Frameworks/CloudKit.framework/Versions/A/CloudKit
0x00007fffcb24e000 	/System/Library/PrivateFrameworks/MMCS.framework/Versions/A/MMCS
0x00007fffbcdff000 	/System/Library/Frameworks/CoreLocation.framework/Versions/A/CoreLocation
0x00007fffccd1c000 	/System/Library/PrivateFrameworks/ProtectedCloudStorage.framework/Versions/A/ProtectedCloudStorage
0x00007fffc560b000 	/System/Library/PrivateFrameworks/AssetCacheServices.framework/Versions/A/AssetCacheServices
0x00007fffca0eb000 	/System/Library/PrivateFrameworks/GeoServices.framework/Versions/A/GeoServices
0x00007fffc1c42000 	/System/Library/Frameworks/Quartz.framework/Versions/A/Quartz
0x00007fffc1609000 	/System/Library/Frameworks/Quartz.framework/Versions/A/Frameworks/QuartzComposer.framework/Versions/A/QuartzComposer
0x00007fffc1541000 	/System/Library/Frameworks/Quartz.framework/Versions/A/Frameworks/PDFKit.framework/Versions/A/PDFKit
0x00007fffc1b30000 	/System/Library/Frameworks/Quartz.framework/Versions/A/Frameworks/QuartzFilters.framework/Versions/A/QuartzFilters
0x00007fffc12d6000 	/System/Library/Frameworks/Quartz.framework/Versions/A/Frameworks/ImageKit.framework/Versions/A/ImageKit
0x00007fffc1b54000 	/System/Library/Frameworks/Quartz.framework/Versions/A/Frameworks/QuickLookUI.framework/Versions/A/QuickLookUI
0x00007fffbe5bf000 	/System/Library/Frameworks/JavaScriptCore.framework/Versions/A/JavaScriptCore
0x00007fffc118e000 	/System/Library/Frameworks/QTKit.framework/Versions/A/QTKit
0x00007fffc55ab000 	/System/Library/PrivateFrameworks/AppleSystemInfo.framework/Versions/A/AppleSystemInfo
0x00007fffb88cb000 	/System/Library/Frameworks/AVFoundation.framework/Versions/A/AVFoundation
0x00007fffbce65000 	/System/Library/Frameworks/CoreMedia.framework/Versions/A/CoreMedia
0x00007fffbf489000 	/System/Library/Frameworks/MediaToolbox.framework/Versions/A/MediaToolbox
0x00007fffc2b47000 	/System/Library/Frameworks/VideoToolbox.framework/Versions/A/VideoToolbox
0x00007fffbb650000 	/System/Library/Frameworks/Carbon.framework/Versions/A/Carbon
0x00007fffc7821000 	/System/Library/PrivateFrameworks/CoreMediaAuthoring.framework/Versions/A/CoreMediaAuthoring
0x00007fffbcf17000 	/System/Library/Frameworks/CoreMediaIO.framework/Versions/A/CoreMediaIO
0x00007fffb8a8d000 	/System/Library/Frameworks/AVFoundation.framework/Versions/A/Frameworks/AVFAudio.framework/Versions/A/AVFAudio
0x00007fffcaf50000 	/System/Library/PrivateFrameworks/IntlPreferences.framework/Versions/A/IntlPreferences
0x00007fffd1446000 	/usr/lib/libspindump.dylib
0x00007fffd08ce000 	/usr/lib/libdscsym.dylib
0x00007fffc7568000 	/System/Library/PrivateFrameworks/CoreAVCHD.framework/Versions/A/CoreAVCHD
0x00007fffbf46d000 	/System/Library/Frameworks/MediaAccessibility.framework/Versions/A/MediaAccessibility
0x00007fffcb7c2000 	/System/Library/PrivateFrameworks/Mangrove.framework/Versions/A/Mangrove
0x00007fffc7188000 	/System/Library/PrivateFrameworks/CoreAUC.framework/Versions/A/CoreAUC
0x00007fffc55af000 	/System/Library/PrivateFrameworks/AppleVA.framework/Versions/A/AppleVA
0x00007fffbb651000 	/System/Library/Frameworks/Carbon.framework/Versions/A/Frameworks/CommonPanels.framework/Versions/A/CommonPanels
0x00007fffbb95f000 	/System/Library/Frameworks/Carbon.framework/Versions/A/Frameworks/Help.framework/Versions/A/Help
0x00007fffbb963000 	/System/Library/Frameworks/Carbon.framework/Versions/A/Frameworks/ImageCapture.framework/Versions/A/ImageCapture
0x00007fffbba01000 	/System/Library/Frameworks/Carbon.framework/Versions/A/Frameworks/OpenScripting.framework/Versions/A/OpenScripting
0x00007fffbba1c000 	/System/Library/Frameworks/Carbon.framework/Versions/A/Frameworks/Print.framework/Versions/A/Print
0x00007fffbba1e000 	/System/Library/Frameworks/Carbon.framework/Versions/A/Frameworks/SecurityHI.framework/Versions/A/SecurityHI
0x00007fffcfedf000 	/System/Library/PrivateFrameworks/XPCService.framework/Versions/A/XPCService
0x00007fffc53b9000 	/System/Library/PrivateFrameworks/AppSandbox.framework/Versions/A/AppSandbox
0x00007fffd13f9000 	/usr/lib/libsandbox.1.dylib
0x00007fffc539d000 	/System/Library/PrivateFrameworks/AppContainer.framework/Versions/A/AppContainer
0x00007fffcda77000 	/System/Library/PrivateFrameworks/SecCodeWrapper.framework/Versions/A/SecCodeWrapper
0x00007fffd02f7000 	/usr/lib/libMatch.1.dylib
0x00007fffc783e000 	/System/Library/PrivateFrameworks/CorePDF.framework/Versions/A/CorePDF
0x00007fffc1e9a000 	/System/Library/Frameworks/SafariServices.framework/Versions/A/SafariServices
0x00007fffc1e44000 	/System/Library/Frameworks/QuickLook.framework/Versions/A/QuickLook
0x00007fffcbc52000 	/System/Library/PrivateFrameworks/MobileKeyBag.framework/Versions/A/MobileKeyBag
0x00007fffcf9d4000 	/System/Library/PrivateFrameworks/ViewBridge.framework/Versions/A/ViewBridge
0x00007fffccd72000 	/System/Library/PrivateFrameworks/QuickLookThumbnailing.framework/Versions/A/QuickLookThumbnailing
0x00007fffc84b8000 	/System/Library/PrivateFrameworks/DisplayServices.framework/Versions/A/DisplayServices
0x00007fffbe11b000 	/System/Library/Frameworks/ImageCaptureCore.framework/Versions/A/ImageCaptureCore
0x000000010dd7c000 	/Applications/Stata/utilities/java/macosx-x64/zulu-jre11.0.4/lib/jli/libjli.dylib
0x000000010dd91000 	/Applications/Stata/utilities/java/macosx-x64/zulu-jre11.0.4//lib/server/libjvm.dylib
0x000000010eb4e000 	/Applications/Stata/utilities/java/macosx-x64/zulu-jre11.0.4/lib/libverify.dylib
0x000000010eb5e000 	/Applications/Stata/utilities/java/macosx-x64/zulu-jre11.0.4/lib/libjava.dylib
0x000000010744b000 	/Applications/Stata/utilities/java/macosx-x64/zulu-jre11.0.4/lib/libzip.dylib
0x000000010ebc1000 	/Applications/Stata/utilities/java/macosx-x64/zulu-jre11.0.4/lib/libjimage.dylib
0x0000000110cfc000 	cl_kernels
0x0000000110d00000 	/System/Library/Frameworks/OpenCL.framework/Versions/A/Libraries/ImageFormats/unorm8_bgra.dylib
0x0000000110e2a000 	/System/Library/Frameworks/OpenCL.framework/Versions/A/Libraries/ImageFormats/unorm8_rgba.dylib
0x000000012c108000 	/Applications/Stata/utilities/java/macosx-x64/zulu-jre11.0.4/lib/libnio.dylib
0x000000012c11b000 	/Applications/Stata/utilities/java/macosx-x64/zulu-jre11.0.4/lib/./libnet.dylib
0x000000012c424000 	/Applications/Stata/utilities/java/macosx-x64/zulu-jre11.0.4/lib/libsunec.dylib
0x000000012c671000 	/Applications/Stata/utilities/java/macosx-x64/zulu-jre11.0.4/lib/libextnet.dylib
0x00007fffcdb97000 	/System/Library/PrivateFrameworks/Shortcut.framework/Versions/A/Shortcut
0x00007fffca85a000 	/System/Library/PrivateFrameworks/HelpData.framework/Versions/A/HelpData
0x00000001067ae000 	cl_kernels
0x00007fffc8acc000 	/System/Library/PrivateFrameworks/FinderKit.framework/Versions/A/FinderKit
0x00007fffc5a4c000 	/System/Library/PrivateFrameworks/Bom.framework/Versions/A/Bom
0x00007fffce392000 	/System/Library/PrivateFrameworks/Suggestions.framework/Versions/A/Suggestions
0x00007fffce988000 	/System/Library/PrivateFrameworks/SystemAdministration.framework/Versions/A/SystemAdministration
0x00007fffc837a000 	/System/Library/PrivateFrameworks/DiskImages.framework/Versions/A/DiskImages
0x00007fffb9958000 	/System/Library/Frameworks/AddressBook.framework/Versions/A/AddressBook
0x00007fffc711c000 	/System/Library/PrivateFrameworks/ContactsPersistence.framework/Versions/A/ContactsPersistence
0x00007fffc60bf000 	/System/Library/PrivateFrameworks/CalendarAgentLink.framework/Versions/A/CalendarAgentLink
0x00007fffc70ca000 	/System/Library/PrivateFrameworks/ContactsFoundation.framework/Versions/A/ContactsFoundation
0x00007fffcffe4000 	/System/Library/PrivateFrameworks/vCard.framework/Versions/A/vCard
0x00007fffced5e000 	/System/Library/PrivateFrameworks/ToneLibrary.framework/Versions/A/ToneLibrary
0x00007fffced48000 	/System/Library/PrivateFrameworks/ToneKit.framework/Versions/A/ToneKit
0x00007fffc5586000 	/System/Library/PrivateFrameworks/ApplePushService.framework/Versions/A/ApplePushService
0x00007fffbd8b4000 	/System/Library/Frameworks/DirectoryService.framework/Versions/A/DirectoryService
0x00007fffc2723000 	/System/Library/Frameworks/SecurityInterface.framework/Versions/A/SecurityInterface
0x00007fffcc6b2000 	/System/Library/PrivateFrameworks/PhoneNumbers.framework/Versions/A/PhoneNumbers
0x00007fffbf1e4000 	/System/Library/Frameworks/LDAP.framework/Versions/A/LDAP
0x00007fffb991a000 	/System/Library/Frameworks/Accounts.framework/Versions/A/Accounts
0x00007fffcc1a3000 	/System/Library/PrivateFrameworks/OAuth.framework/Versions/A/OAuth
0x00007fffc7633000 	/System/Library/PrivateFrameworks/CoreDaemon.framework/Versions/B/CoreDaemon
0x00007fffc55a2000 	/System/Library/PrivateFrameworks/AppleSRP.framework/Versions/A/AppleSRP
0x00007fffd1433000 	/usr/lib/libsasl2.2.dylib
0x00007fffcb19e000 	/System/Library/PrivateFrameworks/LoginUIKit.framework/Versions/A/Frameworks/LoginUICore.framework/Versions/A/LoginUICore
0x00007fffd0035000 	/usr/lib/libCoreStorage.dylib
0x00007fffd081b000 	/usr/lib/libcsfde.dylib
0x00007fffd1387000 	/usr/lib/libodfde.dylib
0x00007fffbd8c0000 	/System/Library/Frameworks/DiscRecording.framework/Versions/A/DiscRecording
0x00007fffd087b000 	/usr/lib/libcurl.4.dylib
0x00007fffcb89e000 	/System/Library/PrivateFrameworks/MediaKit.framework/Versions/A/MediaKit
0x00007fffc8508000 	/System/Library/PrivateFrameworks/EFILogin.framework/Versions/A/EFILogin
0x00007fffd1687000 	/usr/lib/libutil.dylib
0x00007fffc4c22000 	/System/Library/PrivateFrameworks/APFS.framework/Versions/A/APFS
0x00007fffc5cca000 	/System/Library/PrivateFrameworks/CacheDelete.framework/Versions/A/CacheDelete
0x00007fffccca7000 	/System/Library/PrivateFrameworks/PlugInKit.framework/Versions/A/PlugInKit
0x000000010c87f000 	/System/Library/PrivateFrameworks/CoreNLP.framework/Versions/A/CoreNLP
0x00007fffc813e000 	/System/Library/PrivateFrameworks/DataDetectors.framework/Versions/A/DataDetectors
0x00007fffc446b000 	/System/Library/Frameworks/WebKit.framework/Versions/A/WebKit
0x00007fffc427e000 	/System/Library/Frameworks/WebKit.framework/Versions/A/Frameworks/WebKitLegacy.framework/Versions/A/WebKitLegacy
0x00007fffc2ef6000 	/System/Library/Frameworks/WebKit.framework/Versions/A/Frameworks/WebCore.framework/Versions/A/WebCore
0x0000000106d73000 	cl_kernels
0x000000010b431000 	/System/Library/Frameworks/OpenCL.framework/Versions/A/Libraries/ImageFormats/unorm8_rgx.dylib
0x000000010682c000 	cl_kernels
0x000000010a213000 	/Applications/Stata/utilities/java/macosx-x64/zulu-jre11.0.4/lib/libawt.dylib
0x000000010a2b5000 	/Applications/Stata/utilities/java/macosx-x64/zulu-jre11.0.4/lib/./libmlib_image.dylib
0x0000000106da3000 	/System/Library/Frameworks/JavaVM.framework/Versions/A/Frameworks/JavaNativeFoundation.framework/Versions/A/JavaNativeFoundation
0x0000000109b00000 	/System/Library/Frameworks/JavaVM.framework/Versions/A/Frameworks/JavaRuntimeSupport.framework/Versions/A/JavaRuntimeSupport
0x0000000106b13000 	/System/Library/Frameworks/JavaVM.framework/Versions/A/JavaVM
0x0000000109b47000 	/System/Library/PrivateFrameworks/JavaLaunching.framework/Versions/A/JavaLaunching
0x000000010a327000 	/Applications/Stata/utilities/java/macosx-x64/zulu-jre11.0.4/lib/libawt_lwawt.dylib
0x0000000109f7f000 	/Applications/Stata/utilities/java/macosx-x64/zulu-jre11.0.4/lib/./libosxapp.dylib
0x00007fffbdb13000 	/System/Library/Frameworks/ExceptionHandling.framework/Versions/A/ExceptionHandling
0x000000010a52c000 	/Applications/Stata/utilities/java/macosx-x64/zulu-jre11.0.4/lib/libfontmanager.dylib
0x000000010a80d000 	/Applications/Stata/utilities/java/macosx-x64/zulu-jre11.0.4/lib/./libfreetype.dylib
0x0000000109d87000 	/Applications/Stata/utilities/java/macosx-x64/zulu-jre11.0.4/lib/libosxui.dylib
0x00007fffcff32000 	/System/Library/PrivateFrameworks/iLifeMediaBrowser.framework/Versions/A/iLifeMediaBrowser
0x00007fffb8b30000 	/System/Library/Frameworks/AVKit.framework/Versions/A/AVKit
0x00007fffcb8d3000 	/System/Library/PrivateFrameworks/MediaRemote.framework/Versions/A/MediaRemote
0x00007fffcba34000 	/System/Library/PrivateFrameworks/MediaServices.framework/Versions/A/MediaServices


VM Arguments:
jvm_args: -Xmx2048M -Xss2M -XX:ErrorFile=/dev/null 
java_command: <unknown>
java_class_path (initial): /Applications/Stata/utilities/jar/aspose-words-18.11-jdk16.jar:/Applications/Stata/utilities/jar/libdeps-core.jar:/Applications/Stata/utilities/jar/libstata-core.jar:/Applications/Stata/utilities/jar/sfi-api.jar:
Launcher Type: generic

[Global flags]
     intx CICompilerCount                          = 3                                         {product} {ergonomic}
     uint ConcGCThreads                            = 1                                         {product} {ergonomic}
    ccstr ErrorFile                                = /dev/null                                 {product} {command line}
     uint G1ConcRefinementThreads                  = 4                                         {product} {ergonomic}
   size_t G1HeapRegionSize                         = 1048576                                   {product} {ergonomic}
    uintx GCDrainStackTargetSize                   = 64                                        {product} {ergonomic}
   size_t InitialHeapSize                          = 134217728                                 {product} {ergonomic}
   size_t MarkStackSize                            = 4194304                                   {product} {ergonomic}
   size_t MaxHeapSize                              = 2147483648                                {product} {command line}
   size_t MaxNewSize                               = 1287651328                                {product} {ergonomic}
   size_t MinHeapDeltaBytes                        = 1048576                                   {product} {ergonomic}
    uintx NonNMethodCodeHeapSize                   = 5830092                                {pd product} {ergonomic}
    uintx NonProfiledCodeHeapSize                  = 122914074                              {pd product} {ergonomic}
    uintx ProfiledCodeHeapSize                     = 122914074                              {pd product} {ergonomic}
    uintx ReservedCodeCacheSize                    = 251658240                              {pd product} {ergonomic}
     bool SegmentedCodeCache                       = true                                      {product} {ergonomic}
     intx ThreadStackSize                          = 2048                                   {pd product} {command line}
     bool UseCompressedClassPointers               = true                                 {lp64_product} {ergonomic}
     bool UseCompressedOops                        = true                                 {lp64_product} {ergonomic}
     bool UseG1GC                                  = true                                      {product} {ergonomic}

Logging:
Log output configuration:
 #0: stdout all=warning uptime,level,tags
 #1: stderr all=off uptime,level,tags

Environment Variables:
PATH=/usr/bin:/bin:/usr/sbin:/sbin:/Applications/Stata/utilities/java/macosx-x64/zulu-jre11.0.4/bin
SHELL=/bin/bash

Signal Handlers:
SIGSEGV: [libjvm.dylib+0x77e064], sa_mask[0]=11111111011111110111111111111111, sa_flags=SA_ONSTACK|SA_RESTART|SA_SIGINFO
SIGBUS: [libjvm.dylib+0x77e064], sa_mask[0]=11111111011111110111111111111111, sa_flags=SA_RESTART|SA_SIGINFO
SIGFPE: [libjvm.dylib+0x77e064], sa_mask[0]=11111111011111110111111111111111, sa_flags=SA_RESTART|SA_SIGINFO
SIGPIPE: [libjvm.dylib+0x617f92], sa_mask[0]=11111111011111110111111111111111, sa_flags=SA_RESTART|SA_SIGINFO
SIGXFSZ: [libjvm.dylib+0x617f92], sa_mask[0]=11111111011111110111111111111111, sa_flags=SA_RESTART|SA_SIGINFO
SIGILL: [libjvm.dylib+0x77e064], sa_mask[0]=11111111011111110111111111111111, sa_flags=SA_RESTART|SA_SIGINFO
SIGUSR2: [libjvm.dylib+0x6185a2], sa_mask[0]=11100000000001110111111111011111, sa_flags=SA_RESTART|SA_SIGINFO
SIGHUP: [libjvm.dylib+0x617009], sa_mask[0]=11111111011111110111111111111111, sa_flags=SA_RESTART|SA_SIGINFO
SIGINT: [libjvm.dylib+0x617009], sa_mask[0]=11111111011111110111111111111111, sa_flags=SA_RESTART|SA_SIGINFO
SIGTERM: [libjvm.dylib+0x617009], sa_mask[0]=11111111011111110111111111111111, sa_flags=SA_RESTART|SA_SIGINFO
SIGQUIT: [libjvm.dylib+0x617009], sa_mask[0]=11111111011111110111111111111111, sa_flags=SA_RESTART|SA_SIGINFO


---------------  S Y S T E M  ---------------

OS:uname:Darwin 16.7.0 Darwin Kernel Version 16.7.0: Thu Jun 15 17:36:27 PDT 2017; root:xnu-3789.70.16~2/RELEASE_X86_64 x86_64
rlimit: STACK 8192k, CORE 0k, NPROC 709, NOFILE 10240, AS infinity, DATA infinity, FSIZE infinity
load average:1.11 1.36 1.42

CPU:total 4 (initial active 4) (2 cores per cpu, 2 threads per core) family 6 model 61 stepping 4, cmov, cx8, fxsr, mmx, sse, sse2, sse3, ssse3, sse4.1, sse4.2, popcnt, avx, avx2, aes, clmul, erms, 3dnowpref, lzcnt, ht, tsc, tscinvbit, bmi1, bmi2, adx, fma

Memory: 4k page, physical 8388608k(215168k free)

vm_info: OpenJDK 64-Bit Server VM (11.0.4+11-LTS) for bsd-amd64 JRE (Zulu11.33+15-CA) (11.0.4+11-LTS), built on Jul 11 2019 11:30:37 by "zulu_re" with gcc 4.2.1 Compatible Apple LLVM 6.1.0 (clang-602.0.53)

END.
