C15.10 Part i


      Source |       SS           df       MS      Number of obs   =     1,230
-------------+----------------------------------   F(1, 1228)      =    236.62
       Model |  69.9901106         1  69.9901106   Prob > F        =    0.0000
    Residual |  363.229151     1,228  .295789211   R-squared       =    0.1616
-------------+----------------------------------   Adj R-squared   =    0.1609
       Total |  433.219262     1,229  .352497365   Root MSE        =    .54387

------------------------------------------------------------------------------
       lwage |      Coef.   Std. Err.      t    P>|t|     [95% Conf. Interval]
-------------+----------------------------------------------------------------
        educ |   .1013613   .0065894    15.38   0.000     .0884336     .114289
       _cons |   1.092319   .0872969    12.51   0.000     .9210517    1.263587
------------------------------------------------------------------------------

C15.10 Part ii


      Source |       SS           df       MS      Number of obs   =     1,230
-------------+----------------------------------   F(1, 1228)      =      0.35
       Model |  1.94372373         1  1.94372373   Prob > F        =    0.5540
    Residual |  6810.33595     1,228  5.54587618   R-squared       =    0.0003
-------------+----------------------------------   Adj R-squared   =   -0.0005
       Total |  6812.27967     1,229  5.54294522   Root MSE        =     2.355

------------------------------------------------------------------------------
        educ |      Coef.   Std. Err.      t    P>|t|     [95% Conf. Interval]
-------------+----------------------------------------------------------------
       ctuit |  -.0494466   .0835227    -0.59   0.554    -.2133096    .1144163
       _cons |   13.03836   .0671676   194.12   0.000     12.90658    13.17014
------------------------------------------------------------------------------

C15.10 Part iii


      Source |       SS           df       MS      Number of obs   =     1,230
-------------+----------------------------------   F(11, 1218)     =     30.98
       Model |  94.7057146        11  8.60961042   Prob > F        =    0.0000
    Residual |  338.513547     1,218  .277925737   R-squared       =    0.2186
-------------+----------------------------------   Adj R-squared   =    0.2116
       Total |  433.219262     1,229  .352497365   Root MSE        =    .52719

------------------------------------------------------------------------------
       lwage |      Coef.   Std. Err.      t    P>|t|     [95% Conf. Interval]
-------------+----------------------------------------------------------------
        educ |   .1371483   .0090851    15.10   0.000     .1193241    .1549726
       exper |   .1123554   .0266464     4.22   0.000     .0600774    .1646333
     expersq |  -.0030404   .0011932    -2.55   0.011    -.0053814   -.0006995
          ne |  -.0168028   .0859953    -0.20   0.845    -.1855182    .1519127
          nc |  -.0174304   .0712318    -0.24   0.807    -.1571811    .1223202
        west |   .0175429   .0807343     0.22   0.828    -.1408507    .1759366
        ne18 |   .1563607   .0866107     1.81   0.071     -.013562    .3262834
        nc18 |   .0113699    .072661     0.16   0.876    -.1311848    .1539245
      west18 |   -.029576   .0863065    -0.34   0.732    -.1989019      .13975
       urban |   .2046369   .0416492     4.91   0.000     .1229247    .2863491
     urban18 |   .1260197   .0487512     2.58   0.010      .030374    .2216654
       _cons |  -.5074853   .2411554    -2.10   0.036    -.9806113   -.0343593
------------------------------------------------------------------------------

C15.10 Part iv


      Source |       SS           df       MS      Number of obs   =     1,230
-------------+----------------------------------   F(11, 1218)     =    114.70
       Model |  3466.18473        11  315.107703   Prob > F        =    0.0000
    Residual |  3346.09494     1,218  2.74720439   R-squared       =    0.5088
-------------+----------------------------------   Adj R-squared   =    0.5044
       Total |  6812.27967     1,229  5.54294522   Root MSE        =    1.6575

------------------------------------------------------------------------------
        educ |      Coef.   Std. Err.      t    P>|t|     [95% Conf. Interval]
-------------+----------------------------------------------------------------
       ctuit |  -.1652227   .0596316    -2.77   0.006    -.2822147   -.0482307
       exper |   -.873831   .0802465   -10.89   0.000    -1.031268   -.7163944
     expersq |   .0156522   .0037307     4.20   0.000     .0083329    .0229715
          ne |  -.3745971   .2703434    -1.39   0.166    -.9049874    .1557932
          nc |  -.1415143   .2243245    -0.63   0.528    -.5816196     .298591
        west |   .6220028   .2532315     2.46   0.014     .1251846    1.118821
        ne18 |    .653344   .2723549     2.40   0.017     .1190072    1.187681
        nc18 |   .2322316   .2291212     1.01   0.311    -.2172844    .6817476
      west18 |  -.4480626   .2711292    -1.65   0.099    -.9799946    .0838695
       urban |  -.0769929   .1309907    -0.59   0.557    -.3339853    .1799995
     urban18 |  -.9885221   .1506611    -6.56   0.000    -1.284106   -.6929382
       _cons |   21.24249   .4594911    46.23   0.000     20.34101    22.14397
------------------------------------------------------------------------------

C15.10 Part iv


      Source |       SS           df       MS      Number of obs   =     1,230
-------------+----------------------------------   F(11, 1218)     =      9.04
       Model |   32.688307        11  2.97166428   Prob > F        =    0.0000
    Residual |  400.530955     1,218  .328843149   R-squared       =    0.0755
-------------+----------------------------------   Adj R-squared   =    0.0671
       Total |  433.219262     1,229  .352497365   Root MSE        =    .57345

------------------------------------------------------------------------------
       lwage |      Coef.   Std. Err.      t    P>|t|     [95% Conf. Interval]
-------------+----------------------------------------------------------------
       ctuit |   -.041307   .0206312    -2.00   0.045    -.0817837   -.0008303
       exper |  -.0090405   .0277635    -0.33   0.745    -.0635102    .0454292
     expersq |  -.0008377   .0012907    -0.65   0.516    -.0033701    .0016946
          ne |  -.0647494   .0935329    -0.69   0.489     -.248253    .1187541
          nc |  -.0324902   .0776114    -0.42   0.676    -.1847571    .1197767
        west |   .1011802   .0876126     1.15   0.248    -.0707081    .2730686
        ne18 |   .2393969   .0942289     2.54   0.011     .0545279    .4242659
        nc18 |   .0371572    .079271     0.47   0.639    -.1183656      .19268
      west18 |  -.0885637   .0938048    -0.94   0.345    -.2726007    .0954733
       urban |   .1954213   .0453199     4.31   0.000     .1065075    .2843351
     urban18 |  -.0097561   .0521255    -0.19   0.852    -.1120217    .0925096
       _cons |   2.416565    .158974    15.20   0.000     2.104672    2.728458
------------------------------------------------------------------------------

. 
end of do-file

. exit
