C15.3 Part ii


      Source |       SS           df       MS      Number of obs   =     2,061
-------------+----------------------------------   F(1, 2059)      =     12.13
       Model |  2869.62905         1  2869.62905   Prob > F        =    0.0005
    Residual |  487188.423     2,059  236.614096   R-squared       =    0.0059
-------------+----------------------------------   Adj R-squared   =    0.0054
       Total |  490058.052     2,060  237.892258   Root MSE        =    15.382

------------------------------------------------------------------------------
          IQ |      Coef.   Std. Err.      t    P>|t|     [95% Conf. Interval]
-------------+----------------------------------------------------------------
      nearc4 |     2.5962   .7454966     3.48   0.001     1.134195    4.058206
       _cons |   100.6106   .6274557   160.35   0.000     99.38014    101.8412
------------------------------------------------------------------------------

C15.3 Part iii


      Source |       SS           df       MS      Number of obs   =     2,061
-------------+----------------------------------   F(10, 2050)     =     13.70
       Model |  30699.1017        10  3069.91017   Prob > F        =    0.0000
    Residual |  459358.951     2,050  224.077537   R-squared       =    0.0626
-------------+----------------------------------   Adj R-squared   =    0.0581
       Total |  490058.052     2,060  237.892258   Root MSE        =    14.969

------------------------------------------------------------------------------
          IQ |      Coef.   Std. Err.      t    P>|t|     [95% Conf. Interval]
-------------+----------------------------------------------------------------
      nearc4 |   .3478974   .8144087     0.43   0.669    -1.249257    1.945052
      smsa66 |   1.089165   .8086998     1.35   0.178    -.4967934    2.675124
      reg662 |   1.099282   1.649748     0.67   0.505    -2.136074    4.334639
      reg663 |  -1.559295   1.622997    -0.96   0.337    -4.742191      1.6236
      reg664 |  -.5425011   1.916258    -0.28   0.777    -4.300517    3.215515
      reg665 |   -8.47546   1.665513    -5.09   0.000    -11.74173   -5.209185
      reg666 |  -7.421172   1.973869    -3.76   0.000    -11.29217   -3.550175
      reg667 |   -8.39441   1.829768    -4.59   0.000    -11.98281   -4.806013
      reg668 |  -2.924975    2.34463    -1.25   0.212     -7.52308     1.67313
      reg669 |  -2.891917   1.797382    -1.61   0.108    -6.416801    .6329674
       _cons |   104.7735   1.624972    64.48   0.000     101.5867    107.9602
------------------------------------------------------------------------------

. 
end of do-file

. do "/Users/scott/Desktop/UNLV/ECO 772/C15_5.do"

. qui {
