C15.5 Part i


      Source |       SS           df       MS      Number of obs   =     3,010
-------------+----------------------------------   F(15, 2994)     =    182.13
       Model |  10287.6179        15  685.841194   Prob > F        =    0.0000
    Residual |  11274.4622     2,994  3.76568542   R-squared       =    0.4771
-------------+----------------------------------   Adj R-squared   =    0.4745
       Total |  21562.0801     3,009  7.16586243   Root MSE        =    1.9405

------------------------------------------------------------------------------
        educ |      Coef.   Std. Err.      t    P>|t|     [95% Conf. Interval]
-------------+----------------------------------------------------------------
      nearc4 |   .3198989   .0878638     3.64   0.000     .1476194    .4921785
       exper |  -.4125334   .0336996   -12.24   0.000    -.4786101   -.3464566
     expersq |   .0008686   .0016504     0.53   0.599    -.0023674    .0041046
       black |  -.9355287   .0937348    -9.98   0.000     -1.11932   -.7517377
        smsa |   .4021825   .1048112     3.84   0.000     .1966732    .6076918
       south |  -.0516126   .1354284    -0.38   0.703    -.3171548    .2139296
      smsa66 |   .0254805   .1057692     0.24   0.810    -.1819071    .2328682
      reg662 |  -.0786363   .1871154    -0.42   0.674    -.4455241    .2882514
      reg663 |   -.027939   .1833745    -0.15   0.879    -.3874918    .3316139
      reg664 |    .117182   .2172531     0.54   0.590    -.3087984    .5431624
      reg665 |  -.2726165   .2184204    -1.25   0.212    -.7008858    .1556528
      reg666 |  -.3028147   .2370712    -1.28   0.202    -.7676536    .1620242
      reg667 |  -.2168177   .2343879    -0.93   0.355    -.6763953    .2427598
      reg668 |   .5238914   .2674749     1.96   0.050    -.0005618    1.048344
      reg669 |    .210271   .2024568     1.04   0.299    -.1866975    .6072395
       _cons |   16.63825   .2406297    69.14   0.000     16.16644    17.11007
------------------------------------------------------------------------------

C15.5 Part ii


      Source |       SS           df       MS      Number of obs   =     3,010
-------------+----------------------------------   F(16, 2993)     =    170.99
       Model |  10297.1164        16  643.569774   Prob > F        =    0.0000
    Residual |  11264.9637     2,993  3.76377002   R-squared       =    0.4776
-------------+----------------------------------   Adj R-squared   =    0.4748
       Total |  21562.0801     3,009  7.16586243   Root MSE        =      1.94

------------------------------------------------------------------------------
        educ |      Coef.   Std. Err.      t    P>|t|     [95% Conf. Interval]
-------------+----------------------------------------------------------------
      nearc2 |   .1229986   .0774256     1.59   0.112    -.0288142    .2748114
      nearc4 |   .3205819   .0878425     3.65   0.000      .148344    .4928197
       exper |  -.4122915   .0336914   -12.24   0.000    -.4783521   -.3462309
     expersq |   .0008479     .00165     0.51   0.607    -.0023874    .0040832
       black |  -.9451729   .0939073   -10.06   0.000    -1.129302   -.7610434
        smsa |   .4013708   .1047858     3.83   0.000     .1959113    .6068303
       south |  -.0419115   .1355316    -0.31   0.757    -.3076561    .2238331
      smsa66 |   .0000782   .1069445     0.00   0.999    -.2096139    .2097704
      reg662 |  -.1002481   .1875618    -0.53   0.593    -.4680113    .2675151
      reg663 |  -.0214286   .1833737    -0.12   0.907    -.3809798    .3381226
      reg664 |   .1310678   .2173736     0.60   0.547     -.295149    .5572847
      reg665 |  -.2683558   .2183813    -1.23   0.219    -.6965485    .1598369
      reg666 |  -.3334436   .2377938    -1.40   0.161    -.7996995    .1328123
      reg667 |  -.2087488   .2343833    -0.89   0.373    -.6683174    .2508198
      reg668 |   .5507871   .2679423     2.06   0.040     .0254175    1.076157
      reg669 |   .1687829   .2040832     0.83   0.408    -.2313747    .5689405
       _cons |   16.60428   .2415174    68.75   0.000     16.13072    17.07783
------------------------------------------------------------------------------

. 
end of do-file

. do "/var/folders/b6/8f9_0lbn2sg_5kwd90dd61bc0000gn/T//SD06299.000000"

. qui {
