C15.8 Part i


      Source |       SS           df       MS      Number of obs   =     9,275
-------------+----------------------------------   F(5, 9269)      =    406.85
       Model |  316.571003         5  63.3142007   Prob > F        =    0.0000
    Residual |  1442.44183     9,269  .155620005   R-squared       =    0.1800
-------------+----------------------------------   Adj R-squared   =    0.1795
       Total |  1759.01283     9,274  .189671429   Root MSE        =    .39449

------------------------------------------------------------------------------
        pira |      Coef.   Std. Err.      t    P>|t|     [95% Conf. Interval]
-------------+----------------------------------------------------------------
       p401k |   .0536598   .0095713     5.61   0.000     .0348978    .0724217
         inc |   .0086788    .000511    16.98   0.000     .0076771    .0096806
       incsq |  -.0000228   4.03e-06    -5.65   0.000    -.0000307   -.0000149
         age |  -.0015936   .0033302    -0.48   0.632    -.0081216    .0049343
       agesq |   .0001173   .0000382     3.07   0.002     .0000424    .0001922
       _cons |  -.1977236   .0686446    -2.88   0.004     -.332282   -.0631651
------------------------------------------------------------------------------

C15.8 Part iv


      Source |       SS           df       MS      Number of obs   =     9,275
-------------+----------------------------------   F(5, 9269)      =   2738.42
       Model |  1105.75506         5  221.151013   Prob > F        =    0.0000
    Residual |  748.552862     9,269  .080758751   R-squared       =    0.5963
-------------+----------------------------------   Adj R-squared   =    0.5961
       Total |  1854.30792     9,274   .19994694   Root MSE        =    .28418

------------------------------------------------------------------------------
       p401k |      Coef.   Std. Err.      t    P>|t|     [95% Conf. Interval]
-------------+----------------------------------------------------------------
       e401k |   .6888454   .0063506   108.47   0.000     .6763968    .7012941
         inc |   .0011117   .0003706     3.00   0.003     .0003853    .0018381
       incsq |   1.84e-06   2.92e-06     0.63   0.528    -3.88e-06    7.56e-06
         age |  -.0047205   .0024031    -1.96   0.050    -.0094312   -9.87e-06
       agesq |    .000052   .0000276     1.89   0.059    -2.04e-06    .0001061
       _cons |   .0591493   .0495148     1.19   0.232    -.0379107    .1562093
------------------------------------------------------------------------------

. 
end of do-file

. do "/var/folders/b6/8f9_0lbn2sg_5kwd90dd61bc0000gn/T//SD06299.000000"

. qui {
