C15.9 Part i


      Source |       SS           df       MS      Number of obs   =       935
-------------+----------------------------------   F(4, 930)       =     51.45
       Model |  30.0157792         4   7.5039448   Prob > F        =    0.0000
    Residual |  135.640504       930  .145850004   R-squared       =    0.1812
-------------+----------------------------------   Adj R-squared   =    0.1777
       Total |  165.656283       934  .177362188   Root MSE        =     .3819

------------------------------------------------------------------------------
       lwage |      Coef.   Std. Err.      t    P>|t|     [95% Conf. Interval]
-------------+----------------------------------------------------------------
        educ |   .0689709   .0065053    10.60   0.000     .0562041    .0817378
       exper |   .0151864    .003319     4.58   0.000     .0086727    .0217001
      tenure |   .0122426   .0025568     4.79   0.000     .0072249    .0172604
       black |   -.207368   .0381005    -5.44   0.000    -.2821408   -.1325951
       _cons |    5.61251   .1109275    50.60   0.000     5.394813    5.830207
------------------------------------------------------------------------------

C15.9 Part ii


      Source |       SS           df       MS      Number of obs   =       935
-------------+----------------------------------   F(4, 930)       =     83.48
       Model |  1190.65488         4   297.66372   Prob > F        =    0.0000
    Residual |  3316.16437       930  3.56576814   R-squared       =    0.2642
-------------+----------------------------------   Adj R-squared   =    0.2610
       Total |  4506.81925       934  4.82528828   Root MSE        =    1.8883

------------------------------------------------------------------------------
        educ |      Coef.   Std. Err.      t    P>|t|     [95% Conf. Interval]
-------------+----------------------------------------------------------------
        sibs |  -.1703301   .0281815    -6.04   0.000    -.2256368   -.1150233
       exper |  -.2276516   .0146296   -15.56   0.000    -.2563625   -.1989407
      tenure |   .0259141   .0126151     2.05   0.040     .0011568    .0506715
       black |  -.6226722   .1946812    -3.20   0.001    -1.004738   -.2406069
       _cons |   16.49435   .1951037    84.54   0.000     16.11145    16.87724
------------------------------------------------------------------------------

      Source |       SS           df       MS      Number of obs   =       935
-------------+----------------------------------   F(4, 930)       =     51.45
       Model |  30.0157792         4   7.5039448   Prob > F        =    0.0000
    Residual |  135.640504       930  .145850004   R-squared       =    0.1812
-------------+----------------------------------   Adj R-squared   =    0.1777
       Total |  165.656283       934  .177362188   Root MSE        =     .3819

------------------------------------------------------------------------------
       lwage |      Coef.   Std. Err.      t    P>|t|     [95% Conf. Interval]
-------------+----------------------------------------------------------------
        educ |   .0689709   .0065053    10.60   0.000     .0562041    .0817378
       exper |   .0151864    .003319     4.58   0.000     .0086727    .0217001
      tenure |   .0122426   .0025568     4.79   0.000     .0072249    .0172604
       black |   -.207368   .0381005    -5.44   0.000    -.2821408   -.1325951
       _cons |    5.61251   .1109275    50.60   0.000     5.394813    5.830207
------------------------------------------------------------------------------

C15.9 Part iii


      Source |       SS           df       MS      Number of obs   =       935
-------------+----------------------------------   F(1, 933)       =     56.67
       Model |  258.055048         1  258.055048   Prob > F        =    0.0000
    Residual |   4248.7642       933  4.55387374   R-squared       =    0.0573
-------------+----------------------------------   Adj R-squared   =    0.0562
       Total |  4506.81925       934  4.82528828   Root MSE        =     2.134

------------------------------------------------------------------------------
        educ |      Coef.   Std. Err.      t    P>|t|     [95% Conf. Interval]
-------------+----------------------------------------------------------------
        sibs |  -.2279164   .0302768    -7.53   0.000     -.287335   -.1684979
       _cons |   14.13879   .1131382   124.97   0.000     13.91676    14.36083
------------------------------------------------------------------------------

      Source |       SS           df       MS      Number of obs   =       935
-------------+----------------------------------   F(4, 930)       =     51.45
       Model |  30.0157792         4   7.5039448   Prob > F        =    0.0000
    Residual |  135.640504       930  .145850004   R-squared       =    0.1812
-------------+----------------------------------   Adj R-squared   =    0.1777
       Total |  165.656283       934  .177362188   Root MSE        =     .3819

------------------------------------------------------------------------------
       lwage |      Coef.   Std. Err.      t    P>|t|     [95% Conf. Interval]
-------------+----------------------------------------------------------------
        educ |   .0689709   .0065053    10.60   0.000     .0562041    .0817378
       exper |   .0151864    .003319     4.58   0.000     .0086727    .0217001
      tenure |   .0122426   .0025568     4.79   0.000     .0072249    .0172604
       black |   -.207368   .0381005    -5.44   0.000    -.2821408   -.1325951
       _cons |    5.61251   .1109275    50.60   0.000     5.394813    5.830207
------------------------------------------------------------------------------

. 
end of do-file

. do "/var/folders/b6/8f9_0lbn2sg_5kwd90dd61bc0000gn/T//SD06299.000000"

. qui {
