---------------------------------------------------------------------------------------------
      name:  <unnamed>
       log:  /Users/scott/Desktop/UNLV/ECO 772/PS4/ps4_14_2.log
  log type:  text
 opened on:   8 May 2021, 01:43:55

. 
. use CRIME4.dta, clear

. 
. **Problem C14.2**
. 
. 
. ** question (i) **
. 
. reg lcrmrte d82 d83 d84 d85 d86 d87 lprbarr lprbconv lprbpris lavgsen lpolpc

      Source |       SS           df       MS      Number of obs   =       630
-------------+----------------------------------   F(11, 618)      =     74.49
       Model |  117.644669        11  10.6949699   Prob > F        =    0.0000
    Residual |   88.735673       618  .143585231   R-squared       =    0.5700
-------------+----------------------------------   Adj R-squared   =    0.5624
       Total |  206.380342       629  .328108652   Root MSE        =    .37893

------------------------------------------------------------------------------
     lcrmrte |      Coef.   Std. Err.      t    P>|t|     [95% Conf. Interval]
-------------+----------------------------------------------------------------
         d82 |   .0051371    .057931     0.09   0.929    -.1086284    .1189026
         d83 |   -.043503   .0576243    -0.75   0.451    -.1566662    .0696601
         d84 |  -.1087542    .057923    -1.88   0.061     -.222504    .0049957
         d85 |  -.0780454   .0583244    -1.34   0.181    -.1925835    .0364928
         d86 |  -.0420791   .0578218    -0.73   0.467      -.15563    .0714719
         d87 |  -.0270426    .056899    -0.48   0.635    -.1387815    .0846963
     lprbarr |  -.7195033   .0367657   -19.57   0.000    -.7917042   -.6473024
    lprbconv |  -.5456589   .0263683   -20.69   0.000    -.5974413   -.4938765
    lprbpris |   .2475521   .0672268     3.68   0.000     .1155314    .3795728
     lavgsen |  -.0867575   .0579205    -1.50   0.135    -.2005023    .0269872
      lpolpc |   .3659886   .0300252    12.19   0.000     .3070248    .4249525
       _cons |  -2.082293   .2516253    -8.28   0.000    -2.576438   -1.588149
------------------------------------------------------------------------------

. 
. ** question (ii) **
. 
. reg lcrmrte d82 d83 d84 d85 d86 d87 lprbarr lprbconv lprbpris lavgsen lpolpc lwcon lwfed lw
> fir lwloc lwmfg lwser lwsta lwtrd lwtuc

      Source |       SS           df       MS      Number of obs   =       630
-------------+----------------------------------   F(20, 609)      =     53.21
       Model |  131.263722        20  6.56318608   Prob > F        =    0.0000
    Residual |  75.1166208       609  .123344205   R-squared       =    0.6360
-------------+----------------------------------   Adj R-squared   =    0.6241
       Total |  206.380342       629  .328108652   Root MSE        =     .3512

------------------------------------------------------------------------------
     lcrmrte |      Coef.   Std. Err.      t    P>|t|     [95% Conf. Interval]
-------------+----------------------------------------------------------------
         d82 |  -.0390212   .0559585    -0.70   0.486    -.1489163    .0708739
         d83 |  -.1275958   .0608094    -2.10   0.036    -.2470173   -.0081743
         d84 |  -.2603191   .0618731    -4.21   0.000    -.3818297   -.1388085
         d85 |  -.3062785   .0715856    -4.28   0.000    -.4468631   -.1656939
         d86 |  -.2998176   .0809469    -3.70   0.000    -.4587866   -.1408486
         d87 |  -.3194357    .088868    -3.59   0.000    -.4939605   -.1449108
     lprbarr |  -.6334392   .0368454   -17.19   0.000    -.7057987   -.5610797
    lprbconv |  -.4877056   .0260732   -18.71   0.000    -.5389099   -.4365012
    lprbpris |   .1173069   .0644668     1.82   0.069    -.0092973    .2439111
     lavgsen |  -.1115354   .0549322    -2.03   0.043    -.2194149   -.0036559
      lpolpc |   .3243688   .0296765    10.93   0.000     .2660881    .3826494
       lwcon |   .0211094   .0748614     0.28   0.778    -.1259084    .1681273
       lwfed |   .8199506   .1407089     5.83   0.000     .5436169    1.096284
       lwfir |    .039786   .0619387     0.64   0.521    -.0818533    .1614253
       lwloc |   .4948407   .1877464     2.64   0.009     .1261316    .8635497
       lwmfg |  -.1439799   .0717564    -2.01   0.045    -.2848998   -.0030599
       lwser |  -.0063582   .0430349    -0.15   0.883     -.090873    .0781566
       lwsta |  -.1805446     .12204    -1.48   0.140    -.4202148    .0591257
       lwtrd |   .2263001   .0836842     2.70   0.007     .0619556    .3906447
       lwtuc |  -.0530115   .0430036    -1.23   0.218    -.1374649    .0314418
       _cons |  -9.104605   1.094813    -8.32   0.000    -11.25467   -6.954539
------------------------------------------------------------------------------

. 
. ** question (iii) **
. 
. 
. ** question (iv) **
. 
. 
. 
. log cl
      name:  <unnamed>
       log:  /Users/scott/Desktop/UNLV/ECO 772/PS4/ps4_14_2.log
  log type:  text
 closed on:   8 May 2021, 01:43:57
---------------------------------------------------------------------------------------------
