---------------------------------------------------------------------------------------------
      name:  <unnamed>
       log:  /Users/scott/Desktop/UNLV/ECO 772/PS4/ps4_14_4.log
  log type:  text
 opened on:   8 May 2021, 02:01:47

. 
. use EZUNEM.dta, clear

. 
. **Problem C14.4**
. 
. 
. ** question (i) **
. 
. 
. 
. ** question (ii) **
. 
. reg luclms cez ez

      Source |       SS           df       MS      Number of obs   =       176
-------------+----------------------------------   F(2, 173)       =      6.68
       Model |  6.30678232         2  3.15339116   Prob > F        =    0.0016
    Residual |  81.7236738       173  .472391178   R-squared       =    0.0716
-------------+----------------------------------   Adj R-squared   =    0.0609
       Total |  88.0304561       175  .503031178   Root MSE        =    .68731

------------------------------------------------------------------------------
      luclms |      Coef.   Std. Err.      t    P>|t|     [95% Conf. Interval]
-------------+----------------------------------------------------------------
         cez |   .3008274    .245685     1.22   0.222    -.1840985    .7857533
          ez |  -.4713199    .129444    -3.64   0.000    -.7268128    -.215827
       _cons |   11.23392   .0602808   186.36   0.000     11.11494    11.35291
------------------------------------------------------------------------------

. 
. ** question (iii) **
. 
. reg luclms cez ez d81 d82 d83 d84 d85 d86 d87 d88
note: d82 omitted because of collinearity

      Source |       SS           df       MS      Number of obs   =       176
-------------+----------------------------------   F(9, 166)       =      9.20
       Model |  29.2964353         9  3.25515948   Prob > F        =    0.0000
    Residual |  58.7340208       166  .353819402   R-squared       =    0.3328
-------------+----------------------------------   Adj R-squared   =    0.2966
       Total |  88.0304561       175  .503031178   Root MSE        =    .59483

------------------------------------------------------------------------------
      luclms |      Coef.   Std. Err.      t    P>|t|     [95% Conf. Interval]
-------------+----------------------------------------------------------------
         cez |   .0244189   .2428372     0.10   0.920    -.4550286    .5038664
          ez |  -.0448131   .1311471    -0.34   0.733    -.3037444    .2141181
         d81 |  -.4571276   .1793472    -2.55   0.012    -.8112231   -.1030322
         d82 |          0  (omitted)
         d83 |  -.3547511   .1793472    -1.98   0.050    -.7088465   -.0006557
         d84 |  -.7375622   .1887798    -3.91   0.000    -1.110281   -.3648434
         d85 |   -.758814    .187701    -4.04   0.000    -1.129403    -.388225
         d86 |  -.7838522   .1889948    -4.15   0.000    -1.156995   -.4107088
         d87 |  -1.051536   .1889948    -5.56   0.000    -1.424679   -.6783927
         d88 |   -1.39022   .1889948    -7.36   0.000    -1.763364   -1.017077
       _cons |   11.82989   .1268176    93.28   0.000     11.57951    12.08027
------------------------------------------------------------------------------

. 
. 
. log cl
      name:  <unnamed>
       log:  /Users/scott/Desktop/UNLV/ECO 772/PS4/ps4_14_4.log
  log type:  text
 closed on:   8 May 2021, 02:01:48
---------------------------------------------------------------------------------------------
