---------------------------------------------------------------------------------------------
      name:  <unnamed>
       log:  /Users/scott/Desktop/UNLV/ECO 772/PS4/ps4_13_7.log
  log type:  text
 opened on:   8 May 2021, 01:02:48

. 
. use GPA3.dta, clear

. 
. **Problem C13.7**
. 
. 
. ** question (i) **
. 
. reg trmgpa spring sat hsperc female black white frstsem tothrs crsgpa season

      Source |       SS           df       MS      Number of obs   =       732
-------------+----------------------------------   F(10, 721)      =     65.91
       Model |  200.718099        10  20.0718099   Prob > F        =    0.0000
    Residual |  219.578857       721  .304547652   R-squared       =    0.4776
-------------+----------------------------------   Adj R-squared   =    0.4703
       Total |  420.296956       731  .574961636   Root MSE        =    .55186

------------------------------------------------------------------------------
      trmgpa |      Coef.   Std. Err.      t    P>|t|     [95% Conf. Interval]
-------------+----------------------------------------------------------------
      spring |  -.0580066   .0480368    -1.21   0.228    -.1523154    .0363021
         sat |   .0016984   .0001494    11.37   0.000     .0014051    .0019918
      hsperc |   -.008661   .0010363    -8.36   0.000    -.0106955   -.0066266
      female |   .3504013   .0518524     6.76   0.000     .2486016    .4522011
       black |  -.2541495   .1229216    -2.07   0.039    -.4954765   -.0128225
       white |  -.0233146   .1173954    -0.20   0.843    -.2537923    .2071631
     frstsem |  -.0346585   .0760345    -0.46   0.649    -.1839339    .1146169
      tothrs |  -.0003389   .0007267    -0.47   0.641    -.0017657    .0010878
      crsgpa |   1.047865   .1041144    10.06   0.000     .8434619    1.252269
      season |  -.0272904    .049046    -0.56   0.578    -.1235805    .0689997
       _cons |  -1.752847   .3479049    -5.04   0.000    -2.435875    -1.06982
------------------------------------------------------------------------------

. 
. ** question (ii) **
. 
. 
. ** question (iii) **
. 
. reg trmgpa spring frstsem tothrs crsgpa season

      Source |       SS           df       MS      Number of obs   =       732
-------------+----------------------------------   F(5, 726)       =     11.45
       Model |  30.7248146         5  6.14496292   Prob > F        =    0.0000
    Residual |  389.572141       726  .536600746   R-squared       =    0.0731
-------------+----------------------------------   Adj R-squared   =    0.0667
       Total |  420.296956       731  .574961636   Root MSE        =    .73253

------------------------------------------------------------------------------
      trmgpa |      Coef.   Std. Err.      t    P>|t|     [95% Conf. Interval]
-------------+----------------------------------------------------------------
      spring |   .0260754   .0631479     0.41   0.680    -.0978988    .1500496
     frstsem |   .0195156   .1005536     0.19   0.846     -.177895    .2169262
      tothrs |   -.000684    .000947    -0.72   0.470    -.0025432    .0011751
      crsgpa |     .92717   .1351761     6.86   0.000     .6617872    1.192553
      season |   .1373579   .0622482     2.21   0.028     .0151499    .2595659
       _cons |  -.3221548   .3719421    -0.87   0.387    -1.052365    .4080556
------------------------------------------------------------------------------

. 
. log cl
      name:  <unnamed>
       log:  /Users/scott/Desktop/UNLV/ECO 772/PS4/ps4_13_7.log
  log type:  text
 closed on:   8 May 2021, 01:02:49
---------------------------------------------------------------------------------------------
